info: Microsoft.AspNetCore.DataProtection.KeyManagement.XmlKeyManager[63]
      User profile is available. Using 'C:\Users\Ahmed El Gendy\AppData\Local\ASP.NET\DataProtection-Keys' as key repository and Windows DPAPI to encrypt keys at rest.
info: Microsoft.Hosting.Lifetime[14]
      Now listening on: http://127.0.0.1:46880
info: Microsoft.Hosting.Lifetime[0]
      Application started. Press Ctrl+C to shut down.
info: Microsoft.Hosting.Lifetime[0]
      Hosting environment: Development
info: Microsoft.Hosting.Lifetime[0]
      Content root path: D:\My Work\0We\We Pay Offers\We Pay Offer\WePay-Daily\WePayOffer.Portal\
info: Microsoft.AspNetCore.Hosting.Diagnostics[1]
      Request starting HTTP/1.1 GET http://localhost:44382/ - -
info: Microsoft.AspNetCore.Hosting.Diagnostics[1]
      Request starting HTTP/1.1 DEBUG http://localhost:55098/ - 0
info: Microsoft.AspNetCore.Hosting.Diagnostics[2]
      Request finished HTTP/1.1 DEBUG http://localhost:55098/ - 0 - 200 0 - 21.2575ms
info: Microsoft.AspNetCore.Routing.EndpointMiddleware[0]
      Executing endpoint 'WePayOffer.Portal.Controllers.AccountController.Login (WePayOffer.Portal)'
info: Microsoft.AspNetCore.Mvc.Infrastructure.ControllerActionInvoker[3]
      Route matched with {action = "Login", controller = "Account"}. Executing controller action with signature Microsoft.AspNetCore.Mvc.IActionResult Login() on controller WePayOffer.Portal.Controllers.AccountController (WePayOffer.Portal).
info: Microsoft.AspNetCore.Mvc.Infrastructure.ControllerActionInvoker[1]
      Executing action method WePayOffer.Portal.Controllers.AccountController.Login (WePayOffer.Portal) - Validation state: Valid
info: Microsoft.AspNetCore.Mvc.Infrastructure.ControllerActionInvoker[2]
      Executed action method WePayOffer.Portal.Controllers.AccountController.Login (WePayOffer.Portal), returned result Microsoft.AspNetCore.Mvc.ViewResult in 0.4149ms.
info: Microsoft.AspNetCore.Mvc.ViewFeatures.ViewResultExecutor[1]
      Executing ViewResult, running view Login.
info: Microsoft.EntityFrameworkCore.Infrastructure[10403]
      Entity Framework Core 6.0.9 initialized 'ApplicationContext' using provider 'Microsoft.EntityFrameworkCore.SqlServer:6.0.9' with options: None
info: Microsoft.AspNetCore.Mvc.ViewFeatures.ViewResultExecutor[4]
      Executed ViewResult - view Login executed in 816.6004ms.
info: Microsoft.AspNetCore.Mvc.Infrastructure.ControllerActionInvoker[2]
      Executed action WePayOffer.Portal.Controllers.AccountController.Login (WePayOffer.Portal) in 874.4366ms
info: Microsoft.AspNetCore.Routing.EndpointMiddleware[1]
      Executed endpoint 'WePayOffer.Portal.Controllers.AccountController.Login (WePayOffer.Portal)'
info: Microsoft.AspNetCore.Hosting.Diagnostics[2]
      Request finished HTTP/1.1 GET http://localhost:44382/ - - - 200 - text/html;+charset=utf-8 979.3482ms
info: Microsoft.AspNetCore.Hosting.Diagnostics[1]
      Request starting HTTP/1.1 GET http://localhost:44382/images/bg-login.svg - -
info: Microsoft.AspNetCore.Hosting.Diagnostics[2]
      Request finished HTTP/1.1 GET http://localhost:44382/images/bg-login.svg - - - 404 0 - 4.0654ms
info: Microsoft.AspNetCore.Hosting.Diagnostics[1]
      Request starting HTTP/1.1 GET http://localhost:44382/fonts/Poppins.woff - -
info: Microsoft.AspNetCore.Hosting.Diagnostics[2]
      Request finished HTTP/1.1 GET http://localhost:44382/fonts/Poppins.woff - - - 404 0 - 2.5377ms
info: Microsoft.AspNetCore.Hosting.Diagnostics[1]
      Request starting HTTP/1.1 GET http://localhost:44382/fonts/Poppins.ttf - -
info: Microsoft.AspNetCore.Hosting.Diagnostics[2]
      Request finished HTTP/1.1 GET http://localhost:44382/fonts/Poppins.ttf - - - 404 0 - 28.5306ms
info: Microsoft.AspNetCore.Hosting.Diagnostics[1]
      Request starting HTTP/1.1 POST http://localhost:44382/Home/Index application/x-www-form-urlencoded 182
info: Microsoft.AspNetCore.Routing.EndpointMiddleware[0]
      Executing endpoint 'WePayOffer.Portal.Controllers.HomeController.Index (WePayOffer.Portal)'
info: Microsoft.AspNetCore.Mvc.Infrastructure.ControllerActionInvoker[3]
      Route matched with {action = "Index", controller = "Home"}. Executing controller action with signature Microsoft.AspNetCore.Mvc.IActionResult Index() on controller WePayOffer.Portal.Controllers.HomeController (WePayOffer.Portal).
info: Microsoft.AspNetCore.Mvc.Infrastructure.ControllerActionInvoker[1]
      Executing action method WePayOffer.Portal.Controllers.HomeController.Index (WePayOffer.Portal) - Validation state: Valid
info: Microsoft.AspNetCore.Mvc.Infrastructure.ControllerActionInvoker[2]
      Executed action method WePayOffer.Portal.Controllers.HomeController.Index (WePayOffer.Portal), returned result Microsoft.AspNetCore.Mvc.ViewResult in 0.3031ms.
info: Microsoft.AspNetCore.Mvc.ViewFeatures.ViewResultExecutor[1]
      Executing ViewResult, running view Index.
info: Microsoft.EntityFrameworkCore.Infrastructure[10403]
      Entity Framework Core 6.0.9 initialized 'ApplicationContext' using provider 'Microsoft.EntityFrameworkCore.SqlServer:6.0.9' with options: None
Security Warning: The negotiated TLS 1.0 is an insecure protocol and is supported for backward compatibility only. The recommended protocol version is TLS 1.2 and later.
info: Microsoft.EntityFrameworkCore.Database.Command[20101]
      Executed DbCommand (40ms) [Parameters=[], CommandType='Text', CommandTimeout='30']
      SELECT COUNT(*)
      FROM [ServiceNumber] AS [s]
      WHERE [s].[StatusId] = 1
info: Microsoft.EntityFrameworkCore.Database.Command[20101]
      Executed DbCommand (6ms) [Parameters=[], CommandType='Text', CommandTimeout='30']
      SELECT COUNT(*)
      FROM [ServiceNumber] AS [s]
      WHERE [s].[StatusId] = 4
info: Microsoft.EntityFrameworkCore.Database.Command[20101]
      Executed DbCommand (0ms) [Parameters=[], CommandType='Text', CommandTimeout='30']
      SELECT COUNT(*)
      FROM [ServiceNumber] AS [s]
      WHERE [s].[StatusId] = 3
info: Microsoft.EntityFrameworkCore.Database.Command[20101]
      Executed DbCommand (0ms) [Parameters=[], CommandType='Text', CommandTimeout='30']
      SELECT COUNT(*)
      FROM [ServiceNumber] AS [s]
      WHERE [s].[StatusId] = 2
info: Microsoft.EntityFrameworkCore.Database.Command[20101]
      Executed DbCommand (3ms) [Parameters=[], CommandType='Text', CommandTimeout='30']
      SELECT COUNT(*)
      FROM [ServiceNumber] AS [s]
info: Microsoft.EntityFrameworkCore.Database.Command[20101]
      Executed DbCommand (2ms) [Parameters=[], CommandType='Text', CommandTimeout='30']
      SELECT [s].[Id], [s].[CreationDate], [s].[Number], [s].[OfferId], [s].[StatusId]
      FROM [ServiceNumber] AS [s]
info: Microsoft.EntityFrameworkCore.Database.Command[20101]
      Executed DbCommand (11ms) [Parameters=[], CommandType='Text', CommandTimeout='30']
      SELECT [s].[Id], [s].[CreationDate], [s].[Number], [s].[OfferId], [s].[StatusId]
      FROM [ServiceNumber] AS [s]
      WHERE (DATEPART(year, [s].[CreationDate]) = DATEPART(year, GETDATE())) AND (DATEPART(month, [s].[CreationDate]) = 1)
info: Microsoft.EntityFrameworkCore.Database.Command[20101]
      Executed DbCommand (11ms) [Parameters=[], CommandType='Text', CommandTimeout='30']
      SELECT [s].[Id], [s].[CreationDate], [s].[Number], [s].[OfferId], [s].[StatusId]
      FROM [ServiceNumber] AS [s]
      WHERE (DATEPART(year, [s].[CreationDate]) = DATEPART(year, GETDATE())) AND (DATEPART(month, [s].[CreationDate]) = 2)
info: Microsoft.EntityFrameworkCore.Database.Command[20101]
      Executed DbCommand (10ms) [Parameters=[], CommandType='Text', CommandTimeout='30']
      SELECT [s].[Id], [s].[CreationDate], [s].[Number], [s].[OfferId], [s].[StatusId]
      FROM [ServiceNumber] AS [s]
      WHERE (DATEPART(year, [s].[CreationDate]) = DATEPART(year, GETDATE())) AND (DATEPART(month, [s].[CreationDate]) = 3)
info: Microsoft.EntityFrameworkCore.Database.Command[20101]
      Executed DbCommand (10ms) [Parameters=[], CommandType='Text', CommandTimeout='30']
      SELECT [s].[Id], [s].[CreationDate], [s].[Number], [s].[OfferId], [s].[StatusId]
      FROM [ServiceNumber] AS [s]
      WHERE (DATEPART(year, [s].[CreationDate]) = DATEPART(year, GETDATE())) AND (DATEPART(month, [s].[CreationDate]) = 4)
info: Microsoft.EntityFrameworkCore.Database.Command[20101]
      Executed DbCommand (12ms) [Parameters=[], CommandType='Text', CommandTimeout='30']
      SELECT [s].[Id], [s].[CreationDate], [s].[Number], [s].[OfferId], [s].[StatusId]
      FROM [ServiceNumber] AS [s]
      WHERE (DATEPART(year, [s].[CreationDate]) = DATEPART(year, GETDATE())) AND (DATEPART(month, [s].[CreationDate]) = 5)
info: Microsoft.EntityFrameworkCore.Database.Command[20101]
      Executed DbCommand (10ms) [Parameters=[], CommandType='Text', CommandTimeout='30']
      SELECT [s].[Id], [s].[CreationDate], [s].[Number], [s].[OfferId], [s].[StatusId]
      FROM [ServiceNumber] AS [s]
      WHERE (DATEPART(year, [s].[CreationDate]) = DATEPART(year, GETDATE())) AND (DATEPART(month, [s].[CreationDate]) = 6)
info: Microsoft.EntityFrameworkCore.Database.Command[20101]
      Executed DbCommand (11ms) [Parameters=[], CommandType='Text', CommandTimeout='30']
      SELECT [s].[Id], [s].[CreationDate], [s].[Number], [s].[OfferId], [s].[StatusId]
      FROM [ServiceNumber] AS [s]
      WHERE (DATEPART(year, [s].[CreationDate]) = DATEPART(year, GETDATE())) AND (DATEPART(month, [s].[CreationDate]) = 7)
info: Microsoft.EntityFrameworkCore.Database.Command[20101]
      Executed DbCommand (12ms) [Parameters=[], CommandType='Text', CommandTimeout='30']
      SELECT [s].[Id], [s].[CreationDate], [s].[Number], [s].[OfferId], [s].[StatusId]
      FROM [ServiceNumber] AS [s]
      WHERE (DATEPART(year, [s].[CreationDate]) = DATEPART(year, GETDATE())) AND (DATEPART(month, [s].[CreationDate]) = 8)
info: Microsoft.EntityFrameworkCore.Database.Command[20101]
      Executed DbCommand (11ms) [Parameters=[], CommandType='Text', CommandTimeout='30']
      SELECT [s].[Id], [s].[CreationDate], [s].[Number], [s].[OfferId], [s].[StatusId]
      FROM [ServiceNumber] AS [s]
      WHERE (DATEPART(year, [s].[CreationDate]) = DATEPART(year, GETDATE())) AND (DATEPART(month, [s].[CreationDate]) = 9)
info: Microsoft.EntityFrameworkCore.Database.Command[20101]
      Executed DbCommand (10ms) [Parameters=[], CommandType='Text', CommandTimeout='30']
      SELECT [s].[Id], [s].[CreationDate], [s].[Number], [s].[OfferId], [s].[StatusId]
      FROM [ServiceNumber] AS [s]
      WHERE (DATEPART(year, [s].[CreationDate]) = DATEPART(year, GETDATE())) AND (DATEPART(month, [s].[CreationDate]) = 10)
info: Microsoft.EntityFrameworkCore.Database.Command[20101]
      Executed DbCommand (1ms) [Parameters=[], CommandType='Text', CommandTimeout='30']
      SELECT [s].[Id], [s].[CreationDate], [s].[Number], [s].[OfferId], [s].[StatusId]
      FROM [ServiceNumber] AS [s]
      WHERE (DATEPART(year, [s].[CreationDate]) = DATEPART(year, GETDATE())) AND (DATEPART(month, [s].[CreationDate]) = 11)
info: Microsoft.EntityFrameworkCore.Database.Command[20101]
      Executed DbCommand (10ms) [Parameters=[], CommandType='Text', CommandTimeout='30']
      SELECT [s].[Id], [s].[CreationDate], [s].[Number], [s].[OfferId], [s].[StatusId]
      FROM [ServiceNumber] AS [s]
      WHERE (DATEPART(year, [s].[CreationDate]) = DATEPART(year, GETDATE())) AND (DATEPART(month, [s].[CreationDate]) = 12)
info: Microsoft.AspNetCore.Mvc.ViewFeatures.ViewResultExecutor[4]
      Executed ViewResult - view Index executed in 1488.0949ms.
info: Microsoft.AspNetCore.Mvc.Infrastructure.ControllerActionInvoker[2]
      Executed action WePayOffer.Portal.Controllers.HomeController.Index (WePayOffer.Portal) in 1500.8015ms
info: Microsoft.AspNetCore.Routing.EndpointMiddleware[1]
      Executed endpoint 'WePayOffer.Portal.Controllers.HomeController.Index (WePayOffer.Portal)'
info: Microsoft.AspNetCore.Hosting.Diagnostics[2]
      Request finished HTTP/1.1 POST http://localhost:44382/Home/Index application/x-www-form-urlencoded 182 - 200 - text/html;+charset=utf-8 1511.8459ms
info: Microsoft.AspNetCore.Hosting.Diagnostics[1]
      Request starting HTTP/1.1 GET http://localhost:44382/assets/vendor/bootstrap/css/bootstrap.min.css.map - -
info: Microsoft.AspNetCore.Hosting.Diagnostics[1]
      Request starting HTTP/1.1 GET http://localhost:44382/_framework/aspnetcore-browser-refresh.js - -
info: Microsoft.AspNetCore.Hosting.Diagnostics[1]
      Request starting HTTP/1.1 GET http://localhost:44382/_vs/browserLink - -
info: Microsoft.AspNetCore.Hosting.Diagnostics[2]
      Request finished HTTP/1.1 GET http://localhost:44382/_framework/aspnetcore-browser-refresh.js - - - 200 12004 application/javascript;+charset=utf-8 6.6884ms
info: Microsoft.AspNetCore.StaticFiles.StaticFileMiddleware[2]
      Sending file. Request path: '/assets/vendor/bootstrap/css/bootstrap.min.css.map'. Physical path: 'D:\My Work\0We\We Pay Offers\We Pay Offer\WePay-Daily\WePayOffer.Portal\wwwroot\assets\vendor\bootstrap\css\bootstrap.min.css.map'
info: Microsoft.AspNetCore.Hosting.Diagnostics[2]
      Request finished HTTP/1.1 GET http://localhost:44382/_vs/browserLink - - - 200 - text/javascript;+charset=UTF-8 33.7199ms
info: Microsoft.AspNetCore.Hosting.Diagnostics[2]
      Request finished HTTP/1.1 GET http://localhost:44382/assets/vendor/bootstrap/css/bootstrap.min.css.map - - - 200 523491 text/plain 44.7006ms
info: Microsoft.AspNetCore.Hosting.Diagnostics[1]
      Request starting HTTP/1.1 GET http://localhost:44382/assets/vendor/bootstrap/js/bootstrap.bundle.min.js.map - -
info: Microsoft.AspNetCore.StaticFiles.StaticFileMiddleware[2]
      Sending file. Request path: '/assets/vendor/bootstrap/js/bootstrap.bundle.min.js.map'. Physical path: 'D:\My Work\0We\We Pay Offers\We Pay Offer\WePay-Daily\WePayOffer.Portal\wwwroot\assets\vendor\bootstrap\js\bootstrap.bundle.min.js.map'
info: Microsoft.AspNetCore.Hosting.Diagnostics[2]
      Request finished HTTP/1.1 GET http://localhost:44382/assets/vendor/bootstrap/js/bootstrap.bundle.min.js.map - - - 200 333312 text/plain 12.2343ms
info: Microsoft.AspNetCore.Hosting.Diagnostics[1]
      Request starting HTTP/1.1 POST http://localhost:44382/Home/Index application/x-www-form-urlencoded 182
info: Microsoft.AspNetCore.Routing.EndpointMiddleware[0]
      Executing endpoint 'WePayOffer.Portal.Controllers.HomeController.Index (WePayOffer.Portal)'
info: Microsoft.AspNetCore.Mvc.Infrastructure.ControllerActionInvoker[3]
      Route matched with {action = "Index", controller = "Home"}. Executing controller action with signature Microsoft.AspNetCore.Mvc.IActionResult Index() on controller WePayOffer.Portal.Controllers.HomeController (WePayOffer.Portal).
info: Microsoft.AspNetCore.Mvc.Infrastructure.ControllerActionInvoker[1]
      Executing action method WePayOffer.Portal.Controllers.HomeController.Index (WePayOffer.Portal) - Validation state: Valid
info: Microsoft.AspNetCore.Mvc.Infrastructure.ControllerActionInvoker[2]
      Executed action method WePayOffer.Portal.Controllers.HomeController.Index (WePayOffer.Portal), returned result Microsoft.AspNetCore.Mvc.ViewResult in 0.0251ms.
info: Microsoft.AspNetCore.Mvc.ViewFeatures.ViewResultExecutor[1]
      Executing ViewResult, running view Index.
info: Microsoft.EntityFrameworkCore.Infrastructure[10403]
      Entity Framework Core 6.0.9 initialized 'ApplicationContext' using provider 'Microsoft.EntityFrameworkCore.SqlServer:6.0.9' with options: None
info: Microsoft.EntityFrameworkCore.Database.Command[20101]
      Executed DbCommand (3ms) [Parameters=[], CommandType='Text', CommandTimeout='30']
      SELECT COUNT(*)
      FROM [ServiceNumber] AS [s]
      WHERE [s].[StatusId] = 1
info: Microsoft.EntityFrameworkCore.Database.Command[20101]
      Executed DbCommand (0ms) [Parameters=[], CommandType='Text', CommandTimeout='30']
      SELECT COUNT(*)
      FROM [ServiceNumber] AS [s]
      WHERE [s].[StatusId] = 4
info: Microsoft.EntityFrameworkCore.Database.Command[20101]
      Executed DbCommand (0ms) [Parameters=[], CommandType='Text', CommandTimeout='30']
      SELECT COUNT(*)
      FROM [ServiceNumber] AS [s]
      WHERE [s].[StatusId] = 3
info: Microsoft.EntityFrameworkCore.Database.Command[20101]
      Executed DbCommand (0ms) [Parameters=[], CommandType='Text', CommandTimeout='30']
      SELECT COUNT(*)
      FROM [ServiceNumber] AS [s]
      WHERE [s].[StatusId] = 2
info: Microsoft.EntityFrameworkCore.Database.Command[20101]
      Executed DbCommand (2ms) [Parameters=[], CommandType='Text', CommandTimeout='30']
      SELECT COUNT(*)
      FROM [ServiceNumber] AS [s]
info: Microsoft.EntityFrameworkCore.Database.Command[20101]
      Executed DbCommand (0ms) [Parameters=[], CommandType='Text', CommandTimeout='30']
      SELECT [s].[Id], [s].[CreationDate], [s].[Number], [s].[OfferId], [s].[StatusId]
      FROM [ServiceNumber] AS [s]
info: Microsoft.EntityFrameworkCore.Database.Command[20101]
      Executed DbCommand (10ms) [Parameters=[], CommandType='Text', CommandTimeout='30']
      SELECT [s].[Id], [s].[CreationDate], [s].[Number], [s].[OfferId], [s].[StatusId]
      FROM [ServiceNumber] AS [s]
      WHERE (DATEPART(year, [s].[CreationDate]) = DATEPART(year, GETDATE())) AND (DATEPART(month, [s].[CreationDate]) = 1)
info: Microsoft.EntityFrameworkCore.Database.Command[20101]
      Executed DbCommand (10ms) [Parameters=[], CommandType='Text', CommandTimeout='30']
      SELECT [s].[Id], [s].[CreationDate], [s].[Number], [s].[OfferId], [s].[StatusId]
      FROM [ServiceNumber] AS [s]
      WHERE (DATEPART(year, [s].[CreationDate]) = DATEPART(year, GETDATE())) AND (DATEPART(month, [s].[CreationDate]) = 2)
info: Microsoft.EntityFrameworkCore.Database.Command[20101]
      Executed DbCommand (10ms) [Parameters=[], CommandType='Text', CommandTimeout='30']
      SELECT [s].[Id], [s].[CreationDate], [s].[Number], [s].[OfferId], [s].[StatusId]
      FROM [ServiceNumber] AS [s]
      WHERE (DATEPART(year, [s].[CreationDate]) = DATEPART(year, GETDATE())) AND (DATEPART(month, [s].[CreationDate]) = 3)
info: Microsoft.EntityFrameworkCore.Database.Command[20101]
      Executed DbCommand (12ms) [Parameters=[], CommandType='Text', CommandTimeout='30']
      SELECT [s].[Id], [s].[CreationDate], [s].[Number], [s].[OfferId], [s].[StatusId]
      FROM [ServiceNumber] AS [s]
      WHERE (DATEPART(year, [s].[CreationDate]) = DATEPART(year, GETDATE())) AND (DATEPART(month, [s].[CreationDate]) = 4)
info: Microsoft.EntityFrameworkCore.Database.Command[20101]
      Executed DbCommand (10ms) [Parameters=[], CommandType='Text', CommandTimeout='30']
      SELECT [s].[Id], [s].[CreationDate], [s].[Number], [s].[OfferId], [s].[StatusId]
      FROM [ServiceNumber] AS [s]
      WHERE (DATEPART(year, [s].[CreationDate]) = DATEPART(year, GETDATE())) AND (DATEPART(month, [s].[CreationDate]) = 5)
info: Microsoft.EntityFrameworkCore.Database.Command[20101]
      Executed DbCommand (9ms) [Parameters=[], CommandType='Text', CommandTimeout='30']
      SELECT [s].[Id], [s].[CreationDate], [s].[Number], [s].[OfferId], [s].[StatusId]
      FROM [ServiceNumber] AS [s]
      WHERE (DATEPART(year, [s].[CreationDate]) = DATEPART(year, GETDATE())) AND (DATEPART(month, [s].[CreationDate]) = 6)
info: Microsoft.EntityFrameworkCore.Database.Command[20101]
      Executed DbCommand (11ms) [Parameters=[], CommandType='Text', CommandTimeout='30']
      SELECT [s].[Id], [s].[CreationDate], [s].[Number], [s].[OfferId], [s].[StatusId]
      FROM [ServiceNumber] AS [s]
      WHERE (DATEPART(year, [s].[CreationDate]) = DATEPART(year, GETDATE())) AND (DATEPART(month, [s].[CreationDate]) = 7)
info: Microsoft.EntityFrameworkCore.Database.Command[20101]
      Executed DbCommand (9ms) [Parameters=[], CommandType='Text', CommandTimeout='30']
      SELECT [s].[Id], [s].[CreationDate], [s].[Number], [s].[OfferId], [s].[StatusId]
      FROM [ServiceNumber] AS [s]
      WHERE (DATEPART(year, [s].[CreationDate]) = DATEPART(year, GETDATE())) AND (DATEPART(month, [s].[CreationDate]) = 8)
info: Microsoft.EntityFrameworkCore.Database.Command[20101]
      Executed DbCommand (9ms) [Parameters=[], CommandType='Text', CommandTimeout='30']
      SELECT [s].[Id], [s].[CreationDate], [s].[Number], [s].[OfferId], [s].[StatusId]
      FROM [ServiceNumber] AS [s]
      WHERE (DATEPART(year, [s].[CreationDate]) = DATEPART(year, GETDATE())) AND (DATEPART(month, [s].[CreationDate]) = 9)
info: Microsoft.EntityFrameworkCore.Database.Command[20101]
      Executed DbCommand (9ms) [Parameters=[], CommandType='Text', CommandTimeout='30']
      SELECT [s].[Id], [s].[CreationDate], [s].[Number], [s].[OfferId], [s].[StatusId]
      FROM [ServiceNumber] AS [s]
      WHERE (DATEPART(year, [s].[CreationDate]) = DATEPART(year, GETDATE())) AND (DATEPART(month, [s].[CreationDate]) = 10)
info: Microsoft.EntityFrameworkCore.Database.Command[20101]
      Executed DbCommand (0ms) [Parameters=[], CommandType='Text', CommandTimeout='30']
      SELECT [s].[Id], [s].[CreationDate], [s].[Number], [s].[OfferId], [s].[StatusId]
      FROM [ServiceNumber] AS [s]
      WHERE (DATEPART(year, [s].[CreationDate]) = DATEPART(year, GETDATE())) AND (DATEPART(month, [s].[CreationDate]) = 11)
info: Microsoft.EntityFrameworkCore.Database.Command[20101]
      Executed DbCommand (11ms) [Parameters=[], CommandType='Text', CommandTimeout='30']
      SELECT [s].[Id], [s].[CreationDate], [s].[Number], [s].[OfferId], [s].[StatusId]
      FROM [ServiceNumber] AS [s]
      WHERE (DATEPART(year, [s].[CreationDate]) = DATEPART(year, GETDATE())) AND (DATEPART(month, [s].[CreationDate]) = 12)
info: Microsoft.AspNetCore.Mvc.ViewFeatures.ViewResultExecutor[4]
      Executed ViewResult - view Index executed in 539.5102ms.
info: Microsoft.AspNetCore.Mvc.Infrastructure.ControllerActionInvoker[2]
      Executed action WePayOffer.Portal.Controllers.HomeController.Index (WePayOffer.Portal) in 550.2596ms
info: Microsoft.AspNetCore.Routing.EndpointMiddleware[1]
      Executed endpoint 'WePayOffer.Portal.Controllers.HomeController.Index (WePayOffer.Portal)'
info: Microsoft.AspNetCore.Hosting.Diagnostics[2]
      Request finished HTTP/1.1 POST http://localhost:44382/Home/Index application/x-www-form-urlencoded 182 - 200 - text/html;+charset=utf-8 558.9522ms
info: Microsoft.AspNetCore.Hosting.Diagnostics[1]
      Request starting HTTP/1.1 GET http://localhost:44382/assets/vendor/bootstrap/css/bootstrap.min.css - -
info: Microsoft.AspNetCore.Hosting.Diagnostics[1]
      Request starting HTTP/1.1 GET http://localhost:44382/assets/vendor/bootstrap-icons/bootstrap-icons.css - -
info: Microsoft.AspNetCore.Hosting.Diagnostics[1]
      Request starting HTTP/1.1 GET http://localhost:44382/assets/css/style.css - -
info: Microsoft.AspNetCore.StaticFiles.StaticFileMiddleware[2]
      Sending file. Request path: '/assets/css/style.css'. Physical path: 'D:\My Work\0We\We Pay Offers\We Pay Offer\WePay-Daily\WePayOffer.Portal\wwwroot\assets\css\style.css'
info: Microsoft.AspNetCore.Hosting.Diagnostics[2]
      Request finished HTTP/1.1 GET http://localhost:44382/assets/css/style.css - - - 200 21373 text/css 22.3860ms
info: Microsoft.AspNetCore.StaticFiles.StaticFileMiddleware[2]
      Sending file. Request path: '/assets/vendor/bootstrap-icons/bootstrap-icons.css'. Physical path: 'D:\My Work\0We\We Pay Offers\We Pay Offer\WePay-Daily\WePayOffer.Portal\wwwroot\assets\vendor\bootstrap-icons\bootstrap-icons.css'
info: Microsoft.AspNetCore.StaticFiles.StaticFileMiddleware[2]
      Sending file. Request path: '/assets/vendor/bootstrap/css/bootstrap.min.css'. Physical path: 'D:\My Work\0We\We Pay Offers\We Pay Offer\WePay-Daily\WePayOffer.Portal\wwwroot\assets\vendor\bootstrap\css\bootstrap.min.css'
info: Microsoft.AspNetCore.Hosting.Diagnostics[2]
      Request finished HTTP/1.1 GET http://localhost:44382/assets/vendor/bootstrap-icons/bootstrap-icons.css - - - 200 88585 text/css 35.2149ms
info: Microsoft.AspNetCore.Hosting.Diagnostics[2]
      Request finished HTTP/1.1 GET http://localhost:44382/assets/vendor/bootstrap/css/bootstrap.min.css - - - 200 195498 text/css 38.5657ms
info: Microsoft.AspNetCore.Hosting.Diagnostics[1]
      Request starting HTTP/1.1 GET http://localhost:44382/assets/vendor/apexcharts/apexcharts.min.js - -
info: Microsoft.AspNetCore.StaticFiles.StaticFileMiddleware[2]
      Sending file. Request path: '/assets/vendor/apexcharts/apexcharts.min.js'. Physical path: 'D:\My Work\0We\We Pay Offers\We Pay Offer\WePay-Daily\WePayOffer.Portal\wwwroot\assets\vendor\apexcharts\apexcharts.min.js'
info: Microsoft.AspNetCore.Hosting.Diagnostics[2]
      Request finished HTTP/1.1 GET http://localhost:44382/assets/vendor/apexcharts/apexcharts.min.js - - - 200 494782 application/javascript 5.0714ms
info: Microsoft.AspNetCore.Hosting.Diagnostics[1]
      Request starting HTTP/1.1 GET http://localhost:44382/assets/vendor/bootstrap/js/bootstrap.bundle.min.js - -
info: Microsoft.AspNetCore.StaticFiles.StaticFileMiddleware[2]
      Sending file. Request path: '/assets/vendor/bootstrap/js/bootstrap.bundle.min.js'. Physical path: 'D:\My Work\0We\We Pay Offers\We Pay Offer\WePay-Daily\WePayOffer.Portal\wwwroot\assets\vendor\bootstrap\js\bootstrap.bundle.min.js'
info: Microsoft.AspNetCore.Hosting.Diagnostics[2]
      Request finished HTTP/1.1 GET http://localhost:44382/assets/vendor/bootstrap/js/bootstrap.bundle.min.js - - - 200 80457 application/javascript 3.6813ms
info: Microsoft.AspNetCore.Hosting.Diagnostics[1]
      Request starting HTTP/1.1 GET http://localhost:44382/assets/js/main.js - -
info: Microsoft.AspNetCore.StaticFiles.StaticFileMiddleware[2]
      Sending file. Request path: '/assets/js/main.js'. Physical path: 'D:\My Work\0We\We Pay Offers\We Pay Offer\WePay-Daily\WePayOffer.Portal\wwwroot\assets\js\main.js'
info: Microsoft.AspNetCore.Hosting.Diagnostics[2]
      Request finished HTTP/1.1 GET http://localhost:44382/assets/js/main.js - - - 200 9301 application/javascript 3.3595ms
info: Microsoft.AspNetCore.Hosting.Diagnostics[1]
      Request starting HTTP/1.1 GET http://localhost:44382/jquery-3.6.1.min.js - -
info: Microsoft.AspNetCore.StaticFiles.StaticFileMiddleware[2]
      Sending file. Request path: '/jquery-3.6.1.min.js'. Physical path: 'D:\My Work\0We\We Pay Offers\We Pay Offer\WePay-Daily\WePayOffer.Portal\wwwroot\jquery-3.6.1.min.js'
info: Microsoft.AspNetCore.Hosting.Diagnostics[2]
      Request finished HTTP/1.1 GET http://localhost:44382/jquery-3.6.1.min.js - - - 200 89664 application/javascript 3.6676ms
info: Microsoft.AspNetCore.Hosting.Diagnostics[1]
      Request starting HTTP/1.1 GET http://localhost:44382/assets/js/Custom.js - -
info: Microsoft.AspNetCore.StaticFiles.StaticFileMiddleware[2]
      Sending file. Request path: '/assets/js/Custom.js'. Physical path: 'D:\My Work\0We\We Pay Offers\We Pay Offer\WePay-Daily\WePayOffer.Portal\wwwroot\assets\js\Custom.js'
info: Microsoft.AspNetCore.Hosting.Diagnostics[2]
      Request finished HTTP/1.1 GET http://localhost:44382/assets/js/Custom.js - - - 200 1475 application/javascript 3.7813ms
info: Microsoft.AspNetCore.Hosting.Diagnostics[1]
      Request starting HTTP/1.1 GET http://localhost:44382/_framework/aspnetcore-browser-refresh.js - -
info: Microsoft.AspNetCore.Hosting.Diagnostics[2]
      Request finished HTTP/1.1 GET http://localhost:44382/_framework/aspnetcore-browser-refresh.js - - - 200 12004 application/javascript;+charset=utf-8 1.4008ms
info: Microsoft.AspNetCore.Hosting.Diagnostics[1]
      Request starting HTTP/1.1 GET http://localhost:44382/assets/vendor/bootstrap/css/bootstrap.min.css.map - -
info: Microsoft.AspNetCore.StaticFiles.StaticFileMiddleware[2]
      Sending file. Request path: '/assets/vendor/bootstrap/css/bootstrap.min.css.map'. Physical path: 'D:\My Work\0We\We Pay Offers\We Pay Offer\WePay-Daily\WePayOffer.Portal\wwwroot\assets\vendor\bootstrap\css\bootstrap.min.css.map'
info: Microsoft.AspNetCore.Hosting.Diagnostics[2]
      Request finished HTTP/1.1 GET http://localhost:44382/assets/vendor/bootstrap/css/bootstrap.min.css.map - - - 200 523491 text/plain 6.4258ms
info: Microsoft.AspNetCore.Hosting.Diagnostics[1]
      Request starting HTTP/1.1 GET http://localhost:44382/assets/img/logoo.png - -
info: Microsoft.AspNetCore.Hosting.Diagnostics[1]
      Request starting HTTP/1.1 GET http://localhost:44382/assets/img/profile-img.jpg - -
info: Microsoft.AspNetCore.Hosting.Diagnostics[1]
      Request starting HTTP/1.1 GET http://localhost:44382/_vs/browserLink - -
info: Microsoft.AspNetCore.StaticFiles.StaticFileMiddleware[2]
      Sending file. Request path: '/assets/img/logoo.png'. Physical path: 'D:\My Work\0We\We Pay Offers\We Pay Offer\WePay-Daily\WePayOffer.Portal\wwwroot\assets\img\logoo.png'
info: Microsoft.AspNetCore.StaticFiles.StaticFileMiddleware[2]
      Sending file. Request path: '/assets/img/profile-img.jpg'. Physical path: 'D:\My Work\0We\We Pay Offers\We Pay Offer\WePay-Daily\WePayOffer.Portal\wwwroot\assets\img\profile-img.jpg'
info: Microsoft.AspNetCore.Hosting.Diagnostics[2]
      Request finished HTTP/1.1 GET http://localhost:44382/assets/img/logoo.png - - - 200 60170 image/png 7.6515ms
info: Microsoft.AspNetCore.Hosting.Diagnostics[2]
      Request finished HTTP/1.1 GET http://localhost:44382/assets/img/profile-img.jpg - - - 200 4957 image/jpeg 7.8230ms
info: Microsoft.AspNetCore.Hosting.Diagnostics[1]
      Request starting HTTP/1.1 GET http://localhost:44382/assets/vendor/bootstrap/js/bootstrap.bundle.min.js.map - -
info: Microsoft.AspNetCore.Hosting.Diagnostics[1]
      Request starting HTTP/1.1 GET http://localhost:44382/assets/vendor/bootstrap-icons/fonts/bootstrap-icons.woff2?8d200481aa7f02a2d63a331fc782cfaf - -
info: Microsoft.AspNetCore.StaticFiles.StaticFileMiddleware[2]
      Sending file. Request path: '/assets/vendor/bootstrap-icons/fonts/bootstrap-icons.woff2'. Physical path: 'D:\My Work\0We\We Pay Offers\We Pay Offer\WePay-Daily\WePayOffer.Portal\wwwroot\assets\vendor\bootstrap-icons\fonts\bootstrap-icons.woff2'
info: Microsoft.AspNetCore.StaticFiles.StaticFileMiddleware[2]
      Sending file. Request path: '/assets/vendor/bootstrap/js/bootstrap.bundle.min.js.map'. Physical path: 'D:\My Work\0We\We Pay Offers\We Pay Offer\WePay-Daily\WePayOffer.Portal\wwwroot\assets\vendor\bootstrap\js\bootstrap.bundle.min.js.map'
info: Microsoft.AspNetCore.Hosting.Diagnostics[2]
      Request finished HTTP/1.1 GET http://localhost:44382/assets/vendor/bootstrap-icons/fonts/bootstrap-icons.woff2?8d200481aa7f02a2d63a331fc782cfaf - - - 200 112440 font/woff2 5.2069ms
info: Microsoft.AspNetCore.Hosting.Diagnostics[2]
      Request finished HTTP/1.1 GET http://localhost:44382/assets/vendor/bootstrap/js/bootstrap.bundle.min.js.map - - - 200 333312 text/plain 10.3026ms
info: Microsoft.AspNetCore.Hosting.Diagnostics[2]
      Request finished HTTP/1.1 GET http://localhost:44382/_vs/browserLink - - - 200 - text/javascript;+charset=UTF-8 29.2325ms
info: Microsoft.AspNetCore.Hosting.Diagnostics[1]
      Request starting HTTP/1.1 GET http://localhost:44382/assets/img/logoo.png - -
info: Microsoft.AspNetCore.StaticFiles.StaticFileMiddleware[2]
      Sending file. Request path: '/assets/img/logoo.png'. Physical path: 'D:\My Work\0We\We Pay Offers\We Pay Offer\WePay-Daily\WePayOffer.Portal\wwwroot\assets\img\logoo.png'
info: Microsoft.AspNetCore.Hosting.Diagnostics[2]
      Request finished HTTP/1.1 GET http://localhost:44382/assets/img/logoo.png - - - 200 60170 image/png 4.5186ms
info: Microsoft.AspNetCore.Hosting.Diagnostics[1]
      Request starting HTTP/1.1 GET http://localhost:44382/Wallet/Search - -
info: Microsoft.AspNetCore.Routing.EndpointMiddleware[0]
      Executing endpoint 'WePayOffer.Portal.Controllers.WalletController.Search (WePayOffer.Portal)'
info: Microsoft.AspNetCore.Mvc.Infrastructure.ControllerActionInvoker[3]
      Route matched with {action = "Search", controller = "Wallet"}. Executing controller action with signature Microsoft.AspNetCore.Mvc.IActionResult Search() on controller WePayOffer.Portal.Controllers.WalletController (WePayOffer.Portal).
info: Microsoft.AspNetCore.Mvc.Infrastructure.ControllerActionInvoker[1]
      Executing action method WePayOffer.Portal.Controllers.WalletController.Search (WePayOffer.Portal) - Validation state: Valid
info: Microsoft.AspNetCore.Mvc.Infrastructure.ControllerActionInvoker[2]
      Executed action method WePayOffer.Portal.Controllers.WalletController.Search (WePayOffer.Portal), returned result Microsoft.AspNetCore.Mvc.ViewResult in 0.1812ms.
info: Microsoft.AspNetCore.Mvc.ViewFeatures.ViewResultExecutor[1]
      Executing ViewResult, running view Search.
info: Microsoft.EntityFrameworkCore.Infrastructure[10403]
      Entity Framework Core 6.0.9 initialized 'ApplicationContext' using provider 'Microsoft.EntityFrameworkCore.SqlServer:6.0.9' with options: None
info: Microsoft.AspNetCore.Mvc.ViewFeatures.ViewResultExecutor[4]
      Executed ViewResult - view Search executed in 18.1376ms.
info: Microsoft.AspNetCore.Mvc.Infrastructure.ControllerActionInvoker[2]
      Executed action WePayOffer.Portal.Controllers.WalletController.Search (WePayOffer.Portal) in 116.6271ms
info: Microsoft.AspNetCore.Routing.EndpointMiddleware[1]
      Executed endpoint 'WePayOffer.Portal.Controllers.WalletController.Search (WePayOffer.Portal)'
info: Microsoft.AspNetCore.Hosting.Diagnostics[2]
      Request finished HTTP/1.1 GET http://localhost:44382/Wallet/Search - - - 200 - text/html;+charset=utf-8 126.7120ms
info: Microsoft.AspNetCore.Hosting.Diagnostics[1]
      Request starting HTTP/1.1 GET http://localhost:44382/lib/datatables/css/dataTables.bootstrap4.css - -
info: Microsoft.AspNetCore.StaticFiles.StaticFileMiddleware[2]
      Sending file. Request path: '/lib/datatables/css/dataTables.bootstrap4.css'. Physical path: 'D:\My Work\0We\We Pay Offers\We Pay Offer\WePay-Daily\WePayOffer.Portal\wwwroot\lib\datatables\css\dataTables.bootstrap4.css'
info: Microsoft.AspNetCore.Hosting.Diagnostics[2]
      Request finished HTTP/1.1 GET http://localhost:44382/lib/datatables/css/dataTables.bootstrap4.css - - - 200 5994 text/css 3.7529ms
info: Microsoft.AspNetCore.Hosting.Diagnostics[1]
      Request starting HTTP/1.1 GET http://localhost:44382/lib/datatables/js/jquery.dataTables.js - -
info: Microsoft.AspNetCore.StaticFiles.StaticFileMiddleware[2]
      Sending file. Request path: '/lib/datatables/js/jquery.dataTables.js'. Physical path: 'D:\My Work\0We\We Pay Offers\We Pay Offer\WePay-Daily\WePayOffer.Portal\wwwroot\lib\datatables\js\jquery.dataTables.js'
info: Microsoft.AspNetCore.Hosting.Diagnostics[2]
      Request finished HTTP/1.1 GET http://localhost:44382/lib/datatables/js/jquery.dataTables.js - - - 200 449246 application/javascript 6.2973ms
info: Microsoft.AspNetCore.Hosting.Diagnostics[1]
      Request starting HTTP/1.1 GET http://localhost:44382/lib/datatables/js/dataTables.bootstrap4.js - -
info: Microsoft.AspNetCore.Hosting.Diagnostics[1]
      Request starting HTTP/1.1 GET http://localhost:44382/assets/vendor/bootstrap/css/bootstrap.min.css.map - -
info: Microsoft.AspNetCore.Hosting.Diagnostics[1]
      Request starting HTTP/1.1 GET http://localhost:44382/lib/WelletNumberDatatable.js - -
info: Microsoft.AspNetCore.Hosting.Diagnostics[1]
      Request starting HTTP/1.1 GET http://localhost:44382/_framework/aspnetcore-browser-refresh.js - -
info: Microsoft.AspNetCore.Hosting.Diagnostics[2]
      Request finished HTTP/1.1 GET http://localhost:44382/_framework/aspnetcore-browser-refresh.js - - - 200 12004 application/javascript;+charset=utf-8 2.2933ms
info: Microsoft.AspNetCore.Hosting.Diagnostics[1]
      Request starting HTTP/1.1 GET http://localhost:44382/_vs/browserLink - -
info: Microsoft.AspNetCore.StaticFiles.StaticFileMiddleware[2]
      Sending file. Request path: '/lib/datatables/js/dataTables.bootstrap4.js'. Physical path: 'D:\My Work\0We\We Pay Offers\We Pay Offer\WePay-Daily\WePayOffer.Portal\wwwroot\lib\datatables\js\dataTables.bootstrap4.js'
info: Microsoft.AspNetCore.Hosting.Diagnostics[2]
      Request finished HTTP/1.1 GET http://localhost:44382/lib/datatables/js/dataTables.bootstrap4.js - - - 200 4702 application/javascript 13.5897ms
info: Microsoft.AspNetCore.StaticFiles.StaticFileMiddleware[2]
      Sending file. Request path: '/lib/WelletNumberDatatable.js'. Physical path: 'D:\My Work\0We\We Pay Offers\We Pay Offer\WePay-Daily\WePayOffer.Portal\wwwroot\lib\WelletNumberDatatable.js'
info: Microsoft.AspNetCore.Hosting.Diagnostics[2]
      Request finished HTTP/1.1 GET http://localhost:44382/lib/WelletNumberDatatable.js - - - 200 1859 application/javascript 12.6924ms
info: Microsoft.AspNetCore.StaticFiles.StaticFileMiddleware[2]
      Sending file. Request path: '/assets/vendor/bootstrap/css/bootstrap.min.css.map'. Physical path: 'D:\My Work\0We\We Pay Offers\We Pay Offer\WePay-Daily\WePayOffer.Portal\wwwroot\assets\vendor\bootstrap\css\bootstrap.min.css.map'
info: Microsoft.AspNetCore.Hosting.Diagnostics[2]
      Request finished HTTP/1.1 GET http://localhost:44382/assets/vendor/bootstrap/css/bootstrap.min.css.map - - - 200 523491 text/plain 18.5869ms
info: Microsoft.AspNetCore.Hosting.Diagnostics[2]
      Request finished HTTP/1.1 GET http://localhost:44382/_vs/browserLink - - - 200 - text/javascript;+charset=UTF-8 15.5476ms
info: Microsoft.AspNetCore.Hosting.Diagnostics[1]
      Request starting HTTP/1.1 GET http://localhost:44382/assets/vendor/bootstrap/js/bootstrap.bundle.min.js.map - -
info: Microsoft.AspNetCore.StaticFiles.StaticFileMiddleware[2]
      Sending file. Request path: '/assets/vendor/bootstrap/js/bootstrap.bundle.min.js.map'. Physical path: 'D:\My Work\0We\We Pay Offers\We Pay Offer\WePay-Daily\WePayOffer.Portal\wwwroot\assets\vendor\bootstrap\js\bootstrap.bundle.min.js.map'
info: Microsoft.AspNetCore.Hosting.Diagnostics[2]
      Request finished HTTP/1.1 GET http://localhost:44382/assets/vendor/bootstrap/js/bootstrap.bundle.min.js.map - - - 200 333312 text/plain 6.0360ms
info: Microsoft.AspNetCore.Hosting.Diagnostics[1]
      Request starting HTTP/1.1 POST http://localhost:44382/Wallet/Filter application/x-www-form-urlencoded;+charset=UTF-8 1500
info: Microsoft.AspNetCore.Routing.EndpointMiddleware[0]
      Executing endpoint 'WePayOffer.Portal.Controllers.WalletController.Filter (WePayOffer.Portal)'
info: Microsoft.AspNetCore.Mvc.Infrastructure.ControllerActionInvoker[3]
      Route matched with {action = "Filter", controller = "Wallet"}. Executing controller action with signature Microsoft.AspNetCore.Mvc.IActionResult Filter(System.DateTime, System.DateTime, Int32) on controller WePayOffer.Portal.Controllers.WalletController (WePayOffer.Portal).
info: Microsoft.AspNetCore.Mvc.Infrastructure.ControllerActionInvoker[1]
      Executing action method WePayOffer.Portal.Controllers.WalletController.Filter (WePayOffer.Portal) - Validation state: Invalid
info: Microsoft.EntityFrameworkCore.Infrastructure[10403]
      Entity Framework Core 6.0.9 initialized 'ApplicationContext' using provider 'Microsoft.EntityFrameworkCore.SqlServer:6.0.9' with options: None
info: Microsoft.EntityFrameworkCore.Database.Command[20101]
      Executed DbCommand (26ms) [Parameters=[@__p_0='?' (DbType = Int32), @__p_1='?' (DbType = Int32)], CommandType='Text', CommandTimeout='30']
      SELECT [t].[Id], [t].[CreationDate], [t].[FunctionId], [t].[IsSucceed], [t].[RequestId], [t].[ResponseMessage], [t].[ServiceNumberId], [s0].[Id], [s0].[CreationDate], [s0].[Number], [s0].[OfferId], [s0].[StatusId]
      FROM (
          SELECT [s].[Id], [s].[CreationDate], [s].[FunctionId], [s].[IsSucceed], [s].[RequestId], [s].[ResponseMessage], [s].[ServiceNumberId]
          FROM [ServiceTransaction] AS [s]
          ORDER BY [s].[Id]
          OFFSET @__p_0 ROWS FETCH NEXT @__p_1 ROWS ONLY
      ) AS [t]
      INNER JOIN [ServiceNumber] AS [s0] ON [t].[ServiceNumberId] = [s0].[Id]
      ORDER BY [t].[Id]
info: Microsoft.EntityFrameworkCore.Database.Command[20101]
      Executed DbCommand (1ms) [Parameters=[], CommandType='Text', CommandTimeout='30']
      SELECT COUNT(*)
      FROM [ServiceTransaction] AS [s]
info: Microsoft.AspNetCore.Mvc.Infrastructure.ControllerActionInvoker[2]
      Executed action method WePayOffer.Portal.Controllers.WalletController.Filter (WePayOffer.Portal), returned result Microsoft.AspNetCore.Mvc.OkObjectResult in 4438.1562ms.
info: Microsoft.AspNetCore.Mvc.Infrastructure.ObjectResultExecutor[1]
      Executing OkObjectResult, writing value of type '<>f__AnonymousType0`3[[System.Int32, System.Private.CoreLib, Version=6.0.0.0, Culture=neutral, PublicKeyToken=7cec85d7bea7798e],[System.Int32, System.Private.CoreLib, Version=6.0.0.0, Culture=neutral, PublicKeyToken=7cec85d7bea7798e],[System.Collections.Generic.List`1[[WePayOffer.DAL.Entity.ServiceTransaction, WePayOffer.DAL, Version=1.0.0.0, Culture=neutral, PublicKeyToken=null]], System.Private.CoreLib, Version=6.0.0.0, Culture=neutral, PublicKeyToken=7cec85d7bea7798e]]'.
info: Microsoft.AspNetCore.Mvc.Infrastructure.ControllerActionInvoker[2]
      Executed action WePayOffer.Portal.Controllers.WalletController.Filter (WePayOffer.Portal) in 4480.272ms
info: Microsoft.AspNetCore.Routing.EndpointMiddleware[1]
      Executed endpoint 'WePayOffer.Portal.Controllers.WalletController.Filter (WePayOffer.Portal)'
info: Microsoft.AspNetCore.Hosting.Diagnostics[2]
      Request finished HTTP/1.1 POST http://localhost:44382/Wallet/Filter application/x-www-form-urlencoded;+charset=UTF-8 1500 - 200 - application/json;+charset=utf-8 4500.2690ms
info: Microsoft.AspNetCore.Hosting.Diagnostics[1]
      Request starting HTTP/1.1 POST http://localhost:44382/Wallet/Filter application/x-www-form-urlencoded 182
info: Microsoft.AspNetCore.Routing.EndpointMiddleware[0]
      Executing endpoint 'WePayOffer.Portal.Controllers.WalletController.Filter (WePayOffer.Portal)'
info: Microsoft.AspNetCore.Mvc.Infrastructure.ControllerActionInvoker[3]
      Route matched with {action = "Filter", controller = "Wallet"}. Executing controller action with signature Microsoft.AspNetCore.Mvc.IActionResult Filter(System.DateTime, System.DateTime, Int32) on controller WePayOffer.Portal.Controllers.WalletController (WePayOffer.Portal).
info: Microsoft.AspNetCore.Mvc.Infrastructure.ControllerActionInvoker[1]
      Executing action method WePayOffer.Portal.Controllers.WalletController.Filter (WePayOffer.Portal) - Validation state: Valid
info: Microsoft.AspNetCore.Mvc.Infrastructure.ControllerActionInvoker[2]
      Executed action method WePayOffer.Portal.Controllers.WalletController.Filter (WePayOffer.Portal), returned result Microsoft.AspNetCore.Mvc.OkObjectResult in 23483.7722ms.
info: Microsoft.AspNetCore.Mvc.Infrastructure.ObjectResultExecutor[1]
      Executing OkObjectResult, writing value of type 'System.String'.
info: Microsoft.AspNetCore.Mvc.Infrastructure.ControllerActionInvoker[2]
      Executed action WePayOffer.Portal.Controllers.WalletController.Filter (WePayOffer.Portal) in 23546.7452ms
info: Microsoft.AspNetCore.Routing.EndpointMiddleware[1]
      Executed endpoint 'WePayOffer.Portal.Controllers.WalletController.Filter (WePayOffer.Portal)'
info: Microsoft.AspNetCore.Hosting.Diagnostics[2]
      Request finished HTTP/1.1 POST http://localhost:44382/Wallet/Filter application/x-www-form-urlencoded 182 - 200 - text/plain;+charset=utf-8 23556.5681ms
info: Microsoft.AspNetCore.Hosting.Diagnostics[1]
      Request starting HTTP/1.1 GET http://localhost:44382/favicon.ico - -
info: Microsoft.AspNetCore.Hosting.Diagnostics[2]
      Request finished HTTP/1.1 GET http://localhost:44382/favicon.ico - - - 404 0 - 1.5798ms






























































































































































































































































































































