info: Microsoft.AspNetCore.DataProtection.KeyManagement.XmlKeyManager[63]
      User profile is available. Using 'C:\Users\Ahmed El Gendy\AppData\Local\ASP.NET\DataProtection-Keys' as key repository and Windows DPAPI to encrypt keys at rest.
info: Microsoft.Hosting.Lifetime[0]
      Application started. Press Ctrl+C to shut down.
info: Microsoft.Hosting.Lifetime[0]
      Hosting environment: Development
info: Microsoft.Hosting.Lifetime[0]
      Content root path: D:\My Work\0We\We Pay Offers\We Pay Offer\WePay-Daily\WePayOffer.Portal\
info: Microsoft.AspNetCore.Hosting.Diagnostics[1]
      Request starting HTTP/2 GET https://localhost:44382/assets/img/logoo.png?nonce=1668048937221 - -
info: Microsoft.AspNetCore.Hosting.Diagnostics[1]
      Request starting HTTP/2 GET https://localhost:44382/assets/css/style.css?nonce=1668048937222 - -
info: Microsoft.AspNetCore.Hosting.Diagnostics[1]
      Request starting HTTP/2 GET https://localhost:44382/assets/vendor/bootstrap/css/bootstrap.min.css?nonce=1668048937221 - -
info: Microsoft.AspNetCore.Hosting.Diagnostics[1]
      Request starting HTTP/2 GET https://localhost:44382/assets/vendor/bootstrap-icons/bootstrap-icons.css?nonce=1668048937222 - -
info: Microsoft.AspNetCore.Hosting.Diagnostics[1]
      Request starting HTTP/2 GET https://localhost:44382/Home/Index - -
info: Microsoft.AspNetCore.StaticFiles.StaticFileMiddleware[2]
      Sending file. Request path: '/assets/css/style.css'. Physical path: 'D:\My Work\0We\We Pay Offers\We Pay Offer\WePay-Daily\WePayOffer.Portal\wwwroot\assets\css\style.css'
info: Microsoft.AspNetCore.StaticFiles.StaticFileMiddleware[2]
      Sending file. Request path: '/assets/vendor/bootstrap/css/bootstrap.min.css'. Physical path: 'D:\My Work\0We\We Pay Offers\We Pay Offer\WePay-Daily\WePayOffer.Portal\wwwroot\assets\vendor\bootstrap\css\bootstrap.min.css'
info: Microsoft.AspNetCore.StaticFiles.StaticFileMiddleware[2]
      Sending file. Request path: '/assets/vendor/bootstrap-icons/bootstrap-icons.css'. Physical path: 'D:\My Work\0We\We Pay Offers\We Pay Offer\WePay-Daily\WePayOffer.Portal\wwwroot\assets\vendor\bootstrap-icons\bootstrap-icons.css'
info: Microsoft.AspNetCore.StaticFiles.StaticFileMiddleware[2]
      Sending file. Request path: '/assets/img/logoo.png'. Physical path: 'D:\My Work\0We\We Pay Offers\We Pay Offer\WePay-Daily\WePayOffer.Portal\wwwroot\assets\img\logoo.png'
info: Microsoft.AspNetCore.Hosting.Diagnostics[2]
      Request finished HTTP/2 GET https://localhost:44382/assets/css/style.css?nonce=1668048937222 - - - 200 22675 text/css 24.5365ms
info: Microsoft.AspNetCore.Hosting.Diagnostics[2]
      Request finished HTTP/2 GET https://localhost:44382/assets/img/logoo.png?nonce=1668048937221 - - - 200 60170 image/png 24.6512ms
info: Microsoft.AspNetCore.Hosting.Diagnostics[2]
      Request finished HTTP/2 GET https://localhost:44382/assets/vendor/bootstrap-icons/bootstrap-icons.css?nonce=1668048937222 - - - 200 88585 text/css 25.2842ms
info: Microsoft.AspNetCore.Hosting.Diagnostics[2]
      Request finished HTTP/2 GET https://localhost:44382/assets/vendor/bootstrap/css/bootstrap.min.css?nonce=1668048937221 - - - 200 195498 text/css 27.2873ms
info: Microsoft.AspNetCore.Hosting.Diagnostics[1]
      Request starting HTTP/2 GET https://localhost:44382/assets/img/logoo.png - -
info: Microsoft.AspNetCore.StaticFiles.StaticFileMiddleware[2]
      Sending file. Request path: '/assets/img/logoo.png'. Physical path: 'D:\My Work\0We\We Pay Offers\We Pay Offer\WePay-Daily\WePayOffer.Portal\wwwroot\assets\img\logoo.png'
info: Microsoft.AspNetCore.Hosting.Diagnostics[2]
      Request finished HTTP/2 GET https://localhost:44382/assets/img/logoo.png - - - 200 60170 image/png 1.4622ms
info: Microsoft.AspNetCore.Hosting.Diagnostics[1]
      Request starting HTTP/2 GET https://localhost:44382/assets/vendor/bootstrap-icons/fonts/bootstrap-icons.woff2?8d200481aa7f02a2d63a331fc782cfaf - -
info: Microsoft.AspNetCore.StaticFiles.StaticFileMiddleware[2]
      Sending file. Request path: '/assets/vendor/bootstrap-icons/fonts/bootstrap-icons.woff2'. Physical path: 'D:\My Work\0We\We Pay Offers\We Pay Offer\WePay-Daily\WePayOffer.Portal\wwwroot\assets\vendor\bootstrap-icons\fonts\bootstrap-icons.woff2'
info: Microsoft.AspNetCore.Hosting.Diagnostics[2]
      Request finished HTTP/2 GET https://localhost:44382/assets/vendor/bootstrap-icons/fonts/bootstrap-icons.woff2?8d200481aa7f02a2d63a331fc782cfaf - - - 200 112440 font/woff2 1.5181ms
info: Microsoft.AspNetCore.Hosting.Diagnostics[1]
      Request starting HTTP/2 GET https://localhost:44382/assets/vendor/bootstrap/css/bootstrap.min.css.map - -
info: Microsoft.AspNetCore.StaticFiles.StaticFileMiddleware[2]
      Sending file. Request path: '/assets/vendor/bootstrap/css/bootstrap.min.css.map'. Physical path: 'D:\My Work\0We\We Pay Offers\We Pay Offer\WePay-Daily\WePayOffer.Portal\wwwroot\assets\vendor\bootstrap\css\bootstrap.min.css.map'
info: Microsoft.AspNetCore.Hosting.Diagnostics[2]
      Request finished HTTP/2 GET https://localhost:44382/assets/vendor/bootstrap/css/bootstrap.min.css.map - - - 200 523491 text/plain 13.0786ms
info: Microsoft.AspNetCore.Routing.EndpointMiddleware[0]
      Executing endpoint 'WePayOffer.Portal.Controllers.HomeController.Index (WePayOffer.Portal)'
info: Microsoft.AspNetCore.Mvc.Infrastructure.ControllerActionInvoker[3]
      Route matched with {action = "Index", controller = "Home"}. Executing controller action with signature Microsoft.AspNetCore.Mvc.IActionResult Index() on controller WePayOffer.Portal.Controllers.HomeController (WePayOffer.Portal).
info: Microsoft.AspNetCore.Mvc.ViewFeatures.ViewResultExecutor[1]
      Executing ViewResult, running view Index.
info: Microsoft.EntityFrameworkCore.Infrastructure[10403]
      Entity Framework Core 6.0.9 initialized 'ApplicationContext' using provider 'Microsoft.EntityFrameworkCore.SqlServer:6.0.9' with options: None
Security Warning: The negotiated TLS 1.0 is an insecure protocol and is supported for backward compatibility only. The recommended protocol version is TLS 1.2 and later.
info: Microsoft.EntityFrameworkCore.Database.Command[20101]
      Executed DbCommand (21ms) [Parameters=[], CommandType='Text', CommandTimeout='30']
      SELECT COUNT(*)
      FROM [ServiceNumber] AS [s]
      WHERE [s].[StatusId] = 1
info: Microsoft.EntityFrameworkCore.Database.Command[20101]
      Executed DbCommand (2ms) [Parameters=[], CommandType='Text', CommandTimeout='30']
      SELECT COUNT(*)
      FROM [ServiceNumber] AS [s]
      WHERE [s].[StatusId] = 4
info: Microsoft.EntityFrameworkCore.Database.Command[20101]
      Executed DbCommand (0ms) [Parameters=[], CommandType='Text', CommandTimeout='30']
      SELECT COUNT(*)
      FROM [ServiceNumber] AS [s]
      WHERE [s].[StatusId] = 3
info: Microsoft.EntityFrameworkCore.Database.Command[20101]
      Executed DbCommand (0ms) [Parameters=[], CommandType='Text', CommandTimeout='30']
      SELECT COUNT(*)
      FROM [ServiceNumber] AS [s]
      WHERE [s].[StatusId] = 2
info: Microsoft.EntityFrameworkCore.Database.Command[20101]
      Executed DbCommand (3ms) [Parameters=[], CommandType='Text', CommandTimeout='30']
      SELECT COUNT(*)
      FROM [ServiceNumber] AS [s]
info: Microsoft.EntityFrameworkCore.Database.Command[20101]
      Executed DbCommand (1ms) [Parameters=[], CommandType='Text', CommandTimeout='30']
      SELECT [s].[Id], [s].[CreationDate], [s].[Number], [s].[OfferId], [s].[StatusId]
      FROM [ServiceNumber] AS [s]
info: Microsoft.EntityFrameworkCore.Database.Command[20101]
      Executed DbCommand (14ms) [Parameters=[], CommandType='Text', CommandTimeout='30']
      SELECT [s].[Id], [s].[CreationDate], [s].[Number], [s].[OfferId], [s].[StatusId]
      FROM [ServiceNumber] AS [s]
      WHERE (DATEPART(year, [s].[CreationDate]) = DATEPART(year, GETDATE())) AND (DATEPART(month, [s].[CreationDate]) = 1)
info: Microsoft.EntityFrameworkCore.Database.Command[20101]
      Executed DbCommand (17ms) [Parameters=[], CommandType='Text', CommandTimeout='30']
      SELECT [s].[Id], [s].[CreationDate], [s].[Number], [s].[OfferId], [s].[StatusId]
      FROM [ServiceNumber] AS [s]
      WHERE (DATEPART(year, [s].[CreationDate]) = DATEPART(year, GETDATE())) AND (DATEPART(month, [s].[CreationDate]) = 2)
info: Microsoft.EntityFrameworkCore.Database.Command[20101]
      Executed DbCommand (22ms) [Parameters=[], CommandType='Text', CommandTimeout='30']
      SELECT [s].[Id], [s].[CreationDate], [s].[Number], [s].[OfferId], [s].[StatusId]
      FROM [ServiceNumber] AS [s]
      WHERE (DATEPART(year, [s].[CreationDate]) = DATEPART(year, GETDATE())) AND (DATEPART(month, [s].[CreationDate]) = 3)
info: Microsoft.EntityFrameworkCore.Database.Command[20101]
      Executed DbCommand (15ms) [Parameters=[], CommandType='Text', CommandTimeout='30']
      SELECT [s].[Id], [s].[CreationDate], [s].[Number], [s].[OfferId], [s].[StatusId]
      FROM [ServiceNumber] AS [s]
      WHERE (DATEPART(year, [s].[CreationDate]) = DATEPART(year, GETDATE())) AND (DATEPART(month, [s].[CreationDate]) = 4)
info: Microsoft.EntityFrameworkCore.Database.Command[20101]
      Executed DbCommand (13ms) [Parameters=[], CommandType='Text', CommandTimeout='30']
      SELECT [s].[Id], [s].[CreationDate], [s].[Number], [s].[OfferId], [s].[StatusId]
      FROM [ServiceNumber] AS [s]
      WHERE (DATEPART(year, [s].[CreationDate]) = DATEPART(year, GETDATE())) AND (DATEPART(month, [s].[CreationDate]) = 5)
info: Microsoft.EntityFrameworkCore.Database.Command[20101]
      Executed DbCommand (13ms) [Parameters=[], CommandType='Text', CommandTimeout='30']
      SELECT [s].[Id], [s].[CreationDate], [s].[Number], [s].[OfferId], [s].[StatusId]
      FROM [ServiceNumber] AS [s]
      WHERE (DATEPART(year, [s].[CreationDate]) = DATEPART(year, GETDATE())) AND (DATEPART(month, [s].[CreationDate]) = 6)
info: Microsoft.EntityFrameworkCore.Database.Command[20101]
      Executed DbCommand (13ms) [Parameters=[], CommandType='Text', CommandTimeout='30']
      SELECT [s].[Id], [s].[CreationDate], [s].[Number], [s].[OfferId], [s].[StatusId]
      FROM [ServiceNumber] AS [s]
      WHERE (DATEPART(year, [s].[CreationDate]) = DATEPART(year, GETDATE())) AND (DATEPART(month, [s].[CreationDate]) = 7)
info: Microsoft.EntityFrameworkCore.Database.Command[20101]
      Executed DbCommand (13ms) [Parameters=[], CommandType='Text', CommandTimeout='30']
      SELECT [s].[Id], [s].[CreationDate], [s].[Number], [s].[OfferId], [s].[StatusId]
      FROM [ServiceNumber] AS [s]
      WHERE (DATEPART(year, [s].[CreationDate]) = DATEPART(year, GETDATE())) AND (DATEPART(month, [s].[CreationDate]) = 8)
info: Microsoft.EntityFrameworkCore.Database.Command[20101]
      Executed DbCommand (14ms) [Parameters=[], CommandType='Text', CommandTimeout='30']
      SELECT [s].[Id], [s].[CreationDate], [s].[Number], [s].[OfferId], [s].[StatusId]
      FROM [ServiceNumber] AS [s]
      WHERE (DATEPART(year, [s].[CreationDate]) = DATEPART(year, GETDATE())) AND (DATEPART(month, [s].[CreationDate]) = 9)
info: Microsoft.EntityFrameworkCore.Database.Command[20101]
      Executed DbCommand (13ms) [Parameters=[], CommandType='Text', CommandTimeout='30']
      SELECT [s].[Id], [s].[CreationDate], [s].[Number], [s].[OfferId], [s].[StatusId]
      FROM [ServiceNumber] AS [s]
      WHERE (DATEPART(year, [s].[CreationDate]) = DATEPART(year, GETDATE())) AND (DATEPART(month, [s].[CreationDate]) = 10)
info: Microsoft.EntityFrameworkCore.Database.Command[20101]
      Executed DbCommand (1ms) [Parameters=[], CommandType='Text', CommandTimeout='30']
      SELECT [s].[Id], [s].[CreationDate], [s].[Number], [s].[OfferId], [s].[StatusId]
      FROM [ServiceNumber] AS [s]
      WHERE (DATEPART(year, [s].[CreationDate]) = DATEPART(year, GETDATE())) AND (DATEPART(month, [s].[CreationDate]) = 11)
info: Microsoft.EntityFrameworkCore.Database.Command[20101]
      Executed DbCommand (13ms) [Parameters=[], CommandType='Text', CommandTimeout='30']
      SELECT [s].[Id], [s].[CreationDate], [s].[Number], [s].[OfferId], [s].[StatusId]
      FROM [ServiceNumber] AS [s]
      WHERE (DATEPART(year, [s].[CreationDate]) = DATEPART(year, GETDATE())) AND (DATEPART(month, [s].[CreationDate]) = 12)
info: Microsoft.AspNetCore.Mvc.ViewFeatures.ViewResultExecutor[4]
      Executed ViewResult - view Index executed in 1678.3017ms.
info: Microsoft.AspNetCore.Mvc.Infrastructure.ControllerActionInvoker[2]
      Executed action WePayOffer.Portal.Controllers.HomeController.Index (WePayOffer.Portal) in 1684.1332ms
info: Microsoft.AspNetCore.Routing.EndpointMiddleware[1]
      Executed endpoint 'WePayOffer.Portal.Controllers.HomeController.Index (WePayOffer.Portal)'
info: Microsoft.AspNetCore.Hosting.Diagnostics[2]
      Request finished HTTP/2 GET https://localhost:44382/Home/Index - - - 200 - text/html;+charset=utf-8 1847.5400ms
info: Microsoft.AspNetCore.Hosting.Diagnostics[1]
      Request starting HTTP/2 GET https://localhost:44382/assets/vendor/bootstrap/css/bootstrap.min.css - -
info: Microsoft.AspNetCore.Hosting.Diagnostics[1]
      Request starting HTTP/2 GET https://localhost:44382/assets/vendor/bootstrap-icons/bootstrap-icons.css - -
info: Microsoft.AspNetCore.Hosting.Diagnostics[1]
      Request starting HTTP/2 GET https://localhost:44382/assets/css/style.css - -
info: Microsoft.AspNetCore.StaticFiles.StaticFileMiddleware[2]
      Sending file. Request path: '/assets/vendor/bootstrap/css/bootstrap.min.css'. Physical path: 'D:\My Work\0We\We Pay Offers\We Pay Offer\WePay-Daily\WePayOffer.Portal\wwwroot\assets\vendor\bootstrap\css\bootstrap.min.css'
info: Microsoft.AspNetCore.StaticFiles.StaticFileMiddleware[2]
      Sending file. Request path: '/assets/vendor/bootstrap-icons/bootstrap-icons.css'. Physical path: 'D:\My Work\0We\We Pay Offers\We Pay Offer\WePay-Daily\WePayOffer.Portal\wwwroot\assets\vendor\bootstrap-icons\bootstrap-icons.css'
info: Microsoft.AspNetCore.StaticFiles.StaticFileMiddleware[2]
      Sending file. Request path: '/assets/css/style.css'. Physical path: 'D:\My Work\0We\We Pay Offers\We Pay Offer\WePay-Daily\WePayOffer.Portal\wwwroot\assets\css\style.css'
info: Microsoft.AspNetCore.Hosting.Diagnostics[2]
      Request finished HTTP/2 GET https://localhost:44382/assets/css/style.css - - - 200 22675 text/css 1.1276ms
info: Microsoft.AspNetCore.Hosting.Diagnostics[2]
      Request finished HTTP/2 GET https://localhost:44382/assets/vendor/bootstrap-icons/bootstrap-icons.css - - - 200 88585 text/css 2.6272ms
info: Microsoft.AspNetCore.Hosting.Diagnostics[2]
      Request finished HTTP/2 GET https://localhost:44382/assets/vendor/bootstrap/css/bootstrap.min.css - - - 200 195498 text/css 4.9856ms
info: Microsoft.AspNetCore.Hosting.Diagnostics[1]
      Request starting HTTP/2 GET https://localhost:44382/assets/vendor/apexcharts/apexcharts.min.js - -
info: Microsoft.AspNetCore.Hosting.Diagnostics[1]
      Request starting HTTP/2 GET https://localhost:44382/assets/vendor/bootstrap/js/bootstrap.bundle.min.js - -
info: Microsoft.AspNetCore.Hosting.Diagnostics[1]
      Request starting HTTP/2 GET https://localhost:44382/assets/js/main.js - -
info: Microsoft.AspNetCore.StaticFiles.StaticFileMiddleware[2]
      Sending file. Request path: '/assets/vendor/bootstrap/js/bootstrap.bundle.min.js'. Physical path: 'D:\My Work\0We\We Pay Offers\We Pay Offer\WePay-Daily\WePayOffer.Portal\wwwroot\assets\vendor\bootstrap\js\bootstrap.bundle.min.js'
info: Microsoft.AspNetCore.StaticFiles.StaticFileMiddleware[2]
      Sending file. Request path: '/assets/vendor/apexcharts/apexcharts.min.js'. Physical path: 'D:\My Work\0We\We Pay Offers\We Pay Offer\WePay-Daily\WePayOffer.Portal\wwwroot\assets\vendor\apexcharts\apexcharts.min.js'
info: Microsoft.AspNetCore.StaticFiles.StaticFileMiddleware[2]
      Sending file. Request path: '/assets/js/main.js'. Physical path: 'D:\My Work\0We\We Pay Offers\We Pay Offer\WePay-Daily\WePayOffer.Portal\wwwroot\assets\js\main.js'
info: Microsoft.AspNetCore.Hosting.Diagnostics[2]
      Request finished HTTP/2 GET https://localhost:44382/assets/js/main.js - - - 200 9301 application/javascript 0.7948ms
info: Microsoft.AspNetCore.Hosting.Diagnostics[1]
      Request starting HTTP/2 GET https://localhost:44382/jquery-3.6.1.min.js - -
info: Microsoft.AspNetCore.StaticFiles.StaticFileMiddleware[2]
      Sending file. Request path: '/jquery-3.6.1.min.js'. Physical path: 'D:\My Work\0We\We Pay Offers\We Pay Offer\WePay-Daily\WePayOffer.Portal\wwwroot\jquery-3.6.1.min.js'
info: Microsoft.AspNetCore.Hosting.Diagnostics[1]
      Request starting HTTP/2 GET https://localhost:44382/assets/js/Custom.js - -
info: Microsoft.AspNetCore.StaticFiles.StaticFileMiddleware[2]
      Sending file. Request path: '/assets/js/Custom.js'. Physical path: 'D:\My Work\0We\We Pay Offers\We Pay Offer\WePay-Daily\WePayOffer.Portal\wwwroot\assets\js\Custom.js'
info: Microsoft.AspNetCore.Hosting.Diagnostics[2]
      Request finished HTTP/2 GET https://localhost:44382/assets/js/Custom.js - - - 200 1475 application/javascript 0.5337ms
info: Microsoft.AspNetCore.Hosting.Diagnostics[1]
      Request starting HTTP/2 GET https://localhost:44382/_framework/aspnetcore-browser-refresh.js - -
info: Microsoft.AspNetCore.Hosting.Diagnostics[2]
      Request finished HTTP/2 GET https://localhost:44382/assets/vendor/bootstrap/js/bootstrap.bundle.min.js - - - 200 80457 application/javascript 4.0357ms
info: Microsoft.AspNetCore.Hosting.Diagnostics[1]
      Request starting HTTP/2 GET https://localhost:44382/assets/img/profile-img.jpg - -
info: Microsoft.AspNetCore.StaticFiles.StaticFileMiddleware[2]
      Sending file. Request path: '/assets/img/profile-img.jpg'. Physical path: 'D:\My Work\0We\We Pay Offers\We Pay Offer\WePay-Daily\WePayOffer.Portal\wwwroot\assets\img\profile-img.jpg'
info: Microsoft.AspNetCore.Hosting.Diagnostics[2]
      Request finished HTTP/2 GET https://localhost:44382/assets/img/profile-img.jpg - - - 200 4957 image/jpeg 0.6108ms
info: Microsoft.AspNetCore.Hosting.Diagnostics[1]
      Request starting HTTP/2 GET https://localhost:44382/_vs/browserLink - -
info: Microsoft.AspNetCore.Hosting.Diagnostics[2]
      Request finished HTTP/2 GET https://localhost:44382/jquery-3.6.1.min.js - - - 200 89664 application/javascript 3.4664ms
info: Microsoft.AspNetCore.Hosting.Diagnostics[2]
      Request finished HTTP/2 GET https://localhost:44382/_framework/aspnetcore-browser-refresh.js - - - 200 12004 application/javascript;+charset=utf-8 1.7907ms
info: Microsoft.AspNetCore.Hosting.Diagnostics[2]
      Request finished HTTP/2 GET https://localhost:44382/assets/vendor/apexcharts/apexcharts.min.js - - - 200 494782 application/javascript 14.0154ms
info: Microsoft.AspNetCore.Hosting.Diagnostics[2]
      Request finished HTTP/2 GET https://localhost:44382/_vs/browserLink - - - 200 - text/javascript;+charset=UTF-8 23.1361ms
info: Microsoft.AspNetCore.Hosting.Diagnostics[1]
      Request starting HTTP/2 GET https://localhost:44382/assets/vendor/bootstrap/css/bootstrap.min.css.map - -
info: Microsoft.AspNetCore.StaticFiles.StaticFileMiddleware[2]
      Sending file. Request path: '/assets/vendor/bootstrap/css/bootstrap.min.css.map'. Physical path: 'D:\My Work\0We\We Pay Offers\We Pay Offer\WePay-Daily\WePayOffer.Portal\wwwroot\assets\vendor\bootstrap\css\bootstrap.min.css.map'
info: Microsoft.AspNetCore.Hosting.Diagnostics[2]
      Request finished HTTP/2 GET https://localhost:44382/assets/vendor/bootstrap/css/bootstrap.min.css.map - - - 200 523491 text/plain 11.1252ms
info: Microsoft.AspNetCore.Hosting.Diagnostics[1]
      Request starting HTTP/2 GET https://localhost:44382/assets/vendor/bootstrap/js/bootstrap.bundle.min.js.map - -
info: Microsoft.AspNetCore.StaticFiles.StaticFileMiddleware[2]
      Sending file. Request path: '/assets/vendor/bootstrap/js/bootstrap.bundle.min.js.map'. Physical path: 'D:\My Work\0We\We Pay Offers\We Pay Offer\WePay-Daily\WePayOffer.Portal\wwwroot\assets\vendor\bootstrap\js\bootstrap.bundle.min.js.map'
info: Microsoft.AspNetCore.Hosting.Diagnostics[2]
      Request finished HTTP/2 GET https://localhost:44382/assets/vendor/bootstrap/js/bootstrap.bundle.min.js.map - - - 200 333312 text/plain 9.8261ms
info: Microsoft.AspNetCore.Hosting.Diagnostics[1]
      Request starting HTTP/2 GET https://localhost:44382/Home/Index - -
info: Microsoft.AspNetCore.Routing.EndpointMiddleware[0]
      Executing endpoint 'WePayOffer.Portal.Controllers.HomeController.Index (WePayOffer.Portal)'
info: Microsoft.AspNetCore.Mvc.Infrastructure.ControllerActionInvoker[3]
      Route matched with {action = "Index", controller = "Home"}. Executing controller action with signature Microsoft.AspNetCore.Mvc.IActionResult Index() on controller WePayOffer.Portal.Controllers.HomeController (WePayOffer.Portal).
info: Microsoft.AspNetCore.Mvc.ViewFeatures.ViewResultExecutor[1]
      Executing ViewResult, running view Index.
info: Microsoft.EntityFrameworkCore.Infrastructure[10403]
      Entity Framework Core 6.0.9 initialized 'ApplicationContext' using provider 'Microsoft.EntityFrameworkCore.SqlServer:6.0.9' with options: None
info: Microsoft.EntityFrameworkCore.Database.Command[20101]
      Executed DbCommand (5ms) [Parameters=[], CommandType='Text', CommandTimeout='30']
      SELECT COUNT(*)
      FROM [ServiceNumber] AS [s]
      WHERE [s].[StatusId] = 1
info: Microsoft.EntityFrameworkCore.Database.Command[20101]
      Executed DbCommand (0ms) [Parameters=[], CommandType='Text', CommandTimeout='30']
      SELECT COUNT(*)
      FROM [ServiceNumber] AS [s]
      WHERE [s].[StatusId] = 4
info: Microsoft.EntityFrameworkCore.Database.Command[20101]
      Executed DbCommand (0ms) [Parameters=[], CommandType='Text', CommandTimeout='30']
      SELECT COUNT(*)
      FROM [ServiceNumber] AS [s]
      WHERE [s].[StatusId] = 3
info: Microsoft.EntityFrameworkCore.Database.Command[20101]
      Executed DbCommand (0ms) [Parameters=[], CommandType='Text', CommandTimeout='30']
      SELECT COUNT(*)
      FROM [ServiceNumber] AS [s]
      WHERE [s].[StatusId] = 2
info: Microsoft.EntityFrameworkCore.Database.Command[20101]
      Executed DbCommand (3ms) [Parameters=[], CommandType='Text', CommandTimeout='30']
      SELECT COUNT(*)
      FROM [ServiceNumber] AS [s]
info: Microsoft.EntityFrameworkCore.Database.Command[20101]
      Executed DbCommand (0ms) [Parameters=[], CommandType='Text', CommandTimeout='30']
      SELECT [s].[Id], [s].[CreationDate], [s].[Number], [s].[OfferId], [s].[StatusId]
      FROM [ServiceNumber] AS [s]
info: Microsoft.EntityFrameworkCore.Database.Command[20101]
      Executed DbCommand (13ms) [Parameters=[], CommandType='Text', CommandTimeout='30']
      SELECT [s].[Id], [s].[CreationDate], [s].[Number], [s].[OfferId], [s].[StatusId]
      FROM [ServiceNumber] AS [s]
      WHERE (DATEPART(year, [s].[CreationDate]) = DATEPART(year, GETDATE())) AND (DATEPART(month, [s].[CreationDate]) = 1)
info: Microsoft.EntityFrameworkCore.Database.Command[20101]
      Executed DbCommand (12ms) [Parameters=[], CommandType='Text', CommandTimeout='30']
      SELECT [s].[Id], [s].[CreationDate], [s].[Number], [s].[OfferId], [s].[StatusId]
      FROM [ServiceNumber] AS [s]
      WHERE (DATEPART(year, [s].[CreationDate]) = DATEPART(year, GETDATE())) AND (DATEPART(month, [s].[CreationDate]) = 2)
info: Microsoft.EntityFrameworkCore.Database.Command[20101]
      Executed DbCommand (16ms) [Parameters=[], CommandType='Text', CommandTimeout='30']
      SELECT [s].[Id], [s].[CreationDate], [s].[Number], [s].[OfferId], [s].[StatusId]
      FROM [ServiceNumber] AS [s]
      WHERE (DATEPART(year, [s].[CreationDate]) = DATEPART(year, GETDATE())) AND (DATEPART(month, [s].[CreationDate]) = 3)
info: Microsoft.EntityFrameworkCore.Database.Command[20101]
      Executed DbCommand (12ms) [Parameters=[], CommandType='Text', CommandTimeout='30']
      SELECT [s].[Id], [s].[CreationDate], [s].[Number], [s].[OfferId], [s].[StatusId]
      FROM [ServiceNumber] AS [s]
      WHERE (DATEPART(year, [s].[CreationDate]) = DATEPART(year, GETDATE())) AND (DATEPART(month, [s].[CreationDate]) = 4)
info: Microsoft.EntityFrameworkCore.Database.Command[20101]
      Executed DbCommand (20ms) [Parameters=[], CommandType='Text', CommandTimeout='30']
      SELECT [s].[Id], [s].[CreationDate], [s].[Number], [s].[OfferId], [s].[StatusId]
      FROM [ServiceNumber] AS [s]
      WHERE (DATEPART(year, [s].[CreationDate]) = DATEPART(year, GETDATE())) AND (DATEPART(month, [s].[CreationDate]) = 5)
info: Microsoft.EntityFrameworkCore.Database.Command[20101]
      Executed DbCommand (15ms) [Parameters=[], CommandType='Text', CommandTimeout='30']
      SELECT [s].[Id], [s].[CreationDate], [s].[Number], [s].[OfferId], [s].[StatusId]
      FROM [ServiceNumber] AS [s]
      WHERE (DATEPART(year, [s].[CreationDate]) = DATEPART(year, GETDATE())) AND (DATEPART(month, [s].[CreationDate]) = 6)
info: Microsoft.EntityFrameworkCore.Database.Command[20101]
      Executed DbCommand (12ms) [Parameters=[], CommandType='Text', CommandTimeout='30']
      SELECT [s].[Id], [s].[CreationDate], [s].[Number], [s].[OfferId], [s].[StatusId]
      FROM [ServiceNumber] AS [s]
      WHERE (DATEPART(year, [s].[CreationDate]) = DATEPART(year, GETDATE())) AND (DATEPART(month, [s].[CreationDate]) = 7)
info: Microsoft.EntityFrameworkCore.Database.Command[20101]
      Executed DbCommand (12ms) [Parameters=[], CommandType='Text', CommandTimeout='30']
      SELECT [s].[Id], [s].[CreationDate], [s].[Number], [s].[OfferId], [s].[StatusId]
      FROM [ServiceNumber] AS [s]
      WHERE (DATEPART(year, [s].[CreationDate]) = DATEPART(year, GETDATE())) AND (DATEPART(month, [s].[CreationDate]) = 8)
info: Microsoft.EntityFrameworkCore.Database.Command[20101]
      Executed DbCommand (13ms) [Parameters=[], CommandType='Text', CommandTimeout='30']
      SELECT [s].[Id], [s].[CreationDate], [s].[Number], [s].[OfferId], [s].[StatusId]
      FROM [ServiceNumber] AS [s]
      WHERE (DATEPART(year, [s].[CreationDate]) = DATEPART(year, GETDATE())) AND (DATEPART(month, [s].[CreationDate]) = 9)
info: Microsoft.EntityFrameworkCore.Database.Command[20101]
      Executed DbCommand (14ms) [Parameters=[], CommandType='Text', CommandTimeout='30']
      SELECT [s].[Id], [s].[CreationDate], [s].[Number], [s].[OfferId], [s].[StatusId]
      FROM [ServiceNumber] AS [s]
      WHERE (DATEPART(year, [s].[CreationDate]) = DATEPART(year, GETDATE())) AND (DATEPART(month, [s].[CreationDate]) = 10)
info: Microsoft.EntityFrameworkCore.Database.Command[20101]
      Executed DbCommand (0ms) [Parameters=[], CommandType='Text', CommandTimeout='30']
      SELECT [s].[Id], [s].[CreationDate], [s].[Number], [s].[OfferId], [s].[StatusId]
      FROM [ServiceNumber] AS [s]
      WHERE (DATEPART(year, [s].[CreationDate]) = DATEPART(year, GETDATE())) AND (DATEPART(month, [s].[CreationDate]) = 11)
info: Microsoft.EntityFrameworkCore.Database.Command[20101]
      Executed DbCommand (11ms) [Parameters=[], CommandType='Text', CommandTimeout='30']
      SELECT [s].[Id], [s].[CreationDate], [s].[Number], [s].[OfferId], [s].[StatusId]
      FROM [ServiceNumber] AS [s]
      WHERE (DATEPART(year, [s].[CreationDate]) = DATEPART(year, GETDATE())) AND (DATEPART(month, [s].[CreationDate]) = 12)
info: Microsoft.AspNetCore.Mvc.ViewFeatures.ViewResultExecutor[4]
      Executed ViewResult - view Index executed in 471.6506ms.
info: Microsoft.AspNetCore.Mvc.Infrastructure.ControllerActionInvoker[2]
      Executed action WePayOffer.Portal.Controllers.HomeController.Index (WePayOffer.Portal) in 471.9563ms
info: Microsoft.AspNetCore.Routing.EndpointMiddleware[1]
      Executed endpoint 'WePayOffer.Portal.Controllers.HomeController.Index (WePayOffer.Portal)'
info: Microsoft.AspNetCore.Hosting.Diagnostics[2]
      Request finished HTTP/2 GET https://localhost:44382/Home/Index - - - 200 - text/html;+charset=utf-8 477.7076ms
info: Microsoft.AspNetCore.Hosting.Diagnostics[1]
      Request starting HTTP/2 GET https://localhost:44382/assets/vendor/bootstrap/css/bootstrap.min.css - -
info: Microsoft.AspNetCore.Hosting.Diagnostics[1]
      Request starting HTTP/2 GET https://localhost:44382/assets/vendor/bootstrap-icons/bootstrap-icons.css - -
info: Microsoft.AspNetCore.Hosting.Diagnostics[1]
      Request starting HTTP/2 GET https://localhost:44382/assets/css/style.css - -
info: Microsoft.AspNetCore.StaticFiles.StaticFileMiddleware[2]
      Sending file. Request path: '/assets/vendor/bootstrap/css/bootstrap.min.css'. Physical path: 'D:\My Work\0We\We Pay Offers\We Pay Offer\WePay-Daily\WePayOffer.Portal\wwwroot\assets\vendor\bootstrap\css\bootstrap.min.css'
info: Microsoft.AspNetCore.StaticFiles.StaticFileMiddleware[2]
      Sending file. Request path: '/assets/vendor/bootstrap-icons/bootstrap-icons.css'. Physical path: 'D:\My Work\0We\We Pay Offers\We Pay Offer\WePay-Daily\WePayOffer.Portal\wwwroot\assets\vendor\bootstrap-icons\bootstrap-icons.css'
info: Microsoft.AspNetCore.StaticFiles.StaticFileMiddleware[2]
      Sending file. Request path: '/assets/css/style.css'. Physical path: 'D:\My Work\0We\We Pay Offers\We Pay Offer\WePay-Daily\WePayOffer.Portal\wwwroot\assets\css\style.css'
info: Microsoft.AspNetCore.Hosting.Diagnostics[2]
      Request finished HTTP/2 GET https://localhost:44382/assets/css/style.css - - - 200 22675 text/css 0.8668ms
info: Microsoft.AspNetCore.Hosting.Diagnostics[2]
      Request finished HTTP/2 GET https://localhost:44382/assets/vendor/bootstrap-icons/bootstrap-icons.css - - - 200 88585 text/css 2.2904ms
info: Microsoft.AspNetCore.Hosting.Diagnostics[2]
      Request finished HTTP/2 GET https://localhost:44382/assets/vendor/bootstrap/css/bootstrap.min.css - - - 200 195498 text/css 5.8202ms
info: Microsoft.AspNetCore.Hosting.Diagnostics[1]
      Request starting HTTP/2 GET https://localhost:44382/assets/vendor/apexcharts/apexcharts.min.js - -
info: Microsoft.AspNetCore.StaticFiles.StaticFileMiddleware[2]
      Sending file. Request path: '/assets/vendor/apexcharts/apexcharts.min.js'. Physical path: 'D:\My Work\0We\We Pay Offers\We Pay Offer\WePay-Daily\WePayOffer.Portal\wwwroot\assets\vendor\apexcharts\apexcharts.min.js'
info: Microsoft.AspNetCore.Hosting.Diagnostics[2]
      Request finished HTTP/2 GET https://localhost:44382/assets/vendor/apexcharts/apexcharts.min.js - - - 200 494782 application/javascript 12.2263ms
info: Microsoft.AspNetCore.Hosting.Diagnostics[1]
      Request starting HTTP/2 GET https://localhost:44382/assets/vendor/bootstrap/css/bootstrap.min.css.map - -
info: Microsoft.AspNetCore.Hosting.Diagnostics[1]
      Request starting HTTP/2 GET https://localhost:44382/assets/vendor/bootstrap/js/bootstrap.bundle.min.js - -
info: Microsoft.AspNetCore.StaticFiles.StaticFileMiddleware[2]
      Sending file. Request path: '/assets/vendor/bootstrap/css/bootstrap.min.css.map'. Physical path: 'D:\My Work\0We\We Pay Offers\We Pay Offer\WePay-Daily\WePayOffer.Portal\wwwroot\assets\vendor\bootstrap\css\bootstrap.min.css.map'
info: Microsoft.AspNetCore.Hosting.Diagnostics[1]
      Request starting HTTP/2 GET https://localhost:44382/assets/js/main.js - -
info: Microsoft.AspNetCore.Hosting.Diagnostics[1]
      Request starting HTTP/2 GET https://localhost:44382/jquery-3.6.1.min.js - -
info: Microsoft.AspNetCore.StaticFiles.StaticFileMiddleware[2]
      Sending file. Request path: '/assets/vendor/bootstrap/js/bootstrap.bundle.min.js'. Physical path: 'D:\My Work\0We\We Pay Offers\We Pay Offer\WePay-Daily\WePayOffer.Portal\wwwroot\assets\vendor\bootstrap\js\bootstrap.bundle.min.js'
info: Microsoft.AspNetCore.StaticFiles.StaticFileMiddleware[2]
      Sending file. Request path: '/assets/js/main.js'. Physical path: 'D:\My Work\0We\We Pay Offers\We Pay Offer\WePay-Daily\WePayOffer.Portal\wwwroot\assets\js\main.js'
info: Microsoft.AspNetCore.Hosting.Diagnostics[2]
      Request finished HTTP/2 GET https://localhost:44382/assets/js/main.js - - - 200 9301 application/javascript 0.7443ms
info: Microsoft.AspNetCore.Hosting.Diagnostics[1]
      Request starting HTTP/2 GET https://localhost:44382/assets/js/Custom.js - -
info: Microsoft.AspNetCore.StaticFiles.StaticFileMiddleware[2]
      Sending file. Request path: '/jquery-3.6.1.min.js'. Physical path: 'D:\My Work\0We\We Pay Offers\We Pay Offer\WePay-Daily\WePayOffer.Portal\wwwroot\jquery-3.6.1.min.js'
info: Microsoft.AspNetCore.StaticFiles.StaticFileMiddleware[2]
      Sending file. Request path: '/assets/js/Custom.js'. Physical path: 'D:\My Work\0We\We Pay Offers\We Pay Offer\WePay-Daily\WePayOffer.Portal\wwwroot\assets\js\Custom.js'
info: Microsoft.AspNetCore.Hosting.Diagnostics[2]
      Request finished HTTP/2 GET https://localhost:44382/assets/js/Custom.js - - - 200 1475 application/javascript 0.4224ms
info: Microsoft.AspNetCore.Hosting.Diagnostics[1]
      Request starting HTTP/2 GET https://localhost:44382/_framework/aspnetcore-browser-refresh.js - -
info: Microsoft.AspNetCore.Hosting.Diagnostics[2]
      Request finished HTTP/2 GET https://localhost:44382/_framework/aspnetcore-browser-refresh.js - - - 200 12004 application/javascript;+charset=utf-8 0.4957ms
info: Microsoft.AspNetCore.Hosting.Diagnostics[1]
      Request starting HTTP/2 GET https://localhost:44382/assets/vendor/bootstrap-icons/fonts/bootstrap-icons.woff2?8d200481aa7f02a2d63a331fc782cfaf - -
info: Microsoft.AspNetCore.Hosting.Diagnostics[2]
      Request finished HTTP/2 GET https://localhost:44382/assets/vendor/bootstrap/js/bootstrap.bundle.min.js - - - 200 80457 application/javascript 3.2544ms
info: Microsoft.AspNetCore.StaticFiles.StaticFileMiddleware[2]
      Sending file. Request path: '/assets/vendor/bootstrap-icons/fonts/bootstrap-icons.woff2'. Physical path: 'D:\My Work\0We\We Pay Offers\We Pay Offer\WePay-Daily\WePayOffer.Portal\wwwroot\assets\vendor\bootstrap-icons\fonts\bootstrap-icons.woff2'
info: Microsoft.AspNetCore.Hosting.Diagnostics[1]
      Request starting HTTP/2 GET https://localhost:44382/assets/img/logoo.png - -
info: Microsoft.AspNetCore.Hosting.Diagnostics[2]
      Request finished HTTP/2 GET https://localhost:44382/assets/vendor/bootstrap-icons/fonts/bootstrap-icons.woff2?8d200481aa7f02a2d63a331fc782cfaf - - - 200 112440 font/woff2 0.8554ms
info: Microsoft.AspNetCore.StaticFiles.StaticFileMiddleware[2]
      Sending file. Request path: '/assets/img/logoo.png'. Physical path: 'D:\My Work\0We\We Pay Offers\We Pay Offer\WePay-Daily\WePayOffer.Portal\wwwroot\assets\img\logoo.png'
info: Microsoft.AspNetCore.Hosting.Diagnostics[2]
      Request finished HTTP/2 GET https://localhost:44382/jquery-3.6.1.min.js - - - 200 89664 application/javascript 3.0589ms
info: Microsoft.AspNetCore.Hosting.Diagnostics[2]
      Request finished HTTP/2 GET https://localhost:44382/assets/img/logoo.png - - - 200 60170 image/png 0.6166ms
info: Microsoft.AspNetCore.Hosting.Diagnostics[1]
      Request starting HTTP/2 GET https://localhost:44382/assets/img/profile-img.jpg - -
info: Microsoft.AspNetCore.StaticFiles.StaticFileMiddleware[2]
      Sending file. Request path: '/assets/img/profile-img.jpg'. Physical path: 'D:\My Work\0We\We Pay Offers\We Pay Offer\WePay-Daily\WePayOffer.Portal\wwwroot\assets\img\profile-img.jpg'
info: Microsoft.AspNetCore.Hosting.Diagnostics[2]
      Request finished HTTP/2 GET https://localhost:44382/assets/img/profile-img.jpg - - - 200 4957 image/jpeg 0.3348ms
info: Microsoft.AspNetCore.Hosting.Diagnostics[2]
      Request finished HTTP/2 GET https://localhost:44382/assets/vendor/bootstrap/css/bootstrap.min.css.map - - - 200 523491 text/plain 11.5762ms
info: Microsoft.AspNetCore.Hosting.Diagnostics[1]
      Request starting HTTP/2 GET https://localhost:44382/_vs/browserLink - -
info: Microsoft.AspNetCore.Hosting.Diagnostics[1]
      Request starting HTTP/2 GET https://localhost:44382/assets/vendor/bootstrap/js/bootstrap.bundle.min.js.map - -
info: Microsoft.AspNetCore.StaticFiles.StaticFileMiddleware[2]
      Sending file. Request path: '/assets/vendor/bootstrap/js/bootstrap.bundle.min.js.map'. Physical path: 'D:\My Work\0We\We Pay Offers\We Pay Offer\WePay-Daily\WePayOffer.Portal\wwwroot\assets\vendor\bootstrap\js\bootstrap.bundle.min.js.map'
info: Microsoft.AspNetCore.Hosting.Diagnostics[2]
      Request finished HTTP/2 GET https://localhost:44382/assets/vendor/bootstrap/js/bootstrap.bundle.min.js.map - - - 200 333312 text/plain 10.1361ms
info: Microsoft.AspNetCore.Hosting.Diagnostics[2]
      Request finished HTTP/2 GET https://localhost:44382/_vs/browserLink - - - 200 - text/javascript;+charset=UTF-8 21.3587ms
info: Microsoft.AspNetCore.Hosting.Diagnostics[1]
      Request starting HTTP/2 GET https://localhost:44382/assets/img/logoo.png - -
info: Microsoft.AspNetCore.StaticFiles.StaticFileMiddleware[2]
      Sending file. Request path: '/assets/img/logoo.png'. Physical path: 'D:\My Work\0We\We Pay Offers\We Pay Offer\WePay-Daily\WePayOffer.Portal\wwwroot\assets\img\logoo.png'
info: Microsoft.AspNetCore.Hosting.Diagnostics[2]
      Request finished HTTP/2 GET https://localhost:44382/assets/img/logoo.png - - - 200 60170 image/png 1.8619ms
info: Microsoft.AspNetCore.Hosting.Diagnostics[1]
      Request starting HTTP/2 GET https://localhost:44382/Home/Index - -
info: Microsoft.AspNetCore.Routing.EndpointMiddleware[0]
      Executing endpoint 'WePayOffer.Portal.Controllers.HomeController.Index (WePayOffer.Portal)'
info: Microsoft.AspNetCore.Mvc.Infrastructure.ControllerActionInvoker[3]
      Route matched with {action = "Index", controller = "Home"}. Executing controller action with signature Microsoft.AspNetCore.Mvc.IActionResult Index() on controller WePayOffer.Portal.Controllers.HomeController (WePayOffer.Portal).
info: Microsoft.AspNetCore.Mvc.ViewFeatures.ViewResultExecutor[1]
      Executing ViewResult, running view Index.
info: Microsoft.EntityFrameworkCore.Infrastructure[10403]
      Entity Framework Core 6.0.9 initialized 'ApplicationContext' using provider 'Microsoft.EntityFrameworkCore.SqlServer:6.0.9' with options: None
info: Microsoft.EntityFrameworkCore.Database.Command[20101]
      Executed DbCommand (3ms) [Parameters=[], CommandType='Text', CommandTimeout='30']
      SELECT COUNT(*)
      FROM [ServiceNumber] AS [s]
      WHERE [s].[StatusId] = 1
info: Microsoft.EntityFrameworkCore.Database.Command[20101]
      Executed DbCommand (0ms) [Parameters=[], CommandType='Text', CommandTimeout='30']
      SELECT COUNT(*)
      FROM [ServiceNumber] AS [s]
      WHERE [s].[StatusId] = 4
info: Microsoft.EntityFrameworkCore.Database.Command[20101]
      Executed DbCommand (0ms) [Parameters=[], CommandType='Text', CommandTimeout='30']
      SELECT COUNT(*)
      FROM [ServiceNumber] AS [s]
      WHERE [s].[StatusId] = 3
info: Microsoft.EntityFrameworkCore.Database.Command[20101]
      Executed DbCommand (0ms) [Parameters=[], CommandType='Text', CommandTimeout='30']
      SELECT COUNT(*)
      FROM [ServiceNumber] AS [s]
      WHERE [s].[StatusId] = 2
info: Microsoft.EntityFrameworkCore.Database.Command[20101]
      Executed DbCommand (3ms) [Parameters=[], CommandType='Text', CommandTimeout='30']
      SELECT COUNT(*)
      FROM [ServiceNumber] AS [s]
info: Microsoft.EntityFrameworkCore.Database.Command[20101]
      Executed DbCommand (0ms) [Parameters=[], CommandType='Text', CommandTimeout='30']
      SELECT [s].[Id], [s].[CreationDate], [s].[Number], [s].[OfferId], [s].[StatusId]
      FROM [ServiceNumber] AS [s]
info: Microsoft.EntityFrameworkCore.Database.Command[20101]
      Executed DbCommand (17ms) [Parameters=[], CommandType='Text', CommandTimeout='30']
      SELECT [s].[Id], [s].[CreationDate], [s].[Number], [s].[OfferId], [s].[StatusId]
      FROM [ServiceNumber] AS [s]
      WHERE (DATEPART(year, [s].[CreationDate]) = DATEPART(year, GETDATE())) AND (DATEPART(month, [s].[CreationDate]) = 1)
info: Microsoft.EntityFrameworkCore.Database.Command[20101]
      Executed DbCommand (13ms) [Parameters=[], CommandType='Text', CommandTimeout='30']
      SELECT [s].[Id], [s].[CreationDate], [s].[Number], [s].[OfferId], [s].[StatusId]
      FROM [ServiceNumber] AS [s]
      WHERE (DATEPART(year, [s].[CreationDate]) = DATEPART(year, GETDATE())) AND (DATEPART(month, [s].[CreationDate]) = 2)
info: Microsoft.EntityFrameworkCore.Database.Command[20101]
      Executed DbCommand (12ms) [Parameters=[], CommandType='Text', CommandTimeout='30']
      SELECT [s].[Id], [s].[CreationDate], [s].[Number], [s].[OfferId], [s].[StatusId]
      FROM [ServiceNumber] AS [s]
      WHERE (DATEPART(year, [s].[CreationDate]) = DATEPART(year, GETDATE())) AND (DATEPART(month, [s].[CreationDate]) = 3)
info: Microsoft.EntityFrameworkCore.Database.Command[20101]
      Executed DbCommand (14ms) [Parameters=[], CommandType='Text', CommandTimeout='30']
      SELECT [s].[Id], [s].[CreationDate], [s].[Number], [s].[OfferId], [s].[StatusId]
      FROM [ServiceNumber] AS [s]
      WHERE (DATEPART(year, [s].[CreationDate]) = DATEPART(year, GETDATE())) AND (DATEPART(month, [s].[CreationDate]) = 4)
info: Microsoft.EntityFrameworkCore.Database.Command[20101]
      Executed DbCommand (12ms) [Parameters=[], CommandType='Text', CommandTimeout='30']
      SELECT [s].[Id], [s].[CreationDate], [s].[Number], [s].[OfferId], [s].[StatusId]
      FROM [ServiceNumber] AS [s]
      WHERE (DATEPART(year, [s].[CreationDate]) = DATEPART(year, GETDATE())) AND (DATEPART(month, [s].[CreationDate]) = 5)
info: Microsoft.EntityFrameworkCore.Database.Command[20101]
      Executed DbCommand (13ms) [Parameters=[], CommandType='Text', CommandTimeout='30']
      SELECT [s].[Id], [s].[CreationDate], [s].[Number], [s].[OfferId], [s].[StatusId]
      FROM [ServiceNumber] AS [s]
      WHERE (DATEPART(year, [s].[CreationDate]) = DATEPART(year, GETDATE())) AND (DATEPART(month, [s].[CreationDate]) = 6)
info: Microsoft.EntityFrameworkCore.Database.Command[20101]
      Executed DbCommand (12ms) [Parameters=[], CommandType='Text', CommandTimeout='30']
      SELECT [s].[Id], [s].[CreationDate], [s].[Number], [s].[OfferId], [s].[StatusId]
      FROM [ServiceNumber] AS [s]
      WHERE (DATEPART(year, [s].[CreationDate]) = DATEPART(year, GETDATE())) AND (DATEPART(month, [s].[CreationDate]) = 7)
info: Microsoft.EntityFrameworkCore.Database.Command[20101]
      Executed DbCommand (14ms) [Parameters=[], CommandType='Text', CommandTimeout='30']
      SELECT [s].[Id], [s].[CreationDate], [s].[Number], [s].[OfferId], [s].[StatusId]
      FROM [ServiceNumber] AS [s]
      WHERE (DATEPART(year, [s].[CreationDate]) = DATEPART(year, GETDATE())) AND (DATEPART(month, [s].[CreationDate]) = 8)
info: Microsoft.EntityFrameworkCore.Database.Command[20101]
      Executed DbCommand (12ms) [Parameters=[], CommandType='Text', CommandTimeout='30']
      SELECT [s].[Id], [s].[CreationDate], [s].[Number], [s].[OfferId], [s].[StatusId]
      FROM [ServiceNumber] AS [s]
      WHERE (DATEPART(year, [s].[CreationDate]) = DATEPART(year, GETDATE())) AND (DATEPART(month, [s].[CreationDate]) = 9)
info: Microsoft.EntityFrameworkCore.Database.Command[20101]
      Executed DbCommand (17ms) [Parameters=[], CommandType='Text', CommandTimeout='30']
      SELECT [s].[Id], [s].[CreationDate], [s].[Number], [s].[OfferId], [s].[StatusId]
      FROM [ServiceNumber] AS [s]
      WHERE (DATEPART(year, [s].[CreationDate]) = DATEPART(year, GETDATE())) AND (DATEPART(month, [s].[CreationDate]) = 10)
info: Microsoft.EntityFrameworkCore.Database.Command[20101]
      Executed DbCommand (0ms) [Parameters=[], CommandType='Text', CommandTimeout='30']
      SELECT [s].[Id], [s].[CreationDate], [s].[Number], [s].[OfferId], [s].[StatusId]
      FROM [ServiceNumber] AS [s]
      WHERE (DATEPART(year, [s].[CreationDate]) = DATEPART(year, GETDATE())) AND (DATEPART(month, [s].[CreationDate]) = 11)
info: Microsoft.EntityFrameworkCore.Database.Command[20101]
      Executed DbCommand (12ms) [Parameters=[], CommandType='Text', CommandTimeout='30']
      SELECT [s].[Id], [s].[CreationDate], [s].[Number], [s].[OfferId], [s].[StatusId]
      FROM [ServiceNumber] AS [s]
      WHERE (DATEPART(year, [s].[CreationDate]) = DATEPART(year, GETDATE())) AND (DATEPART(month, [s].[CreationDate]) = 12)
info: Microsoft.AspNetCore.Mvc.ViewFeatures.ViewResultExecutor[4]
      Executed ViewResult - view Index executed in 485.6458ms.
info: Microsoft.AspNetCore.Mvc.Infrastructure.ControllerActionInvoker[2]
      Executed action WePayOffer.Portal.Controllers.HomeController.Index (WePayOffer.Portal) in 485.8123ms
info: Microsoft.AspNetCore.Routing.EndpointMiddleware[1]
      Executed endpoint 'WePayOffer.Portal.Controllers.HomeController.Index (WePayOffer.Portal)'
info: Microsoft.AspNetCore.Hosting.Diagnostics[2]
      Request finished HTTP/2 GET https://localhost:44382/Home/Index - - - 200 - text/html;+charset=utf-8 495.1648ms
info: Microsoft.AspNetCore.Hosting.Diagnostics[1]
      Request starting HTTP/2 GET https://localhost:44382/assets/css/style.css - -
info: Microsoft.AspNetCore.StaticFiles.StaticFileMiddleware[6]
      The file /assets/css/style.css was not modified
info: Microsoft.AspNetCore.Hosting.Diagnostics[2]
      Request finished HTTP/2 GET https://localhost:44382/assets/css/style.css - - -