info: Microsoft.AspNetCore.DataProtection.KeyManagement.XmlKeyManager[63]
      User profile is available. Using 'C:\Users\Ahmed El Gendy\AppData\Local\ASP.NET\DataProtection-Keys' as key repository and Windows DPAPI to encrypt keys at rest.
info: Microsoft.Hosting.Lifetime[0]
      Application started. Press Ctrl+C to shut down.
info: Microsoft.Hosting.Lifetime[0]
      Hosting environment: Development
info: Microsoft.Hosting.Lifetime[0]
      Content root path: D:\My Work\0We\We Pay Offers\We Pay Offer\WePay-Daily\WePayOffer.Portal\
info: Microsoft.AspNetCore.Hosting.Diagnostics[1]
      Request starting HTTP/2 GET https://localhost:44382/ - -
info: Microsoft.AspNetCore.Authorization.DefaultAuthorizationService[2]
      Authorization failed. These requirements were not met:
      DenyAnonymousAuthorizationRequirement: Requires an authenticated user.
info: Microsoft.AspNetCore.Authentication.Cookies.CookieAuthenticationHandler[12]
      AuthenticationScheme: Identity.Application was challenged.
info: Microsoft.AspNetCore.Hosting.Diagnostics[2]
      Request finished HTTP/2 GET https://localhost:44382/ - - - 302 - - 48.2782ms
info: Microsoft.AspNetCore.Hosting.Diagnostics[1]
      Request starting HTTP/2 GET https://localhost:44382/Account/Login?ReturnUrl=%2F - -
info: Microsoft.AspNetCore.Authorization.DefaultAuthorizationService[2]
      Authorization failed. These requirements were not met:
      DenyAnonymousAuthorizationRequirement: Requires an authenticated user.
info: Microsoft.AspNetCore.Authentication.Cookies.CookieAuthenticationHandler[12]
      AuthenticationScheme: Identity.Application was challenged.
info: Microsoft.AspNetCore.Hosting.Diagnostics[2]
      Request finished HTTP/2 GET https://localhost:44382/Account/Login?ReturnUrl=%2F - - - 302 - - 6.0621ms
info: Microsoft.AspNetCore.Hosting.Diagnostics[1]
      Request starting HTTP/2 GET https://localhost:44382/Account/Login?ReturnUrl=%2FAccount%2FLogin%3FReturnUrl%3D%252F - -
info: Microsoft.AspNetCore.Authorization.DefaultAuthorizationService[2]
      Authorization failed. These requirements were not met:
      DenyAnonymousAuthorizationRequirement: Requires an authenticated user.
info: Microsoft.AspNetCore.Authentication.Cookies.CookieAuthenticationHandler[12]
      AuthenticationScheme: Identity.Application was challenged.
info: Microsoft.AspNetCore.Hosting.Diagnostics[2]
      Request finished HTTP/2 GET https://localhost:44382/Account/Login?ReturnUrl=%2FAccount%2FLogin%3FReturnUrl%3D%252F - - - 302 - - 2.3390ms
info: Microsoft.AspNetCore.Hosting.Diagnostics[1]
      Request starting HTTP/2 GET https://localhost:44382/Account/Login?ReturnUrl=%2FAccount%2FLogin%3FReturnUrl%3D%252FAccount%252FLogin%253FReturnUrl%253D%25252F - -
info: Microsoft.AspNetCore.Authorization.DefaultAuthorizationService[2]
      Authorization failed. These requirements were not met:
      DenyAnonymousAuthorizationRequirement: Requires an authenticated user.
info: Microsoft.AspNetCore.Authentication.Cookies.CookieAuthenticationHandler[12]
      AuthenticationScheme: Identity.Application was challenged.
info: Microsoft.AspNetCore.Hosting.Diagnostics[2]
      Request finished HTTP/2 GET https://localhost:44382/Account/Login?ReturnUrl=%2FAccount%2FLogin%3FReturnUrl%3D%252FAccount%252FLogin%253FReturnUrl%253D%25252F - - - 302 - - 0.7184ms
info: Microsoft.AspNetCore.Hosting.Diagnostics[1]
      Request starting HTTP/2 GET https://localhost:44382/Account/Login?ReturnUrl=%2FAccount%2FLogin%3FReturnUrl%3D%252FAccount%252FLogin%253FReturnUrl%253D%25252FAccount%25252FLogin%25253FReturnUrl%25253D%2525252F - -
info: Microsoft.AspNetCore.Authorization.DefaultAuthorizationService[2]
      Authorization failed. These requirements were not met:
      DenyAnonymousAuthorizationRequirement: Requires an authenticated user.
info: Microsoft.AspNetCore.Authentication.Cookies.CookieAuthenticationHandler[12]
      AuthenticationScheme: Identity.Application was challenged.
info: Microsoft.AspNetCore.Hosting.Diagnostics[2]
      Request finished HTTP/2 GET https://localhost:44382/Account/Login?ReturnUrl=%2FAccount%2FLogin%3FReturnUrl%3D%252FAccount%252FLogin%253FReturnUrl%253D%25252FAccount%25252FLogin%25253FReturnUrl%25253D%2525252F - - - 302 - - 0.7158ms
info: Microsoft.AspNetCore.Hosting.Diagnostics[1]
      Request starting HTTP/2 GET https://localhost:44382/Account/Login?ReturnUrl=%2FAccount%2FLogin%3FReturnUrl%3D%252FAccount%252FLogin%253FReturnUrl%253D%25252FAccount%25252FLogin%25253FReturnUrl%25253D%2525252FAccount%2525252FLogin%2525253FReturnUrl%2525253D%252525252F - -
info: Microsoft.AspNetCore.Authorization.DefaultAuthorizationService[2]
      Authorization failed. These requirements were not met:
      DenyAnonymousAuthorizationRequirement: Requires an authenticated user.
info: Microsoft.AspNetCore.Authentication.Cookies.CookieAuthenticationHandler[12]
      AuthenticationScheme: Identity.Application was challenged.
info: Microsoft.AspNetCore.Hosting.Diagnostics[2]
      Request finished HTTP/2 GET https://localhost:44382/Account/Login?ReturnUrl=%2FAccount%2FLogin%3FReturnUrl%3D%252FAccount%252FLogin%253FReturnUrl%253D%25252FAccount%25252FLogin%25253FReturnUrl%25253D%2525252FAccount%2525252FLogin%2525253FReturnUrl%2525253D%252525252F - - - 302 - - 0.9200ms
info: Microsoft.AspNetCore.Hosting.Diagnostics[1]
      Request starting HTTP/2 GET https://localhost:44382/Account/Login?ReturnUrl=%2FAccount%2FLogin%3FReturnUrl%3D%252FAccount%252FLogin%253FReturnUrl%253D%25252FAccount%25252FLogin%25253FReturnUrl%25253D%2525252FAccount%2525252FLogin%2525253FReturnUrl%2525253D%252525252FAccount%252525252FLogin%252525253FReturnUrl%252525253D%25252525252F - -
info: Microsoft.AspNetCore.Authorization.DefaultAuthorizationService[2]
      Authorization failed. These requirements were not met:
      DenyAnonymousAuthorizationRequirement: Requires an authenticated user.
info: Microsoft.AspNetCore.Authentication.Cookies.CookieAuthenticationHandler[12]
      AuthenticationScheme: Identity.Application was challenged.
info: Microsoft.AspNetCore.Hosting.Diagnostics[2]
      Request finished HTTP/2 GET https://localhost:44382/Account/Login?ReturnUrl=%2FAccount%2FLogin%3FReturnUrl%3D%252FAccount%252FLogin%253FReturnUrl%253D%25252FAccount%25252FLogin%25253FReturnUrl%25253D%2525252FAccount%2525252FLogin%2525253FReturnUrl%2525253D%252525252FAccount%252525252FLogin%252525253FReturnUrl%252525253D%25252525252F - - - 302 - - 0.7185ms
info: Microsoft.AspNetCore.Hosting.Diagnostics[1]
      Request starting HTTP/2 GET https://localhost:44382/Account/Login?ReturnUrl=%2FAccount%2FLogin%3FReturnUrl%3D%252FAccount%252FLogin%253FReturnUrl%253D%25252FAccount%25252FLogin%25253FReturnUrl%25253D%2525252FAccount%2525252FLogin%2525253FReturnUrl%2525253D%252525252FAccount%252525252FLogin%252525253FReturnUrl%252525253D%25252525252FAccount%25252525252FLogin%25252525253FReturnUrl%25252525253D%2525252525252F - -
info: Microsoft.AspNetCore.Authorization.DefaultAuthorizationService[2]
      Authorization failed. These requirements were not met:
      DenyAnonymousAuthorizationRequirement: Requires an authenticated user.
info: Microsoft.AspNetCore.Authentication.Cookies.CookieAuthenticationHandler[12]
      AuthenticationScheme: Identity.Application was challenged.
info: Microsoft.AspNetCore.Hosting.Diagnostics[2]
      Request finished HTTP/2 GET https://localhost:44382/Account/Login?ReturnUrl=%2FAccount%2FLogin%3FReturnUrl%3D%252FAccount%252FLogin%253FReturnUrl%253D%25252FAccount%25252FLogin%25253FReturnUrl%25253D%2525252FAccount%2525252FLogin%2525253FReturnUrl%2525253D%252525252FAccount%252525252FLogin%252525253FReturnUrl%252525253D%25252525252FAccount%25252525252FLogin%25252525253FReturnUrl%25252525253D%2525252525252F - - - 302 - - 0.9161ms
info: Microsoft.AspNetCore.Hosting.Diagnostics[1]
      Request starting HTTP/2 GET https://localhost:44382/Account/Login?ReturnUrl=%2FAccount%2FLogin%3FReturnUrl%3D%252FAccount%252FLogin%253FReturnUrl%253D%25252FAccount%25252FLogin%25253FReturnUrl%25253D%2525252FAccount%2525252FLogin%2525253FReturnUrl%2525253D%252525252FAccount%252525252FLogin%252525253FReturnUrl%252525253D%25252525252FAccount%25252525252FLogin%25252525253FReturnUrl%25252525253D%2525252525252FAccount%2525252525252FLogin%2525252525253FReturnUrl%2525252525253D%252525252525252F - -
info: Microsoft.AspNetCore.Authorization.DefaultAuthorizationService[2]
      Authorization failed. These requirements were not met:
      DenyAnonymousAuthorizationRequirement: Requires an authenticated user.
info: Microsoft.AspNetCore.Authentication.Cookies.CookieAuthenticationHandler[12]
      AuthenticationScheme: Identity.Application was challenged.
info: Microsoft.AspNetCore.Hosting.Diagnostics[2]
      Request finished HTTP/2 GET https://localhost:44382/Account/Login?ReturnUrl=%2FAccount%2FLogin%3FReturnUrl%3D%252FAccount%252FLogin%253FReturnUrl%253D%25252FAccount%25252FLogin%25253FReturnUrl%25253D%2525252FAccount%2525252FLogin%2525253FReturnUrl%2525253D%252525252FAccount%252525252FLogin%252525253FReturnUrl%252525253D%25252525252FAccount%25252525252FLogin%25252525253FReturnUrl%25252525253D%2525252525252FAccount%2525252525252FLogin%2525252525253FReturnUrl%2525252525253D%252525252525252F - - - 302 - - 1.2111ms
info: Microsoft.AspNetCore.Hosting.Diagnostics[1]
      Request starting HTTP/2 GET https://localhost:44382/Account/Login?ReturnUrl=%2FAccount%2FLogin%3FReturnUrl%3D%252FAccount%252FLogin%253FReturnUrl%253D%25252FAccount%25252FLogin%25253FReturnUrl%25253D%2525252FAccount%2525252FLogin%2525253FReturnUrl%2525253D%252525252FAccount%252525252FLogin%252525253FReturnUrl%252525253D%25252525252FAccount%25252525252FLogin%25252525253FReturnUrl%25252525253D%2525252525252FAccount%2525252525252FLogin%2525252525253FReturnUrl%2525252525253D%252525252525252FAccount%252525252525252FLogin%252525252525253FReturnUrl%252525252525253D%25252525252525252F - -
info: Microsoft.AspNetCore.Authorization.DefaultAuthorizationService[2]
      Authorization failed. These requirements were not met:
      DenyAnonymousAuthorizationRequirement: Requires an authenticated user.
info: Microsoft.AspNetCore.Authentication.Cookies.CookieAuthenticationHandler[12]
      AuthenticationScheme: Identity.Application was challenged.
info: Microsoft.AspNetCore.Hosting.Diagnostics[2]
      Request finished HTTP/2 GET https://localhost:44382/Account/Login?ReturnUrl=%2FAccount%2FLogin%3FReturnUrl%3D%252FAccount%252FLogin%253FReturnUrl%253D%25252FAccount%25252FLogin%25253FReturnUrl%25253D%2525252FAccount%2525252FLogin%2525253FReturnUrl%2525253D%252525252FAccount%252525252FLogin%252525253FReturnUrl%252525253D%25252525252FAccount%25252525252FLogin%25252525253FReturnUrl%25252525253D%2525252525252FAccount%2525252525252FLogin%2525252525253FReturnUrl%2525252525253D%252525252525252FAccount%252525252525252FLogin%252525252525253FReturnUrl%252525252525253D%25252525252525252F - - - 302 - - 1.0767ms
info: Microsoft.AspNetCore.Hosting.Diagnostics[1]
      Request starting HTTP/2 GET https://localhost:44382/Account/Login?ReturnUrl=%2FAccount%2FLogin%3FReturnUrl%3D%252FAccount%252FLogin%253FReturnUrl%253D%25252FAccount%25252FLogin%25253FReturnUrl%25253D%2525252FAccount%2525252FLogin%2525253FReturnUrl%2525253D%252525252FAccount%252525252FLogin%252525253FReturnUrl%252525253D%25252525252FAccount%25252525252FLogin%25252525253FReturnUrl%25252525253D%2525252525252FAccount%2525252525252FLogin%2525252525253FReturnUrl%2525252525253D%252525252525252FAccount%252525252525252FLogin%252525252525253FReturnUrl%252525252525253D%25252525252525252FAccount%25252525252525252FLogin%25252525252525253FReturnUrl%25252525252525253D%2525252525252525252F - -
info: Microsoft.AspNetCore.Authorization.DefaultAuthorizationService[2]
      Authorization failed. These requirements were not met:
      DenyAnonymousAuthorizationRequirement: Requires an authenticated user.
info: Microsoft.AspNetCore.Authentication.Cookies.CookieAuthenticationHandler[12]
      AuthenticationScheme: Identity.Application was challenged.
info: Microsoft.AspNetCore.Hosting.Diagnostics[2]
      Request finished HTTP/2 GET https://localhost:44382/Account/Login?ReturnUrl=%2FAccount%2FLogin%3FReturnUrl%3D%252FAccount%252FLogin%253FReturnUrl%253D%25252FAccount%25252FLogin%25253FReturnUrl%25253D%2525252FAccount%2525252FLogin%2525253FReturnUrl%2525253D%252525252FAccount%252525252FLogin%252525253FReturnUrl%252525253D%25252525252FAccount%25252525252FLogin%25252525253FReturnUrl%25252525253D%2525252525252FAccount%2525252525252FLogin%2525252525253FReturnUrl%2525252525253D%252525252525252FAccount%252525252525252FLogin%252525252525253FReturnUrl%252525252525253D%25252525252525252FAccount%25252525252525252FLogin%25252525252525253FReturnUrl%25252525252525253D%2525252525252525252F - - - 302 - - 1.0979ms
info: Microsoft.AspNetCore.Hosting.Diagnostics[1]
      Request starting HTTP/2 GET https://localhost:44382/Account/Login?ReturnUrl=%2FAccount%2FLogin%3FReturnUrl%3D%252FAccount%252FLogin%253FReturnUrl%253D%25252FAccount%25252FLogin%25253FReturnUrl%25253D%2525252FAccount%2525252FLogin%2525253FReturnUrl%2525253D%252525252FAccount%252525252FLogin%252525253FReturnUrl%252525253D%25252525252FAccount%25252525252FLogin%25252525253FReturnUrl%25252525253D%2525252525252FAccount%2525252525252FLogin%2525252525253FReturnUrl%2525252525253D%252525252525252FAccount%252525252525252FLogin%252525252525253FReturnUrl%252525252525253D%25252525252525252FAccount%25252525252525252FLogin%25252525252525253FReturnUrl%25252525252525253D%2525252525252525252FAccount%2525252525252525252FLogin%2525252525252525253FReturnUrl%2525252525252525253D%252525252525252525252F - -
info: Microsoft.AspNetCore.Authorization.DefaultAuthorizationService[2]
      Authorization failed. These requirements were not met:
      DenyAnonymousAuthorizationRequirement: Requires an authenticated user.
info: Microsoft.AspNetCore.Authentication.Cookies.CookieAuthenticationHandler[12]
      AuthenticationScheme: Identity.Application was challenged.
info: Microsoft.AspNetCore.Hosting.Diagnostics[2]
      Request finished HTTP/2 GET https://localhost:44382/Account/Login?ReturnUrl=%2FAccount%2FLogin%3FReturnUrl%3D%252FAccount%252FLogin%253FReturnUrl%253D%25252FAccount%25252FLogin%25253FReturnUrl%25253D%2525252FAccount%2525252FLogin%2525253FReturnUrl%2525253D%252525252FAccount%252525252FLogin%252525253FReturnUrl%252525253D%25252525252FAccount%25252525252FLogin%25252525253FReturnUrl%25252525253D%2525252525252FAccount%2525252525252FLogin%2525252525253FReturnUrl%2525252525253D%252525252525252FAccount%252525252525252FLogin%252525252525253FReturnUrl%252525252525253D%25252525252525252FAccount%25252525252525252FLogin%25252525252525253FReturnUrl%25252525252525253D%2525252525252525252FAccount%2525252525252525252FLogin%2525252525252525253FReturnUrl%2525252525252525253D%252525252525252525252F - - - 302 - - 1.0040ms
info: Microsoft.AspNetCore.Hosting.Diagnostics[1]
      Request starting HTTP/2 GET https://localhost:44382/Account/Login?ReturnUrl=%2FAccount%2FLogin%3FReturnUrl%3D%252FAccount%252FLogin%253FReturnUrl%253D%25252FAccount%25252FLogin%25253FReturnUrl%25253D%2525252FAccount%2525252FLogin%2525253FReturnUrl%2525253D%252525252FAccount%252525252FLogin%252525253FReturnUrl%252525253D%25252525252FAccount%25252525252FLogin%25252525253FReturnUrl%25252525253D%2525252525252FAccount%2525252525252FLogin%2525252525253FReturnUrl%2525252525253D%252525252525252FAccount%252525252525252FLogin%252525252525253FReturnUrl%252525252525253D%25252525252525252FAccount%25252525252525252FLogin%25252525252525253FReturnUrl%25252525252525253D%2525252525252525252FAccount%2525252525252525252FLogin%2525252525252525253FReturnUrl%2525252525252525253D%252525252525252525252FAccount%252525252525252525252FLogin%252525252525252525253FReturnUrl%252525252525252525253D%25252525252525252525252F - -
info: Microsoft.AspNetCore.Authorization.DefaultAuthorizationService[2]
      Authorization failed. These requirements were not met:
      DenyAnonymousAuthorizationRequirement: Requires an authenticated user.
info: Microsoft.AspNetCore.Authentication.Cookies.CookieAuthenticationHandler[12]
      AuthenticationScheme: Identity.Application was challenged.
info: Microsoft.AspNetCore.Hosting.Diagnostics[2]
      Request finished HTTP/2 GET https://localhost:44382/Account/Login?ReturnUrl=%2FAccount%2FLogin%3FReturnUrl%3D%252FAccount%252FLogin%253FReturnUrl%253D%25252FAccount%25252FLogin%25253FReturnUrl%25253D%2525252FAccount%2525252FLogin%2525253FReturnUrl%2525253D%252525252FAccount%252525252FLogin%252525253FReturnUrl%252525253D%25252525252FAccount%25252525252FLogin%25252525253FReturnUrl%25252525253D%2525252525252FAccount%2525252525252FLogin%2525252525253FReturnUrl%2525252525253D%252525252525252FAccount%252525252525252FLogin%252525252525253FReturnUrl%252525252525253D%25252525252525252FAccount%25252525252525252FLogin%25252525252525253FReturnUrl%25252525252525253D%2525252525252525252FAccount%2525252525252525252FLogin%2525252525252525253FReturnUrl%2525252525252525253D%252525252525252525252FAccount%252525252525252525252FLogin%252525252525252525253FReturnUrl%252525252525252525253D%25252525252525252525252F - - - 302 - - 0.9704ms
info: Microsoft.AspNetCore.Hosting.Diagnostics[1]
      Request starting HTTP/2 GET https://localhost:44382/Account/Login?ReturnUrl=%2FAccount%2FLogin%3FReturnUrl%3D%252FAccount%252FLogin%253FReturnUrl%253D%25252FAccount%25252FLogin%25253FReturnUrl%25253D%2525252FAccount%2525252FLogin%2525253FReturnUrl%2525253D%252525252FAccount%252525252FLogin%252525253FReturnUrl%252525253D%25252525252FAccount%25252525252FLogin%25252525253FReturnUrl%25252525253D%2525252525252FAccount%2525252525252FLogin%2525252525253FReturnUrl%2525252525253D%252525252525252FAccount%252525252525252FLogin%252525252525253FReturnUrl%252525252525253D%25252525252525252FAccount%25252525252525252FLogin%25252525252525253FReturnUrl%25252525252525253D%2525252525252525252FAccount%2525252525252525252FLogin%2525252525252525253FReturnUrl%2525252525252525253D%252525252525252525252FAccount%252525252525252525252FLogin%252525252525252525253FReturnUrl%252525252525252525253D%25252525252525252525252FAccount%25252525252525252525252FLogin%25252525252525252525253FReturnUrl%25252525252525252525253D%2525252525252525252525252F - -
info: Microsoft.AspNetCore.Authorization.DefaultAuthorizationService[2]
      Authorization failed. These requirements were not met:
      DenyAnonymousAuthorizationRequirement: Requires an authenticated user.
info: Microsoft.AspNetCore.Authentication.Cookies.CookieAuthenticationHandler[12]
      AuthenticationScheme: Identity.Application was challenged.
info: Microsoft.AspNetCore.Hosting.Diagnostics[2]
      Request finished HTTP/2 GET https://localhost:44382/Account/Login?ReturnUrl=%2FAccount%2FLogin%3FReturnUrl%3D%252FAccount%252FLogin%253FReturnUrl%253D%25252FAccount%25252FLogin%25253FReturnUrl%25253D%2525252FAccount%2525252FLogin%2525253FReturnUrl%2525253D%252525252FAccount%252525252FLogin%252525253FReturnUrl%252525253D%25252525252FAccount%25252525252FLogin%25252525253FReturnUrl%25252525253D%2525252525252FAccount%2525252525252FLogin%2525252525253FReturnUrl%2525252525253D%252525252525252FAccount%252525252525252FLogin%252525252525253FReturnUrl%252525252525253D%25252525252525252FAccount%25252525252525252FLogin%25252525252525253FReturnUrl%25252525252525253D%2525252525252525252FAccount%2525252525252525252FLogin%2525252525252525253FReturnUrl%2525252525252525253D%252525252525252525252FAccount%252525252525252525252FLogin%252525252525252525253FReturnUrl%252525252525252525253D%25252525252525252525252FAccount%25252525252525252525252FLogin%25252525252525252525253FReturnUrl%25252525252525252525253D%2525252525252525252525252F - - - 302 - - 0.9132ms
info: Microsoft.AspNetCore.Hosting.Diagnostics[1]
      Request starting HTTP/2 GET https://localhost:44382/Account/Login?ReturnUrl=%2FAccount%2FLogin%3FReturnUrl%3D%252FAccount%252FLogin%253FReturnUrl%253D%25252FAccount%25252FLogin%25253FReturnUrl%25253D%2525252FAccount%2525252FLogin%2525253FReturnUrl%2525253D%252525252FAccount%252525252FLogin%252525253FReturnUrl%252525253D%25252525252FAccount%25252525252FLogin%25252525253FReturnUrl%25252525253D%2525252525252FAccount%2525252525252FLogin%2525252525253FReturnUrl%2525252525253D%252525252525252FAccount%252525252525252FLogin%252525252525253FReturnUrl%252525252525253D%25252525252525252FAccount%25252525252525252FLogin%25252525252525253FReturnUrl%25252525252525253D%2525252525252525252FAccount%2525252525252525252FLogin%2525252525252525253FReturnUrl%2525252525252525253D%252525252525252525252FAccount%252525252525252525252FLogin%252525252525252525253FReturnUrl%252525252525252525253D%25252525252525252525252FAccount%25252525252525252525252FLogin%25252525252525252525253FReturnUrl%25252525252525252525253D%2525252525252525252525252FAccount%2525252525252525252525252FLogin%2525252525252525252525253FReturnUrl%2525252525252525252525253D%252525252525252525252525252F - -
info: Microsoft.AspNetCore.Authorization.DefaultAuthorizationService[2]
      Authorization failed. These requirements were not met:
      DenyAnonymousAuthorizationRequirement: Requires an authenticated user.
info: Microsoft.AspNetCore.Authentication.Cookies.CookieAuthenticationHandler[12]
      AuthenticationScheme: Identity.Application was challenged.
info: Microsoft.AspNetCore.Hosting.Diagnostics[2]
      Request finished HTTP/2 GET https://localhost:44382/Account/Login?ReturnUrl=%2FAccount%2FLogin%3FReturnUrl%3D%252FAccount%252FLogin%253FReturnUrl%253D%25252FAccount%25252FLogin%25253FReturnUrl%25253D%2525252FAccount%2525252FLogin%2525253FReturnUrl%2525253D%252525252FAccount%252525252FLogin%252525253FReturnUrl%252525253D%25252525252FAccount%25252525252FLogin%25252525253FReturnUrl%25252525253D%2525252525252FAccount%2525252525252FLogin%2525252525253FReturnUrl%2525252525253D%252525252525252FAccount%252525252525252FLogin%252525252525253FReturnUrl%252525252525253D%25252525252525252FAccount%25252525252525252FLogin%25252525252525253FReturnUrl%25252525252525253D%2525252525252525252FAccount%2525252525252525252FLogin%2525252525252525253FReturnUrl%2525252525252525253D%252525252525252525252FAccount%252525252525252525252FLogin%252525252525252525253FReturnUrl%252525252525252525253D%25252525252525252525252FAccount%25252525252525252525252FLogin%25252525252525252525253FReturnUrl%25252525252525252525253D%2525252525252525252525252FAccount%2525252525252525252525252FLogin%2525252525252525252525253FReturnUrl%2525252525252525252525253D%252525252525252525252525252F - - - 302 - - 0.8216ms
info: Microsoft.AspNetCore.Hosting.Diagnostics[1]
      Request starting HTTP/2 GET https://localhost:44382/Account/Login?ReturnUrl=%2FAccount%2FLogin%3FReturnUrl%3D%252FAccount%252FLogin%253FReturnUrl%253D%25252FAccount%25252FLogin%25253FReturnUrl%25253D%2525252FAccount%2525252FLogin%2525253FReturnUrl%2525253D%252525252FAccount%252525252FLogin%252525253FReturnUrl%252525253D%25252525252FAccount%25252525252FLogin%25252525253FReturnUrl%25252525253D%2525252525252FAccount%2525252525252FLogin%2525252525253FReturnUrl%2525252525253D%252525252525252FAccount%252525252525252FLogin%252525252525253FReturnUrl%252525252525253D%25252525252525252FAccount%25252525252525252FLogin%25252525252525253FReturnUrl%25252525252525253D%2525252525252525252FAccount%2525252525252525252FLogin%2525252525252525253FReturnUrl%2525252525252525253D%252525252525252525252FAccount%252525252525252525252FLogin%252525252525252525253FReturnUrl%252525252525252525253D%25252525252525252525252FAccount%25252525252525252525252FLogin%25252525252525252525253FReturnUrl%25252525252525252525253D%2525252525252525252525252FAccount%2525252525252525252525252FLogin%2525252525252525252525253FReturnUrl%2525252525252525252525253D%252525252525252525252525252FAccount%252525252525252525252525252FLogin%252525252525252525252525253FReturnUrl%252525252525252525252525253D%25252525252525252525252525252F - -
info: Microsoft.AspNetCore.Authorization.DefaultAuthorizationService[2]
      Authorization failed. These requirements were not met:
      DenyAnonymousAuthorizationRequirement: Requires an authenticated user.
info: Microsoft.AspNetCore.Authentication.Cookies.CookieAuthenticationHandler[12]
      AuthenticationScheme: Identity.Application was challenged.
info: Microsoft.AspNetCore.Hosting.Diagnostics[2]
      Request finished HTTP/2 GET https://localhost:44382/Account/Login?ReturnUrl=%2FAccount%2FLogin%3FReturnUrl%3D%252FAccount%252FLogin%253FReturnUrl%253D%25252FAccount%25252FLogin%25253FReturnUrl%25253D%2525252FAccount%2525252FLogin%2525253FReturnUrl%2525253D%252525252FAccount%252525252FLogin%252525253FReturnUrl%252525253D%25252525252FAccount%25252525252FLogin%25252525253FReturnUrl%25252525253D%2525252525252FAccount%2525252525252FLogin%2525252525253FReturnUrl%2525252525253D%252525252525252FAccount%252525252525252FLogin%252525252525253FReturnUrl%252525252525253D%25252525252525252FAccount%25252525252525252FLogin%25252525252525253FReturnUrl%25252525252525253D%2525252525252525252FAccount%2525252525252525252FLogin%2525252525252525253FReturnUrl%2525252525252525253D%252525252525252525252FAccount%252525252525252525252FLogin%252525252525252525253FReturnUrl%252525252525252525253D%25252525252525252525252FAccount%25252525252525252525252FLogin%25252525252525252525253FReturnUrl%25252525252525252525253D%2525252525252525252525252FAccount%2525252525252525252525252FLogin%2525252525252525252525253FReturnUrl%2525252525252525252525253D%252525252525252525252525252FAccount%252525252525252525252525252FLogin%252525252525252525252525253FReturnUrl%252525252525252525252525253D%25252525252525252525252525252F - - - 302 - - 0.9671ms
info: Microsoft.AspNetCore.Hosting.Diagnostics[1]
      Request starting HTTP/2 GET https://localhost:44382/Account/Login?ReturnUrl=%2FAccount%2FLogin%3FReturnUrl%3D%252FAccount%252FLogin%253FReturnUrl%253D%25252FAccount%25252FLogin%25253FReturnUrl%25253D%2525252FAccount%2525252FLogin%2525253FReturnUrl%2525253D%252525252FAccount%252525252FLogin%252525253FReturnUrl%252525253D%25252525252FAccount%25252525252FLogin%25252525253FReturnUrl%25252525253D%2525252525252FAccount%2525252525252FLogin%2525252525253FReturnUrl%2525252525253D%252525252525252FAccount%252525252525252FLogin%252525252525253FReturnUrl%252525252525253D%25252525252525252FAccount%25252525252525252FLogin%25252525252525253FReturnUrl%25252525252525253D%2525252525252525252FAccount%2525252525252525252FLogin%2525252525252525253FReturnUrl%2525252525252525253D%252525252525252525252FAccount%252525252525252525252FLogin%252525252525252525253FReturnUrl%252525252525252525253D%25252525252525252525252FAccount%25252525252525252525252FLogin%25252525252525252525253FReturnUrl%25252525252525252525253D%2525252525252525252525252FAccount%2525252525252525252525252FLogin%2525252525252525252525253FReturnUrl%2525252525252525252525253D%252525252525252525252525252FAccount%252525252525252525252525252FLogin%252525252525252525252525253FReturnUrl%252525252525252525252525253D%25252525252525252525252525252FAccount%25252525252525252525252525252FLogin%25252525252525252525252525253FReturnUrl%25252525252525252525252525253D%2525252525252525252525252525252F - -
info: Microsoft.AspNetCore.Authorization.DefaultAuthorizationService[2]
      Authorization failed. These requirements were not met:
      DenyAnonymousAuthorizationRequirement: Requires an authenticated user.
info: Microsoft.AspNetCore.Authentication.Cookies.CookieAuthenticationHandler[12]
      AuthenticationScheme: Identity.Application was challenged.
info: Microsoft.AspNetCore.Hosting.Diagnostics[2]
      Request finished HTTP/2 GET https://localhost:44382/Account/Login?ReturnUrl=%2FAccount%2FLogin%3FReturnUrl%3D%252FAccount%252FLogin%253FReturnUrl%253D%25252FAccount%25252FLogin%25253FReturnUrl%25253D%2525252FAccount%2525252FLogin%2525253FReturnUrl%2525253D%252525252FAccount%252525252FLogin%252525253FReturnUrl%252525253D%25252525252FAccount%25252525252FLogin%25252525253FReturnUrl%25252525253D%2525252525252FAccount%2525252525252FLogin%2525252525253FReturnUrl%2525252525253D%252525252525252FAccount%252525252525252FLogin%252525252525253FReturnUrl%252525252525253D%25252525252525252FAccount%25252525252525252FLogin%25252525252525253FReturnUrl%25252525252525253D%2525252525252525252FAccount%2525252525252525252FLogin%2525252525252525253FReturnUrl%2525252525252525253D%252525252525252525252FAccount%252525252525252525252FLogin%252525252525252525253FReturnUrl%252525252525252525253D%25252525252525252525252FAccount%25252525252525252525252FLogin%25252525252525252525253FReturnUrl%25252525252525252525253D%2525252525252525252525252FAccount%2525252525252525252525252FLogin%2525252525252525252525253FReturnUrl%2525252525252525252525253D%252525252525252525252525252FAccount%252525252525252525252525252FLogin%252525252525252525252525253FReturnUrl%252525252525252525252525253D%25252525252525252525252525252FAccount%25252525252525252525252525252FLogin%25252525252525252525252525253FReturnUrl%25252525252525252525252525253D%2525252525252525252525252525252F - - - 302 - - 0.8415ms
info: Microsoft.AspNetCore.Hosting.Diagnostics[1]
      Request starting HTTP/2 GET https://localhost:44382/Account/Login?ReturnUrl=%2FAccount%2FLogin%3FReturnUrl%3D%252FAccount%252FLogin%253FReturnUrl%253D%25252FAccount%25252FLogin%25253FReturnUrl%25253D%2525252FAccount%2525252FLogin%2525253FReturnUrl%2525253D%252525252FAccount%252525252FLogin%252525253FReturnUrl%252525253D%25252525252FAccount%25252525252FLogin%25252525253FReturnUrl%25252525253D%2525252525252FAccount%2525252525252FLogin%2525252525253FReturnUrl%2525252525253D%252525252525252FAccount%252525252525252FLogin%252525252525253FReturnUrl%252525252525253D%25252525252525252FAccount%25252525252525252FLogin%25252525252525253FReturnUrl%25252525252525253D%2525252525252525252FAccount%2525252525252525252FLogin%2525252525252525253FReturnUrl%2525252525252525253D%252525252525252525252FAccount%252525252525252525252FLogin%252525252525252525253FReturnUrl%252525252525252525253D%25252525252525252525252FAccount%25252525252525252525252FLogin%25252525252525252525253FReturnUrl%25252525252525252525253D%2525252525252525252525252FAccount%2525252525252525252525252FLogin%2525252525252525252525253FReturnUrl%2525252525252525252525253D%252525252525252525252525252FAccount%252525252525252525252525252FLogin%252525252525252525252525253FReturnUrl%252525252525252525252525253D%25252525252525252525252525252FAccount%25252525252525252525252525252FLogin%25252525252525252525252525253FReturnUrl%25252525252525252525252525253D%2525252525252525252525252525252FAccount%2525252525252525252525252525252FLogin%2525252525252525252525252525253FReturnUrl%2525252525252525252525252525253D%252525252525252525252525252525252F - -
info: Microsoft.AspNetCore.Authorization.DefaultAuthorizationService[2]
      Authorization failed. These requirements were not met:
      DenyAnonymousAuthorizationRequirement: Requires an authenticated user.
info: Microsoft.AspNetCore.Authentication.Cookies.CookieAuthenticationHandler[12]
      AuthenticationScheme: Identity.Application was challenged.
info: Microsoft.AspNetCore.Hosting.Diagnostics[2]
      Request finished HTTP/2 GET https://localhost:44382/Account/Login?ReturnUrl=%2FAccount%2FLogin%3FReturnUrl%3D%252FAccount%252FLogin%253FReturnUrl%253D%25252FAccount%25252FLogin%25253FReturnUrl%25253D%2525252FAccount%2525252FLogin%2525253FReturnUrl%2525253D%252525252FAccount%252525252FLogin%252525253FReturnUrl%252525253D%25252525252FAccount%25252525252FLogin%25252525253FReturnUrl%25252525253D%2525252525252FAccount%2525252525252FLogin%2525252525253FReturnUrl%2525252525253D%252525252525252FAccount%252525252525252FLogin%252525252525253FReturnUrl%252525252525253D%25252525252525252FAccount%25252525252525252FLogin%25252525252525253FReturnUrl%25252525252525253D%2525252525252525252FAccount%2525252525252525252FLogin%2525252525252525253FReturnUrl%2525252525252525253D%252525252525252525252FAccount%252525252525252525252FLogin%252525252525252525253FReturnUrl%252525252525252525253D%25252525252525252525252FAccount%25252525252525252525252FLogin%25252525252525252525253FReturnUrl%25252525252525252525253D%2525252525252525252525252FAccount%2525252525252525252525252FLogin%2525252525252525252525253FReturnUrl%2525252525252525252525253D%252525252525252525252525252FAccount%252525252525252525252525252FLogin%252525252525252525252525253FReturnUrl%252525252525252525252525253D%25252525252525252525252525252FAccount%25252525252525252525252525252FLogin%25252525252525252525252525253FReturnUrl%25252525252525252525252525253D%2525252525252525252525252525252FAccount%2525252525252525252525252525252FLogin%2525252525252525252525252525253FReturnUrl%2525252525252525252525252525253D%252525252525252525252525252525252F - - - 302 - - 0.8343ms
info: Microsoft.AspNetCore.Hosting.Diagnostics[1]
      Request starting HTTP/2 GET https://localhost:44382/Account/Login?ReturnUrl=%2FAccount%2FLogin%3FReturnUrl%3D%252FAccount%252FLogin%253FReturnUrl%253D%25252FAccount%25252FLogin%25253FReturnUrl%25253D%2525252FAccount%2525252FLogin%2525253FReturnUrl%2525253D%252525252FAccount%252525252FLogin%252525253FReturnUrl%252525253D%25252525252FAccount%25252525252FLogin%25252525253FReturnUrl%25252525253D%2525252525252FAccount%2525252525252FLogin%2525252525253FReturnUrl%2525252525253D%252525252525252FAccount%252525252525252FLogin%252525252525253FReturnUrl%252525252525253D%25252525252525252FAccount%25252525252525252FLogin%25252525252525253FReturnUrl%25252525252525253D%2525252525252525252FAccount%2525252525252525252FLogin%2525252525252525253FReturnUrl%2525252525252525253D%252525252525252525252FAccount%252525252525252525252FLogin%252525252525252525253FReturnUrl%252525252525252525253D%25252525252525252525252FAccount%25252525252525252525252FLogin%25252525252525252525253FReturnUrl%25252525252525252525253D%2525252525252525252525252FAccount%2525252525252525252525252FLogin%2525252525252525252525253FReturnUrl%2525252525252525252525253D%252525252525252525252525252FAccount%252525252525252525252525252FLogin%252525252525252525252525253FReturnUrl%252525252525252525252525253D%25252525252525252525252525252FAccount%25252525252525252525252525252FLogin%25252525252525252525252525253FReturnUrl%25252525252525252525252525253D%2525252525252525252525252525252FAccount%2525252525252525252525252525252FLogin%2525252525252525252525252525253FReturnUrl%2525252525252525252525252525253D%252525252525252525252525252525252FAccount%252525252525252525252525252525252FLogin%252525252525252525252525252525253FReturnUrl%252525252525252525252525252525253D%25252525252525252525252525252525252F - -
info: Microsoft.AspNetCore.Authorization.DefaultAuthorizationService[2]
      Authorization failed. These requirements were not met:
      DenyAnonymousAuthorizationRequirement: Requires an authenticated user.
info: Microsoft.AspNetCore.Authentication.Cookies.CookieAuthenticationHandler[12]
      AuthenticationScheme: Identity.Application was challenged.
info: Microsoft.AspNetCore.Hosting.Diagnostics[2]
      Request finished HTTP/2 GET https://localhost:44382/Account/Login?ReturnUrl=%2FAccount%2FLogin%3FReturnUrl%3D%252FAccount%252FLogin%253FReturnUrl%253D%25252FAccount%25252FLogin%25253FReturnUrl%25253D%2525252FAccount%2525252FLogin%2525253FReturnUrl%2525253D%252525252FAccount%252525252FLogin%252525253FReturnUrl%252525253D%25252525252FAccount%25252525252FLogin%25252525253FReturnUrl%25252525253D%2525252525252FAccount%2525252525252FLogin%2525252525253FReturnUrl%2525252525253D%252525252525252FAccount%252525252525252FLogin%252525252525253FReturnUrl%252525252525253D%25252525252525252FAccount%25252525252525252FLogin%25252525252525253FReturnUrl%25252525252525253D%2525252525252525252FAccount%2525252525252525252FLogin%2525252525252525253FReturnUrl%2525252525252525253D%252525252525252525252FAccount%252525252525252525252FLogin%252525252525252525253FReturnUrl%252525252525252525253D%25252525252525252525252FAccount%25252525252525252525252FLogin%25252525252525252525253FReturnUrl%25252525252525252525253D%2525252525252525252525252FAccount%2525252525252525252525252FLogin%2525252525252525252525253FReturnUrl%2525252525252525252525253D%252525252525252525252525252FAccount%252525252525252525252525252FLogin%252525252525252525252525253FReturnUrl%252525252525252525252525253D%25252525252525252525252525252FAccount%25252525252525252525252525252FLogin%25252525252525252525252525253FReturnUrl%25252525252525252525252525253D%2525252525252525252525252525252FAccount%2525252525252525252525252525252FLogin%2525252525252525252525252525253FReturnUrl%2525252525252525252525252525253D%252525252525252525252525252525252FAccount%252525252525252525252525252525252FLogin%252525252525252525252525252525253FReturnUrl%252525252525252525252525252525253D%25252525252525252525252525252525252F - - - 302 - - 0.7030ms
info: Microsoft.AspNetCore.Hosting.Diagnostics[1]
      Request starting HTTP/2 GET https://localhost:44382/Account/Login?ReturnUrl=%2FAccount%2FLogin%3FReturnUrl%3D%252FAccount%252FLogin%253FReturnUrl%253D%25252FAccount%25252FLogin%25253FReturnUrl%25253D%2525252FAccount%2525252FLogin%2525253FReturnUrl%2525253D%252525252FAccount%252525252FLogin%252525253FReturnUrl%252525253D%25252525252FAccount%25252525252FLogin%25252525253FReturnUrl%25252525253D%2525252525252FAccount%2525252525252FLogin%2525252525253FReturnUrl%2525252525253D%252525252525252FAccount%252525252525252FLogin%252525252525253FReturnUrl%252525252525253D%25252525252525252FAccount%25252525252525252FLogin%25252525252525253FReturnUrl%25252525252525253D%2525252525252525252FAccount%2525252525252525252FLogin%2525252525252525253FReturnUrl%2525252525252525253D%252525252525252525252FAccount%252525252525252525252FLogin%252525252525252525253FReturnUrl%252525252525252525253D%25252525252525252525252FAccount%25252525252525252525252FLogin%25252525252525252525253FReturnUrl%25252525252525252525253D%2525252525252525252525252FAccount%2525252525252525252525252FLogin%2525252525252525252525253FReturnUrl%2525252525252525252525253D%252525252525252525252525252FAccount%252525252525252525252525252FLogin%252525252525252525252525253FReturnUrl%252525252525252525252525253D%25252525252525252525252525252FAccount%25252525252525252525252525252FLogin%25252525252525252525252525253FReturnUrl%25252525252525252525252525253D%2525252525252525252525252525252FAccount%2525252525252525252525252525252FLogin%2525252525252525252525252525253FReturnUrl%2525252525252525252525252525253D%252525252525252525252525252525252FAccount%252525252525252525252525252525252FLogin%252525252525252525252525252525253FReturnUrl%252525252525252525252525252525253D%25252525252525252525252525252525252FAccount%25252525252525252525252525252525252FLogin%25252525252525252525252525252525253FReturnUrl%25252525252525252525252525252525253D%2525252525252525252525252525252525252F - -
info: Microsoft.AspNetCore.Authorization.DefaultAuthorizationService[2]
      Authorization failed. These requirements were not met:
      DenyAnonymousAuthorizationRequirement: Requires an authenticated user.
info: Microsoft.AspNetCore.Authentication.Cookies.CookieAuthenticationHandler[12]
      AuthenticationScheme: Identity.Application was challenged.
info: Microsoft.AspNetCore.Hosting.Diagnostics[2]
      Request finished HTTP/2 GET https://localhost:44382/Account/Login?ReturnUrl=%2FAccount%2FLogin%3FReturnUrl%3D%252FAccount%252FLogin%253FReturnUrl%253D%25252FAccount%25252FLogin%25253FReturnUrl%25253D%2525252FAccount%2525252FLogin%2525253FReturnUrl%2525253D%252525252FAccount%252525252FLogin%252525253FReturnUrl%252525253D%25252525252FAccount%25252525252FLogin%25252525253FReturnUrl%25252525253D%2525252525252FAccount%2525252525252FLogin%2525252525253FReturnUrl%2525252525253D%252525252525252FAccount%252525252525252FLogin%252525252525253FReturnUrl%252525252525253D%25252525252525252FAccount%25252525252525252FLogin%25252525252525253FReturnUrl%25252525252525253D%2525252525252525252FAccount%2525252525252525252FLogin%2525252525252525253FReturnUrl%2525252525252525253D%252525252525252525252FAccount%252525252525252525252FLogin%252525252525252525253FReturnUrl%252525252525252525253D%25252525252525252525252FAccount%25252525252525252525252FLogin%25252525252525252525253FReturnUrl%25252525252525252525253D%2525252525252525252525252FAccount%2525252525252525252525252FLogin%2525252525252525252525253FReturnUrl%2525252525252525252525253D%252525252525252525252525252FAccount%252525252525252525252525252FLogin%252525252525252525252525253FReturnUrl%252525252525252525252525253D%25252525252525252525252525252FAccount%25252525252525252525252525252FLogin%25252525252525252525252525253FReturnUrl%25252525252525252525252525253D%2525252525252525252525252525252FAccount%2525252525252525252525252525252FLogin%2525252525252525252525252525253FReturnUrl%2525252525252525252525252525253D%252525252525252525252525252525252FAccount%252525252525252525252525252525252FLogin%252525252525252525252525252525253FReturnUrl%252525252525252525252525252525253D%25252525252525252525252525252525252FAccount%25252525252525252525252525252525252FLogin%25252525252525252525252525252525253FReturnUrl%25252525252525252525252525252525253D%2525252525252525252525252525252525252F - - - 302 - - 1.0889ms
info: Microsoft.AspNetCore.Hosting.Diagnostics[1]
      Request starting HTTP/2 GET https://localhost:44382/Account/Login?ReturnUrl=%2FAccount%2FLogin%3FReturnUrl%3D%252FAccount%252FLogin%253FReturnUrl%253D%25252FAccount%25252FLogin%25253FReturnUrl%25253D%2525252FAccount%2525252FLogin%2525253FReturnUrl%2525253D%252525252FAccount%252525252FLogin%252525253FReturnUrl%252525253D%25252525252FAccount%25252525252FLogin%25252525253FReturnUrl%25252525253D%2525252525252FAccount%2525252525252FLogin%2525252525253FReturnUrl%2525252525253D%252525252525252FAccount%252525252525252FLogin%252525252525253FReturnUrl%252525252525253D%25252525252525252FAccount%25252525252525252FLogin%25252525252525253FReturnUrl%25252525252525253D%2525252525252525252FAccount%2525252525252525252FLogin%2525252525252525253FReturnUrl%2525252525252525253D%252525252525252525252FAccount%252525252525252525252FLogin%252525252525252525253FReturnUrl%252525252525252525253D%25252525252525252525252FAccount%25252525252525252525252FLogin%25252525252525252525253FReturnUrl%25252525252525252525253D%2525252525252525252525252FAccount%2525252525252525252525252FLogin%2525252525252525252525253FReturnUrl%2525252525252525252525253D%252525252525252525252525252FAccount%252525252525252525252525252FLogin%252525252525252525252525253FReturnUrl%252525252525252525252525253D%25252525252525252525252525252FAccount%25252525252525252525252525252FLogin%25252525252525252525252525253FReturnUrl%25252525252525252525252525253D%2525252525252525252525252525252FAccount%2525252525252525252525252525252FLogin%2525252525252525252525252525253FReturnUrl%2525252525252525252525252525253D%252525252525252525252525252525252FAccount%252525252525252525252525252525252FLogin%252525252525252525252525252525253FReturnUrl%252525252525252525252525252525253D%25252525252525252525252525252525252FAccount%25252525252525252525252525252525252FLogin%25252525252525252525252525252525253FReturnUrl%25252525252525252525252525252525253D%2525252525252525252525252525252525252F - -
info: Microsoft.AspNetCore.Authorization.DefaultAuthorizationService[2]
      Authorization failed. These requirements were not met:
      DenyAnonymousAuthorizationRequirement: Requires an authenticated user.
info: Microsoft.AspNetCore.Authentication.Cookies.CookieAuthenticationHandler[12]
      AuthenticationScheme: Identity.Application was challenged.
info: Microsoft.AspNetCore.Hosting.Diagnostics[2]
      Request finished HTTP/2 GET https://localhost:44382/Account/Login?ReturnUrl=%2FAccount%2FLogin%3FReturnUrl%3D%252FAccount%252FLogin%253FReturnUrl%253D%25252FAccount%25252FLogin%25253FReturnUrl%25253D%2525252FAccount%2525252FLogin%2525253FReturnUrl%2525253D%252525252FAccount%252525252FLogin%252525253FReturnUrl%252525253D%25252525252FAccount%25252525252FLogin%25252525253FReturnUrl%25252525253D%2525252525252FAccount%2525252525252FLogin%2525252525253FReturnUrl%2525252525253D%252525252525252FAccount%252525252525252FLogin%252525252525253FReturnUrl%252525252525253D%25252525252525252FAccount%25252525252525252FLogin%25252525252525253FReturnUrl%25252525252525253D%2525252525252525252FAccount%2525252525252525252FLogin%2525252525252525253FReturnUrl%2525252525252525253D%252525252525252525252FAccount%252525252525252525252FLogin%252525252525252525253FReturnUrl%252525252525252525253D%25252525252525252525252FAccount%25252525252525252525252FLogin%25252525252525252525253FReturnUrl%25252525252525252525253D%2525252525252525252525252FAccount%2525252525252525252525252FLogin%2525252525252525252525253FReturnUrl%2525252525252525252525253D%252525252525252525252525252FAccount%252525252525252525252525252FLogin%252525252525252525252525253FReturnUrl%252525252525252525252525253D%25252525252525252525252525252FAccount%25252525252525252525252525252FLogin%25252525252525252525252525253FReturnUrl%25252525252525252525252525253D%2525252525252525252525252525252FAccount%2525252525252525252525252525252FLogin%2525252525252525252525252525253FReturnUrl%2525252525252525252525252525253D%252525252525252525252525252525252FAccount%252525252525252525252525252525252FLogin%252525252525252525252525252525253FReturnUrl%252525252525252525252525252525253D%25252525252525252525252525252525252FAccount%25252525252525252525252525252525252FLogin%25252525252525252525252525252525253FReturnUrl%25252525252525252525252525252525253D%2525252525252525252525252525252525252F - - - 302 - - 1.6388ms
info: Microsoft.AspNetCore.Hosting.Diagnostics[1]
      Request starting HTTP/2 GET https://localhost:44382/Account/Login?ReturnUrl=%2FAccount%2FLogin%3FReturnUrl%3D%252FAccount%252FLogin%253FReturnUrl%253D%25252FAccount%25252FLogin%25253FReturnUrl%25253D%2525252FAccount%2525252FLogin%2525253FReturnUrl%2525253D%252525252FAccount%252525252FLogin%252525253FReturnUrl%252525253D%25252525252FAccount%25252525252FLogin%25252525253FReturnUrl%25252525253D%2525252525252FAccount%2525252525252FLogin%2525252525253FReturnUrl%2525252525253D%252525252525252FAccount%252525252525252FLogin%252525252525253FReturnUrl%252525252525253D%25252525252525252FAccount%25252525252525252FLogin%25252525252525253FReturnUrl%25252525252525253D%2525252525252525252FAccount%2525252525252525252FLogin%2525252525252525253FReturnUrl%2525252525252525253D%252525252525252525252FAccount%252525252525252525252FLogin%252525252525252525253FReturnUrl%252525252525252525253D%25252525252525252525252FAccount%25252525252525252525252FLogin%25252525252525252525253FReturnUrl%25252525252525252525253D%2525252525252525252525252FAccount%2525252525252525252525252FLogin%2525252525252525252525253FReturnUrl%2525252525252525252525253D%252525252525252525252525252FAccount%252525252525252525252525252FLogin%252525252525252525252525253FReturnUrl%252525252525252525252525253D%25252525252525252525252525252FAccount%25252525252525252525252525252FLogin%25252525252525252525252525253FReturnUrl%25252525252525252525252525253D%2525252525252525252525252525252FAccount%2525252525252525252525252525252FLogin%2525252525252525252525252525253FReturnUrl%2525252525252525252525252525253D%252525252525252525252525252525252FAccount%252525252525252525252525252525252FLogin%252525252525252525252525252525253FReturnUrl%252525252525252525252525252525253D%25252525252525252525252525252525252FAccount%25252525252525252525252525252525252FLogin%25252525252525252525252525252525253FReturnUrl%25252525252525252525252525252525253D%2525252525252525252525252525252525252FAccount%2525252525252525252525252525252525252FLogin%2525252525252525252525252525252525253FReturnUrl%2525252525252525252525252525252525253D%252525252525252525252525252525252525252F - -
info: Microsoft.AspNetCore.Authorization.DefaultAuthorizationService[2]
      Authorization failed. These requirements were not met:
      DenyAnonymousAuthorizationRequirement: Requires an authenticated user.
info: Microsoft.AspNetCore.Authentication.Cookies.CookieAuthenticationHandler[12]
      AuthenticationScheme: Identity.Application was challenged.
info: Microsoft.AspNetCore.Hosting.Diagnostics[2]
      Request finished HTTP/2 GET https://localhost:44382/Account/Login?ReturnUrl=%2FAccount%2FLogin%3FReturnUrl%3D%252FAccount%252FLogin%253FReturnUrl%253D%25252FAccount%25252FLogin%25253FReturnUrl%25253D%2525252FAccount%2525252FLogin%2525253FReturnUrl%2525253D%252525252FAccount%252525252FLogin%252525253FReturnUrl%252525253D%25252525252FAccount%25252525252FLogin%25252525253FReturnUrl%25252525253D%2525252525252FAccount%2525252525252FLogin%2525252525253FReturnUrl%2525252525253D%252525252525252FAccount%252525252525252FLogin%252525252525253FReturnUrl%252525252525253D%25252525252525252FAccount%25252525252525252FLogin%25252525252525253FReturnUrl%25252525252525253D%2525252525252525252FAccount%2525252525252525252FLogin%2525252525252525253FReturnUrl%2525252525252525253D%252525252525252525252FAccount%252525252525252525252FLogin%252525252525252525253FReturnUrl%252525252525252525253D%25252525252525252525252FAccount%25252525252525252525252FLogin%25252525252525252525253FReturnUrl%25252525252525252525253D%2525252525252525252525252FAccount%2525252525252525252525252FLogin%2525252525252525252525253FReturnUrl%25252525252525252