info: Microsoft.AspNetCore.DataProtection.KeyManagement.XmlKeyManager[63]
      User profile is available. Using 'C:\Users\Ahmed El Gendy\AppData\Local\ASP.NET\DataProtection-Keys' as key repository and Windows DPAPI to encrypt keys at rest.
info: Microsoft.Hosting.Lifetime[0]
      Application started. Press Ctrl+C to shut down.
info: Microsoft.Hosting.Lifetime[0]
      Hosting environment: Development
info: Microsoft.Hosting.Lifetime[0]
      Content root path: D:\My Work\0We\We Pay Offers\We Pay Offer\WePay-Daily\WePayOffer.Portal\
info: Microsoft.AspNetCore.Hosting.Diagnostics[1]
      Request starting HTTP/2 GET https://localhost:44382/ - -
info: Microsoft.AspNetCore.Routing.EndpointMiddleware[0]
      Executing endpoint 'WePayOffer.Portal.Controllers.AccountController.Login (WePayOffer.Portal)'
info: Microsoft.AspNetCore.Mvc.Infrastructure.ControllerActionInvoker[3]
      Route matched with {action = "Login", controller = "Account"}. Executing controller action with signature Microsoft.AspNetCore.Mvc.IActionResult Login() on controller WePayOffer.Portal.Controllers.AccountController (WePayOffer.Portal).
info: Microsoft.AspNetCore.Mvc.Infrastructure.ControllerActionInvoker[1]
      Executing action method WePayOffer.Portal.Controllers.AccountController.Login (WePayOffer.Portal) - Validation state: Valid
info: Microsoft.AspNetCore.Mvc.Infrastructure.ControllerActionInvoker[2]
      Executed action method WePayOffer.Portal.Controllers.AccountController.Login (WePayOffer.Portal), returned result Microsoft.AspNetCore.Mvc.ViewResult in 0.5325ms.
info: Microsoft.AspNetCore.Mvc.ViewFeatures.ViewResultExecutor[1]
      Executing ViewResult, running view Login.
info: Microsoft.EntityFrameworkCore.Infrastructure[10403]
      Entity Framework Core 6.0.9 initialized 'ApplicationContext' using provider 'Microsoft.EntityFrameworkCore.SqlServer:6.0.9' with options: None
info: Microsoft.AspNetCore.Mvc.ViewFeatures.ViewResultExecutor[4]
      Executed ViewResult - view Login executed in 941.9429ms.
info: Microsoft.AspNetCore.Mvc.Infrastructure.ControllerActionInvoker[2]
      Executed action WePayOffer.Portal.Controllers.AccountController.Login (WePayOffer.Portal) in 1136.8497ms
info: Microsoft.AspNetCore.Routing.EndpointMiddleware[1]
      Executed endpoint 'WePayOffer.Portal.Controllers.AccountController.Login (WePayOffer.Portal)'
info: Microsoft.AspNetCore.Hosting.Diagnostics[2]
      Request finished HTTP/2 GET https://localhost:44382/ - - - 200 - text/html;+charset=utf-8 1268.6248ms
info: Microsoft.AspNetCore.Hosting.Diagnostics[1]
      Request starting HTTP/2 GET https://localhost:44382/images/bg-login.svg - -
info: Microsoft.AspNetCore.Hosting.Diagnostics[1]
      Request starting HTTP/2 GET https://localhost:44382/fonts/Poppins.woff - -
info: Microsoft.AspNetCore.Hosting.Diagnostics[2]
      Request finished HTTP/2 GET https://localhost:44382/images/bg-login.svg - - - 404 - - 16.4331ms
info: Microsoft.AspNetCore.Hosting.Diagnostics[2]
      Request finished HTTP/2 GET https://localhost:44382/fonts/Poppins.woff - - - 404 - - 3.9761ms
info: Microsoft.AspNetCore.Hosting.Diagnostics[1]
      Request starting HTTP/2 GET https://localhost:44382/fonts/Poppins.ttf - -
info: Microsoft.AspNetCore.Hosting.Diagnostics[2]
      Request finished HTTP/2 GET https://localhost:44382/fonts/Poppins.ttf - - - 404 - - 1.6250ms
info: Microsoft.AspNetCore.Hosting.Diagnostics[1]
      Request starting HTTP/2 POST https://localhost:44382/ application/x-www-form-urlencoded 223
info: Microsoft.AspNetCore.Routing.EndpointMiddleware[0]
      Executing endpoint 'WePayOffer.Portal.Controllers.AccountController.Login (WePayOffer.Portal)'
info: Microsoft.AspNetCore.Mvc.Infrastructure.ControllerActionInvoker[3]
      Route matched with {action = "Login", controller = "Account"}. Executing controller action with signature System.Threading.Tasks.Task`1[Microsoft.AspNetCore.Mvc.IActionResult] Login(WePayOffer.BL.Models.LoginVM) on controller WePayOffer.Portal.Controllers.AccountController (WePayOffer.Portal).
info: Microsoft.AspNetCore.Mvc.Infrastructure.ControllerActionInvoker[1]
      Executing action method WePayOffer.Portal.Controllers.AccountController.Login (WePayOffer.Portal) - Validation state: Valid
info: Microsoft.EntityFrameworkCore.Infrastructure[10403]
      Entity Framework Core 6.0.9 initialized 'ApplicationContext' using provider 'Microsoft.EntityFrameworkCore.SqlServer:6.0.9' with options: None
Security Warning: The negotiated TLS 1.0 is an insecure protocol and is supported for backward compatibility only. The recommended protocol version is TLS 1.2 and later.
info: Microsoft.EntityFrameworkCore.Database.Command[20101]
      Executed DbCommand (84ms) [Parameters=[@__normalizedUserName_0='?' (Size = 256)], CommandType='Text', CommandTimeout='30']
      SELECT TOP(1) [a].[Id], [a].[AccessFailedCount], [a].[ConcurrencyStamp], [a].[CreatedBy], [a].[CreatedOn], [a].[Email], [a].[EmailConfirmed], [a].[FullName], [a].[IsDeleted], [a].[LockoutEnabled], [a].[LockoutEnd], [a].[NormalizedEmail], [a].[NormalizedUserName], [a].[PasswordHash], [a].[PhoneNumber], [a].[PhoneNumberConfirmed], [a].[SecurityStamp], [a].[TwoFactorEnabled], [a].[UserName]
      FROM [AspNetUsers] AS [a]
      WHERE [a].[NormalizedUserName] = @__normalizedUserName_0
info: Microsoft.EntityFrameworkCore.Database.Command[20101]
      Executed DbCommand (4ms) [Parameters=[@__user_Id_0='?' (Size = 450)], CommandType='Text', CommandTimeout='30']
      SELECT [a].[Id], [a].[ClaimType], [a].[ClaimValue], [a].[UserId]
      FROM [AspNetUserClaims] AS [a]
      WHERE [a].[UserId] = @__user_Id_0
info: Microsoft.AspNetCore.Authentication.Cookies.CookieAuthenticationHandler[10]
      AuthenticationScheme: Identity.Application signed in.
info: Microsoft.AspNetCore.Mvc.Infrastructure.ControllerActionInvoker[2]
      Executed action method WePayOffer.Portal.Controllers.AccountController.Login (WePayOffer.Portal), returned result Microsoft.AspNetCore.Mvc.RedirectToActionResult in 1102.9585ms.
info: Microsoft.AspNetCore.Mvc.RedirectToActionResult[1]
      Executing RedirectResult, redirecting to /Home/Index.
info: Microsoft.AspNetCore.Mvc.Infrastructure.ControllerActionInvoker[2]
      Executed action WePayOffer.Portal.Controllers.AccountController.Login (WePayOffer.Portal) in 1161.8121ms
info: Microsoft.AspNetCore.Routing.EndpointMiddleware[1]
      Executed endpoint 'WePayOffer.Portal.Controllers.AccountController.Login (WePayOffer.Portal)'
info: Microsoft.AspNetCore.Hosting.Diagnostics[1]
      Request starting HTTP/2 GET https://localhost:44382/Home/Index - -
info: Microsoft.AspNetCore.Hosting.Diagnostics[2]
      Request finished HTTP/2 POST https://localhost:44382/ application/x-www-form-urlencoded 223 - 302 - - 1188.3598ms
info: Microsoft.AspNetCore.Routing.EndpointMiddleware[0]
      Executing endpoint 'WePayOffer.Portal.Controllers.HomeController.Index (WePayOffer.Portal)'
info: Microsoft.AspNetCore.Mvc.Infrastructure.ControllerActionInvoker[3]
      Route matched with {action = "Index", controller = "Home"}. Executing controller action with signature Microsoft.AspNetCore.Mvc.IActionResult Index() on controller WePayOffer.Portal.Controllers.HomeController (WePayOffer.Portal).
info: Microsoft.AspNetCore.Mvc.Infrastructure.ControllerActionInvoker[1]
      Executing action method WePayOffer.Portal.Controllers.HomeController.Index (WePayOffer.Portal) - Validation state: Valid
info: Microsoft.AspNetCore.Mvc.Infrastructure.ControllerActionInvoker[2]
      Executed action method WePayOffer.Portal.Controllers.HomeController.Index (WePayOffer.Portal), returned result Microsoft.AspNetCore.Mvc.ViewResult in 0.1425ms.
info: Microsoft.AspNetCore.Mvc.ViewFeatures.ViewResultExecutor[1]
      Executing ViewResult, running view Index.
info: Microsoft.EntityFrameworkCore.Infrastructure[10403]
      Entity Framework Core 6.0.9 initialized 'ApplicationContext' using provider 'Microsoft.EntityFrameworkCore.SqlServer:6.0.9' with options: None
info: Microsoft.EntityFrameworkCore.Database.Command[20101]
      Executed DbCommand (7ms) [Parameters=[], CommandType='Text', CommandTimeout='30']
      SELECT COUNT(*)
      FROM [ServiceNumber] AS [s]
      WHERE [s].[StatusId] = 1
info: Microsoft.EntityFrameworkCore.Database.Command[20101]
      Executed DbCommand (1ms) [Parameters=[], CommandType='Text', CommandTimeout='30']
      SELECT COUNT(*)
      FROM [ServiceNumber] AS [s]
      WHERE [s].[StatusId] = 4
info: Microsoft.EntityFrameworkCore.Database.Command[20101]
      Executed DbCommand (0ms) [Parameters=[], CommandType='Text', CommandTimeout='30']
      SELECT COUNT(*)
      FROM [ServiceNumber] AS [s]
      WHERE [s].[StatusId] = 3
info: Microsoft.EntityFrameworkCore.Database.Command[20101]
      Executed DbCommand (0ms) [Parameters=[], CommandType='Text', CommandTimeout='30']
      SELECT COUNT(*)
      FROM [ServiceNumber] AS [s]
      WHERE [s].[StatusId] = 2
info: Microsoft.EntityFrameworkCore.Database.Command[20101]
      Executed DbCommand (3ms) [Parameters=[], CommandType='Text', CommandTimeout='30']
      SELECT COUNT(*)
      FROM [ServiceNumber] AS [s]
info: Microsoft.EntityFrameworkCore.Database.Command[20101]
      Executed DbCommand (2ms) [Parameters=[], CommandType='Text', CommandTimeout='30']
      SELECT [s].[Id], [s].[CreationDate], [s].[Number], [s].[OfferId], [s].[StatusId]
      FROM [ServiceNumber] AS [s]
info: Microsoft.EntityFrameworkCore.Database.Command[20101]
      Executed DbCommand (13ms) [Parameters=[], CommandType='Text', CommandTimeout='30']
      SELECT [s].[Id], [s].[CreationDate], [s].[Number], [s].[OfferId], [s].[StatusId]
      FROM [ServiceNumber] AS [s]
      WHERE (DATEPART(year, [s].[CreationDate]) = DATEPART(year, GETDATE())) AND (DATEPART(month, [s].[CreationDate]) = 1)
info: Microsoft.EntityFrameworkCore.Database.Command[20101]
      Executed DbCommand (13ms) [Parameters=[], CommandType='Text', CommandTimeout='30']
      SELECT [s].[Id], [s].[CreationDate], [s].[Number], [s].[OfferId], [s].[StatusId]
      FROM [ServiceNumber] AS [s]
      WHERE (DATEPART(year, [s].[CreationDate]) = DATEPART(year, GETDATE())) AND (DATEPART(month, [s].[CreationDate]) = 2)
info: Microsoft.EntityFrameworkCore.Database.Command[20101]
      Executed DbCommand (13ms) [Parameters=[], CommandType='Text', CommandTimeout='30']
      SELECT [s].[Id], [s].[CreationDate], [s].[Number], [s].[OfferId], [s].[StatusId]
      FROM [ServiceNumber] AS [s]
      WHERE (DATEPART(year, [s].[CreationDate]) = DATEPART(year, GETDATE())) AND (DATEPART(month, [s].[CreationDate]) = 3)
info: Microsoft.EntityFrameworkCore.Database.Command[20101]
      Executed DbCommand (12ms) [Parameters=[], CommandType='Text', CommandTimeout='30']
      SELECT [s].[Id], [s].[CreationDate], [s].[Number], [s].[OfferId], [s].[StatusId]
      FROM [ServiceNumber] AS [s]
      WHERE (DATEPART(year, [s].[CreationDate]) = DATEPART(year, GETDATE())) AND (DATEPART(month, [s].[CreationDate]) = 4)
info: Microsoft.EntityFrameworkCore.Database.Command[20101]
      Executed DbCommand (12ms) [Parameters=[], CommandType='Text', CommandTimeout='30']
      SELECT [s].[Id], [s].[CreationDate], [s].[Number], [s].[OfferId], [s].[StatusId]
      FROM [ServiceNumber] AS [s]
      WHERE (DATEPART(year, [s].[CreationDate]) = DATEPART(year, GETDATE())) AND (DATEPART(month, [s].[CreationDate]) = 5)
info: Microsoft.EntityFrameworkCore.Database.Command[20101]
      Executed DbCommand (12ms) [Parameters=[], CommandType='Text', CommandTimeout='30']
      SELECT [s].[Id], [s].[CreationDate], [s].[Number], [s].[OfferId], [s].[StatusId]
      FROM [ServiceNumber] AS [s]
      WHERE (DATEPART(year, [s].[CreationDate]) = DATEPART(year, GETDATE())) AND (DATEPART(month, [s].[CreationDate]) = 6)
info: Microsoft.EntityFrameworkCore.Database.Command[20101]
      Executed DbCommand (13ms) [Parameters=[], CommandType='Text', CommandTimeout='30']
      SELECT [s].[Id], [s].[CreationDate], [s].[Number], [s].[OfferId], [s].[StatusId]
      FROM [ServiceNumber] AS [s]
      WHERE (DATEPART(year, [s].[CreationDate]) = DATEPART(year, GETDATE())) AND (DATEPART(month, [s].[CreationDate]) = 7)
info: Microsoft.EntityFrameworkCore.Database.Command[20101]
      Executed DbCommand (13ms) [Parameters=[], CommandType='Text', CommandTimeout='30']
      SELECT [s].[Id], [s].[CreationDate], [s].[Number], [s].[OfferId], [s].[StatusId]
      FROM [ServiceNumber] AS [s]
      WHERE (DATEPART(year, [s].[CreationDate]) = DATEPART(year, GETDATE())) AND (DATEPART(month, [s].[CreationDate]) = 8)
info: Microsoft.EntityFrameworkCore.Database.Command[20101]
      Executed DbCommand (17ms) [Parameters=[], CommandType='Text', CommandTimeout='30']
      SELECT [s].[Id], [s].[CreationDate], [s].[Number], [s].[OfferId], [s].[StatusId]
      FROM [ServiceNumber] AS [s]
      WHERE (DATEPART(year, [s].[CreationDate]) = DATEPART(year, GETDATE())) AND (DATEPART(month, [s].[CreationDate]) = 9)
info: Microsoft.EntityFrameworkCore.Database.Command[20101]
      Executed DbCommand (12ms) [Parameters=[], CommandType='Text', CommandTimeout='30']
      SELECT [s].[Id], [s].[CreationDate], [s].[Number], [s].[OfferId], [s].[StatusId]
      FROM [ServiceNumber] AS [s]
      WHERE (DATEPART(year, [s].[CreationDate]) = DATEPART(year, GETDATE())) AND (DATEPART(month, [s].[CreationDate]) = 10)
info: Microsoft.EntityFrameworkCore.Database.Command[20101]
      Executed DbCommand (1ms) [Parameters=[], CommandType='Text', CommandTimeout='30']
      SELECT [s].[Id], [s].[CreationDate], [s].[Number], [s].[OfferId], [s].[StatusId]
      FROM [ServiceNumber] AS [s]
      WHERE (DATEPART(year, [s].[CreationDate]) = DATEPART(year, GETDATE())) AND (DATEPART(month, [s].[CreationDate]) = 11)
info: Microsoft.EntityFrameworkCore.Database.Command[20101]
      Executed DbCommand (12ms) [Parameters=[], CommandType='Text', CommandTimeout='30']
      SELECT [s].[Id], [s].[CreationDate], [s].[Number], [s].[OfferId], [s].[StatusId]
      FROM [ServiceNumber] AS [s]
      WHERE (DATEPART(year, [s].[CreationDate]) = DATEPART(year, GETDATE())) AND (DATEPART(month, [s].[CreationDate]) = 12)
info: Microsoft.AspNetCore.Mvc.ViewFeatures.ViewResultExecutor[4]
      Executed ViewResult - view Index executed in 811.8642ms.
info: Microsoft.AspNetCore.Mvc.Infrastructure.ControllerActionInvoker[2]
      Executed action WePayOffer.Portal.Controllers.HomeController.Index (WePayOffer.Portal) in 825.0789ms
info: Microsoft.AspNetCore.Routing.EndpointMiddleware[1]
      Executed endpoint 'WePayOffer.Portal.Controllers.HomeController.Index (WePayOffer.Portal)'
info: Microsoft.AspNetCore.Hosting.Diagnostics[2]
      Request finished HTTP/2 GET https://localhost:44382/Home/Index - - - 200 - text/html;+charset=utf-8 844.7765ms
info: Microsoft.AspNetCore.Hosting.Diagnostics[1]
      Request starting HTTP/2 GET https://localhost:44382/_framework/aspnetcore-browser-refresh.js - -
info: Microsoft.AspNetCore.Hosting.Diagnostics[1]
      Request starting HTTP/2 GET https://localhost:44382/_vs/browserLink - -
info: Microsoft.AspNetCore.Hosting.Diagnostics[2]
      Request finished HTTP/2 GET https://localhost:44382/_framework/aspnetcore-browser-refresh.js - - - 200 12004 application/javascript;+charset=utf-8 13.6586ms
info: Microsoft.AspNetCore.Hosting.Diagnostics[2]
      Request finished HTTP/2 GET https://localhost:44382/_vs/browserLink - - - 200 - text/javascript;+charset=UTF-8 32.0584ms
info: Microsoft.AspNetCore.Hosting.Diagnostics[1]
      Request starting HTTP/2 GET https://localhost:44382/Wallet/Search - -
info: Microsoft.AspNetCore.Routing.EndpointMiddleware[0]
      Executing endpoint 'WePayOffer.Portal.Controllers.WalletController.Search (WePayOffer.Portal)'
info: Microsoft.AspNetCore.Mvc.Infrastructure.ControllerActionInvoker[3]
      Route matched with {action = "Search", controller = "Wallet"}. Executing controller action with signature Microsoft.AspNetCore.Mvc.IActionResult Search() on controller WePayOffer.Portal.Controllers.WalletController (WePayOffer.Portal).
info: Microsoft.AspNetCore.Mvc.Infrastructure.ControllerActionInvoker[1]
      Executing action method WePayOffer.Portal.Controllers.WalletController.Search (WePayOffer.Portal) - Validation state: Valid
info: Microsoft.AspNetCore.Mvc.Infrastructure.ControllerActionInvoker[2]
      Executed action method WePayOffer.Portal.Controllers.WalletController.Search (WePayOffer.Portal), returned result Microsoft.AspNetCore.Mvc.ViewResult in 0.1544ms.
info: Microsoft.AspNetCore.Mvc.ViewFeatures.ViewResultExecutor[1]
      Executing ViewResult, running view Search.
info: Microsoft.EntityFrameworkCore.Infrastructure[10403]
      Entity Framework Core 6.0.9 initialized 'ApplicationContext' using provider 'Microsoft.EntityFrameworkCore.SqlServer:6.0.9' with options: None
info: Microsoft.EntityFrameworkCore.Database.Command[20101]
      Executed DbCommand (1ms) [Parameters=[], CommandType='Text', CommandTimeout='30']
      SELECT [s].[Id], [s].[Name]
      FROM [Status] AS [s]
      WHERE [s].[Id] > 0
info: Microsoft.AspNetCore.Mvc.ViewFeatures.ViewResultExecutor[4]
      Executed ViewResult - view Search executed in 29.7328ms.
info: Microsoft.AspNetCore.Mvc.Infrastructure.ControllerActionInvoker[2]
      Executed action WePayOffer.Portal.Controllers.WalletController.Search (WePayOffer.Portal) in 130.6446ms
info: Microsoft.AspNetCore.Routing.EndpointMiddleware[1]
      Executed endpoint 'WePayOffer.Portal.Controllers.WalletController.Search (WePayOffer.Portal)'
info: Microsoft.AspNetCore.Hosting.Diagnostics[2]
      Request finished HTTP/2 GET https://localhost:44382/Wallet/Search - - - 200 - text/html;+charset=utf-8 141.8495ms
info: Microsoft.AspNetCore.Hosting.Diagnostics[1]
      Request starting HTTP/2 GET https://localhost:44382/lib/WelletNumberDatatable.js - -
info: Microsoft.AspNetCore.Hosting.Diagnostics[1]
      Request starting HTTP/2 GET https://localhost:44382/_framework/aspnetcore-browser-refresh.js - -
info: Microsoft.AspNetCore.Hosting.Diagnostics[1]
      Request starting HTTP/2 GET https://localhost:44382/_vs/browserLink - -
info: Microsoft.AspNetCore.Hosting.Diagnostics[2]
      Request finished HTTP/2 GET https://localhost:44382/_framework/aspnetcore-browser-refresh.js - - - 200 12004 application/javascript;+charset=utf-8 7.6558ms
info: Microsoft.AspNetCore.StaticFiles.StaticFileMiddleware[6]
      The file /lib/WelletNumberDatatable.js was not modified
info: Microsoft.AspNetCore.Hosting.Diagnostics[2]
      Request finished HTTP/2 GET https://localhost:44382/lib/WelletNumberDatatable.js - - - 304 - application/javascript 20.3468ms
info: Microsoft.AspNetCore.Hosting.Diagnostics[2]
      Request finished HTTP/2 GET https://localhost:44382/_vs/browserLink - - - 200 - text/javascript;+charset=UTF-8 31.1609ms
info: Microsoft.AspNetCore.Hosting.Diagnostics[1]
      Request starting HTTP/2 POST https://localhost:44382/Wallet/Filter application/x-www-form-urlencoded;+charset=UTF-8 1701
info: Microsoft.AspNetCore.Routing.EndpointMiddleware[0]
      Executing endpoint 'WePayOffer.Portal.Controllers.WalletController.Filter (WePayOffer.Portal)'
info: Microsoft.AspNetCore.Mvc.Infrastructure.ControllerActionInvoker[3]
      Route matched with {action = "Filter", controller = "Wallet"}. Executing controller action with signature Microsoft.AspNetCore.Mvc.IActionResult Filter(WePayOffer.BL.Models.FilterVM) on controller WePayOffer.Portal.Controllers.WalletController (WePayOffer.Portal).
info: Microsoft.AspNetCore.Mvc.Infrastructure.ControllerActionInvoker[1]
      Executing action method WePayOffer.Portal.Controllers.WalletController.Filter (WePayOffer.Portal) - Validation state: Invalid
info: Microsoft.EntityFrameworkCore.Infrastructure[10403]
      Entity Framework Core 6.0.9 initialized 'ApplicationContext' using provider 'Microsoft.EntityFrameworkCore.SqlServer:6.0.9' with options: None
info: Microsoft.EntityFrameworkCore.Database.Command[20101]
      Executed DbCommand (5ms) [Parameters=[], CommandType='Text', CommandTimeout='30']
      SELECT [s].[Id] AS [id], [s].[Number] AS [serviceNumber], [s].[OfferId] AS [offer], [s].[CreationDate] AS [uploadedDate], [s].[StatusId] AS [status], [s0].[ResponseMessage] AS [responseMessage], [s0].[CreationDate] AS [transactionDate]
      FROM [ServiceNumber] AS [s]
      LEFT JOIN [ServiceTransaction] AS [s0] ON [s].[Id] = [s0].[ServiceNumberId]
fail: Microsoft.EntityFrameworkCore.Query[10100]
      An exception occurred while iterating over the results of a query for context type 'WePayOffer.DAL.Database.ApplicationContext'.
      System.InvalidOperationException: Nullable object must have a value.
         at lambda_method318(Closure , QueryContext , DbDataReader , ResultContext , SingleQueryResultCoordinator )
         at Microsoft.EntityFrameworkCore.Query.Internal.SingleQueryingEnumerable`1.Enumerator.MoveNext()
      System.InvalidOperationException: Nullable object must have a value.
         at lambda_method318(Closure , QueryContext , DbDataReader , ResultContext , SingleQueryResultCoordinator )
         at Microsoft.EntityFrameworkCore.Query.Internal.SingleQueryingEnumerable`1.Enumerator.MoveNext()
info: Microsoft.EntityFrameworkCore.Database.Command[20101]
      Executed DbCommand (4ms) [Parameters=[@__searchValue_0='?' (Size = 50)], CommandType='Text', CommandTimeout='30']
      SELECT [s].[Id] AS [id], [s].[Number] AS [serviceNumber], [s].[OfferId] AS [offer], [s].[CreationDate] AS [uploadedDate], [s].[StatusId] AS [status], [s0].[ResponseMessage] AS [responseMessage], [s0].[CreationDate] AS [transactionDate]
      FROM [ServiceNumber] AS [s]
      LEFT JOIN [ServiceTransaction] AS [s0] ON [s].[Id] = [s0].[ServiceNumberId]
      WHERE (((@__searchValue_0 LIKE N'') OR (CHARINDEX(@__searchValue_0, [s].[Number]) > 0)) OR ((@__searchValue_0 LIKE N'') OR (CHARINDEX(@__searchValue_0, [s].[OfferId]) > 0))) OR ((@__searchValue_0 LIKE N'') OR (CHARINDEX(@__searchValue_0, [s0].[ResponseMessage]) > 0))
fail: Microsoft.EntityFrameworkCore.Query[10100]
      An exception occurred while iterating over the results of a query for context type 'WePayOffer.DAL.Database.ApplicationContext'.
      System.InvalidOperationException: Nullable object must have a value.
         at lambda_method320(Closure , QueryContext , DbDataReader , ResultContext , SingleQueryResultCoordinator )
         at Microsoft.EntityFrameworkCore.Query.Internal.SingleQueryingEnumerable`1.Enumerator.MoveNext()
      System.InvalidOperationException: Nullable object must have a value.
         at lambda_method320(Closure , QueryContext , DbDataReader , ResultContext , SingleQueryResultCoordinator )
         at Microsoft.EntityFrameworkCore.Query.Internal.SingleQueryingEnumerable`1.Enumerator.MoveNext()
info: Microsoft.EntityFrameworkCore.Database.Command[20101]
      Executed DbCommand (13ms) [Parameters=[@__searchValue_0='?' (Size = 50), @__p_1='?' (DbType = Int32), @__p_2='?' (DbType = Int32)], CommandType='Text', CommandTimeout='30']
      SELECT [s].[Id] AS [id], [s].[Number] AS [serviceNumber], [s].[OfferId] AS [offer], [s].[CreationDate] AS [uploadedDate], [s].[StatusId] AS [status], [s0].[ResponseMessage] AS [responseMessage], [s0].[CreationDate] AS [transactionDate]
      FROM [ServiceNumber] AS [s]
      LEFT JOIN [ServiceTransaction] AS [s0] ON [s].[Id] = [s0].[ServiceNumberId]
      WHERE (((@__searchValue_0 LIKE N'') OR (CHARINDEX(@__searchValue_0, [s].[Number]) > 0)) OR ((@__searchValue_0 LIKE N'') OR (CHARINDEX(@__searchValue_0, [s].[OfferId]) > 0))) OR ((@__searchValue_0 LIKE N'') OR (CHARINDEX(@__searchValue_0, [s0].[ResponseMessage]) > 0))
      ORDER BY [s].[Id]
      OFFSET @__p_1 ROWS FETCH NEXT @__p_2 ROWS ONLY
info: Microsoft.EntityFrameworkCore.Database.Command[20101]
      Executed DbCommand (7ms) [Parameters=[@__searchValue_0='?' (Size = 50)], CommandType='Text', CommandTimeout='30']
      SELECT COUNT(*)
      FROM [ServiceNumber] AS [s]
      LEFT JOIN [ServiceTransaction] AS [s0] ON [s].[Id] = [s0].[ServiceNumberId]
      WHERE (((@__searchValue_0 LIKE N'') OR (CHARINDEX(@__searchValue_0, [s].[Number]) > 0)) OR ((@__searchValue_0 LIKE N'') OR (CHARINDEX(@__searchValue_0, [s].[OfferId]) > 0))) OR ((@__searchValue_0 LIKE N'') OR (CHARINDEX(@__searchValue_0, [s0].[ResponseMessage]) > 0))
info: Microsoft.AspNetCore.Mvc.Infrastructure.ControllerActionInvoker[2]
      Executed action method WePayOffer.Portal.Controllers.WalletController.Filter (WePayOffer.Portal), returned result Microsoft.AspNetCore.Mvc.OkObjectResult in 42934.2883ms.
info: Microsoft.AspNetCore.Mvc.Infrastructure.ObjectResultExecutor[1]
      Executing OkObjectResult, writing value of type '<>f__AnonymousType0`3[[System.Int32, System.Private.CoreLib, Version=6.0.0.0, Culture=neutral, PublicKeyToken=7cec85d7bea7798e],[System.Int32, System.Private.CoreLib, Version=6.0.0.0, Culture=neutral, PublicKeyToken=7cec85d7bea7798e],[System.Collections.Generic.List`1[[<>f__AnonymousType2`7[[System.Int32, System.Private.CoreLib, Version=6.0.0.0, Culture=neutral, PublicKeyToken=7cec85d7bea7798e],[System.String, System.Private.CoreLib, Version=6.0.0.0, Culture=neutral, PublicKeyToken=7cec85d7bea7798e],[System.String, System.Private.CoreLib, Version=6.0.0.0, Culture=neutral, PublicKeyToken=7cec85d7bea7798e],[System.DateTime, System.Private.CoreLib, Version=6.0.0.0, Culture=neutral, PublicKeyToken=7cec85d7bea7798e],[System.Int32, System.Private.CoreLib, Version=6.0.0.0, Culture=neutral, PublicKeyToken=7cec85d7bea7798e],[System.String, System.Private.CoreLib, Version=6.0.0.0, Culture=neutral, PublicKeyToken=7cec85d7bea7798e],[System.DateTime, System.Private.CoreLib, Version=6.0.0.0, Culture=neutral, PublicKeyToken=7cec85d7bea7798e]], WePayOffer.Portal, Version=1.0.0.0, Culture=neutral, PublicKeyToken=null]], System.Private.CoreLib, Version=6.0.0.0, Culture=neutral, PublicKeyToken=7cec85d7bea7798e]]'.
info: Microsoft.AspNetCore.Mvc.Infrastructure.ControllerActionInvoker[2]
      Executed action WePayOffer.Portal.Controllers.WalletController.Filter (WePayOffer.Portal) in 42969.8536ms
info: Microsoft.AspNetCore.Routing.EndpointMiddleware[1]
      Executed endpoint 'WePayOffer.Portal.Controllers.WalletController.Filter (WePayOffer.Portal)'
info: Microsoft.AspNetCore.Hosting.Diagnostics[2]
      Request finished HTTP/2 POST https://localhost:44382/Wallet/Filter application/x-www-form-urlencoded;+charset=UTF-8 1701 - 200 - application/json;+charset=utf-8 42987.0628ms
info: Microsoft.AspNetCore.Hosting.Diagnostics[1]
      Request starting HTTP/2 GET https://localhost:44382/Home/Index - -
info: Microsoft.AspNetCore.Routing.EndpointMiddleware[0]
      Executing endpoint 'WePayOffer.Portal.Controllers.HomeController.Index (WePayOffer.Portal)'
info: Microsoft.AspNetCore.Mvc.Infrastructure.ControllerActionInvoker[3]
      Route matched with {action = "Index", controller = "Home"}. Executing controller action with signature Microsoft.AspNetCore.Mvc.IActionResult Index() on controller WePayOffer.Portal.Controllers.HomeController (WePayOffer.Portal).
info: Microsoft.AspNetCore.Mvc.Infrastructure.ControllerActionInvoker[1]
      Executing action method WePayOffer.Portal.Controllers.HomeController.Index (WePayOffer.Portal) - Validation state: Valid
info: Microsoft.AspNetCore.Mvc.Infrastructure.ControllerActionInvoker[2]
      Executed action method WePayOffer.Portal.Controllers.HomeController.Index (WePayOffer.Portal), returned result Microsoft.AspNetCore.Mvc.ViewResult in 0.0242ms.
info: Microsoft.AspNetCore.Mvc.ViewFeatures.ViewResultExecutor[1]
      Executing ViewResult, running view Index.
info: Microsoft.EntityFrameworkCore.Infrastructure[10403]
      Entity Framework Core 6.0.9 initialized 'ApplicationContext' using provider 'Microsoft.EntityFrameworkCore.SqlServer:6.0.9' with options: None
info: Microsoft.EntityFrameworkCore.Database.Command[20101]
      Executed DbCommand (3ms) [Parameters=[], CommandType='Text', CommandTimeout='30']
      SELECT COUNT(*)
      FROM [ServiceNumber] AS [s]
      WHERE [s].[StatusId] = 1
info: Microsoft.EntityFrameworkCore.Database.Command[20101]
      Executed DbCommand (0ms) [Parameters=[], CommandType='Text', CommandTimeout='30']
      SELECT COUNT(*)
      FROM [ServiceNumber] AS [s]
      WHERE [s].[StatusId] = 4
info: Microsoft.EntityFrameworkCore.Database.Command[20101]
      Executed DbCommand (0ms) [Parameters=[], CommandType='Text', CommandTimeout='30']
      SELECT COUNT(*)
      FROM [ServiceNumber] AS [s]
      WHERE [s].[StatusId] = 3
info: Microsoft.EntityFrameworkCore.Database.Command[20101]
      Executed DbCommand (0ms) [Parameters=[], CommandType='Text', CommandTimeout='30']
      SELECT COUNT(*)
      FROM [ServiceNumber] AS [s]
      WHERE [s].[StatusId] = 2
info: Microsoft.EntityFrameworkCore.Database.Command[20101]
      Executed DbCommand (3ms) [Parameters=[], CommandType='Text', CommandTimeout='30']
      SELECT COUNT(*)
      FROM [ServiceNumber] AS [s]
info: Microsoft.EntityFrameworkCore.Database.Command[20101]
      Executed DbCommand (0ms) [Parameters=[], CommandType='Text', CommandTimeout='30']
      SELECT [s].[Id], [s].[CreationDate], [s].[Number], [s].[OfferId], [s].[StatusId]
      FROM [ServiceNumber] AS [s]
info: Microsoft.EntityFrameworkCore.Database.Command[20101]
      Executed DbCommand (11ms) [Parameters=[], CommandType='Text', CommandTimeout='30']
      SELECT [s].[Id], [s].[CreationDate], [s].[Number], [s].[OfferId], [s].[StatusId]
      FROM [ServiceNumber] AS [s]
      WHERE (DATEPART(year, [s].[CreationDate]) = DATEPART(year, GETDATE())) AND (DATEPART(month, [s].[CreationDate]) = 1)
info: Microsoft.EntityFrameworkCore.Database.Command[20101]
      Executed DbCommand (11ms) [Parameters=[], CommandType='Text', CommandTimeout='30']
      SELECT [s].[Id], [s].[CreationDate], [s].[Number], [s].[OfferId], [s].[StatusId]
      FROM [ServiceNumber] AS [s]
      WHERE (DATEPART(year, [s].[CreationDate]) = DATEPART(year, GETDATE())) AND (DATEPART(month, [s].[CreationDate]) = 2)
info: Microsoft.EntityFrameworkCore.Database.Command[20101]
      Executed DbCommand (12ms) [Parameters=[], CommandType='Text', CommandTimeout='30']
      SELECT [s].[Id], [s].[CreationDate], [s].[Number], [s].[OfferId], [s].[StatusId]
      FROM [ServiceNumber] AS [s]
      WHERE (DATEPART(year, [s].[CreationDate]) = DATEPART(year, GETDATE())) AND (DATEPART(month, [s].[CreationDate]) = 3)
info: Microsoft.EntityFrameworkCore.Database.Command[20101]
      Executed DbCommand (11ms) [Parameters=[], CommandType='Text', CommandTimeout='30']
      SELECT [s].[Id], [s].[CreationDate], [s].[Number], [s].[OfferId], [s].[StatusId]
      FROM [ServiceNumber] AS [s]
      WHERE (DATEPART(year, [s].[CreationDate]) = DATEPART(year, GETDATE())) AND (DATEPART(month, [s].[CreationDate]) = 4)
info: Microsoft.EntityFrameworkCore.Database.Command[20101]
      Executed DbCommand (11ms) [Parameters=[], CommandType='Text', CommandTimeout='30']
      SELECT [s].[Id], [s].[CreationDate], [s].[Number], [s].[OfferId], [s].[StatusId]
      FROM [ServiceNumber] AS [s]
      WHERE (DATEPART(year, [s].[CreationDate]) = DATEPART(year, GETDATE())) AND (DATEPART(month, [s].[CreationDate]) = 5)
info: Microsoft.EntityFrameworkCore.Database.Command[20101]
      Executed DbCommand (11ms) [Parameters=[], CommandType='Text', CommandTimeout='30']
      SELECT [s].[Id], [s].[CreationDate], [s].[Number], [s].[OfferId], [s].[StatusId]
      FROM [ServiceNumber] AS [s]
      WHERE (DATEPART(year, [s].[CreationDate]) = DATEPART(year, GETDATE())) AND (DATEPART(month, [s].[CreationDate]) = 6)
info: Microsoft.EntityFrameworkCore.Database.Command[20101]
      Executed DbCommand (15ms) [Parameters=[], CommandType='Text', CommandTimeout='30']
      SELECT [s].[Id], [s].[CreationDate], [s].[Number], [s].[OfferId], [s].[StatusId]
      FROM [ServiceNumber] AS [s]
      WHERE (DATEPART(year, [s].[CreationDate]) = DATEPART(year, GETDATE())) AND (DATEPART(month, [s].[CreationDate]) = 7)
info: Microsoft.EntityFrameworkCore.Database.Command[20101]
      Executed DbCommand (11ms) [Parameters=[], CommandType='Text', CommandTimeout='30']
      SELECT [s].[Id], [s].[CreationDate], [s].[Number], [s].[OfferId], [s].[StatusId]
      FROM [ServiceNumber] AS [s]
      WHERE (DATEPART(year, [s].[CreationDate]) = DATEPART(year, GETDATE())) AND (DATEPART(month, [s].[CreationDate]) = 8)
info: Microsoft.EntityFrameworkCore.Database.Command[20101]
      Executed DbCommand (11ms) [Parameters=[], CommandType='Text', CommandTimeout='30']
      SELECT [s].[Id], [s].[CreationDate], [s].[Number], [s].[OfferId], [s].[StatusId]
      FROM [ServiceNumber] AS [s]
      WHERE (DATEPART(year, [s].[CreationDate]) = DATEPART(year, GETDATE())) AND (DATEPART(month, [s].[CreationDate]) = 9)
info: Microsoft.EntityFrameworkCore.Database.Command[20101]
      Executed DbCommand (11ms) [Parameters=[], CommandType='Text', CommandTimeout='30']
      SELECT [s].[Id], [s].[CreationDate], [s].[Number], [s].[OfferId], [s].[StatusId]
      FROM [ServiceNumber] AS [s]
      WHERE (DATEPART(year, [s].[CreationDate]) = DATEPART(year, GETDATE())) AND (DATEPART(month, [s].[CreationDate]) = 10)
info: Microsoft.EntityFrameworkCore.Database.Command[20101]
      Executed DbCommand (1ms) [Parameters=[], CommandType='Text', CommandTimeout='30']
      SELECT [s].[Id], [s].[CreationDate], [s].[Number], [s].[OfferId], [s].[StatusId]
      FROM [ServiceNumber] AS [s]
      WHERE (DATEPART(year, [s].[CreationDate]) = DATEPART(year, GETDATE())) AND (DATEPART(month, [s].[CreationDate]) = 11)
info: Microsoft.EntityFrameworkCore.Database.Command[20101]
      Executed DbCommand (12ms) [Parameters=[], CommandType='Text', CommandTimeout='30']
      SELECT [s].[Id], [s].[CreationDate], [s].[Number], [s].[OfferId], [s].[StatusId]
      FROM [ServiceNumber] AS [s]
      WHERE (DATEPART(year, [s].[CreationDate]) = DATEPART(year, GETDATE())) AND (DATEPART(month, [s].[CreationDate]) = 12)
info: Microsoft.AspNetCore.Mvc.ViewFeatures.ViewResultExecutor[4]
      Executed ViewResult - view Index executed in 611.8004ms.
info: Microsoft.AspNetCore.Mvc.Infrastructure.ControllerActionInvoker[2]
      Executed action WePayOffer.Portal.Controllers.HomeController.Index (WePayOffer.Portal) in 623.5998ms
info: Microsoft.AspNetCore.Routing.EndpointMiddleware[1]
      Executed endpoint 'WePayOffer.Portal.Controllers.HomeController.Index (WePayOffer.Portal)'
info: Microsoft.AspNetCore.Hosting.Diagnostics[2]
      Request finished HTTP/2 GET https://localhost:44382/Home/Index - - - 200 - text/html;+charset=utf-8 637.8433ms
info: Microsoft.AspNetCore.Hosting.Diagnostics[1]
      Request starting HTTP/2 GET https://localhost:44382/_framework/aspnetcore-browser-refresh.js - -
info: Microsoft.AspNetCore.Hosting.Diagnostics[1]
      Request starting HTTP/2 GET https://localhost:44382/_vs/browserLink - -
info: Microsoft.AspNetCore.Hosting.Diagnostics[2]
      Request finished HTTP/2 GET https://localhost:44382/_framework/aspnetcore-browser-refresh.js - - - 200 12004 application/javascript;+charset=utf-8 3.8289ms
info: Microsoft.AspNetCore.Hosting.Diagnostics[2]
      Request finished HTTP/2 GET https://localhost:44382/_vs/browserLink - - - 200 - text/javascript;+charset=UTF-8 26.2609ms
info: Microsoft.AspNetCore.Hosting.Diagnostics[1]
      Request starting HTTP/2 GET https://localhost:44382/Wallet/Search - -
info: Microsoft.AspNetCore.Routing.EndpointMiddleware[0]
      Executing endpoint 'WePayOffer.Portal.Controllers.WalletController.Search (WePayOffer.Portal)'
info: Microsoft.AspNetCore.Mvc.Infrastructure.ControllerActionInvoker[3]
      Route matched with {action = "Search", controller = "Wallet"}. Executing controller action with signature Microsoft.AspNetCore.Mvc.IActionResult Search() on controller WePayOffer.Portal.Controllers.WalletController (WePayOffer.Portal).
info: Microsoft.AspNetCore.Mvc.Infrastructure.ControllerActionInvoker[1]
      Executing action method WePayOffer.Portal.Controllers.WalletController.Search (WePayOffer.Portal) - Validation state: Valid
info: Microsoft.AspNetCore.Mvc.Infrastructure.ControllerActionInvoker[2]
      Executed action method WePayOffer.Portal.Controllers.WalletController.Search (WePayOffer.Portal), returned result Microsoft.AspNetCore.Mvc.ViewResult in 0.0156ms.
info: Microsoft.AspNetCore.Mvc.ViewFeatures.ViewResultExecutor[1]
      Executing ViewResult, running view Search.
info: Microsoft.EntityFrameworkCore.Infrastructure[10403]
      Entity Framework Core 6.0.9 initialized 'ApplicationContext' using provider 'Microsoft.EntityFrameworkCore.SqlServer:6.0.9' with options: None
info: Microsoft.EntityFrameworkCore.Database.Command[20101]
      Executed DbCommand (1ms) [Parameters=[], CommandType='Text', CommandTimeout='30']
      SELECT [s].[Id], [s].[Name]
      FROM [Status] AS [s]
      WHERE [s].[Id] > 0
info: Microsoft.AspNetCore.Mvc.ViewFeatures.ViewResultExecutor[4]
      Executed ViewResult - view Search executed in 10.5141ms.
info: Microsoft.AspNetCore.Mvc.Infrastructure.ControllerActionInvoker[2]
      Executed action WePayOffer.Portal.Controllers.WalletController.Search (WePayOffer.Portal) in 23.2369ms
info: Microsoft.AspNetCore.Routing.EndpointMiddleware[1]
      Executed endpoint 'WePayOffer.Portal.Controllers.WalletController.Search (WePayOffer.Portal)'
info: Microsoft.AspNetCore.Hosting.Diagnostics[2]
      Request finished HTTP/2 GET https://localhost:44382/Wallet/Search - - - 200 - text/html;+charset=utf-8 35.0253ms
info: Microsoft.AspNetCore.Hosting.Diagnostics[1]
      Request starting HTTP/2 GET https://localhost:44382/_framework/aspnetcore-browser-refresh.js - -
info: Microsoft.AspNetCore.Hosting.Diagnostics[1]
      Request starting HTTP/2 GET https://localhost:44382/_vs/browserLink - -
info: Microsoft.AspNetCore.Hosting.Diagnostics[2]
      Request finished HTTP/2 GET https://localhost:44382/_framework/aspnetcore-browser-refresh.js - - - 200 12004 application/javascript;+charset=utf-8 3.6966ms
info: Microsoft.AspNetCore.Hosting.Diagnostics[2]
      Request finished HTTP/2 GET https://localhost:44382/_vs/browserLink - - - 200 - text/javascript;+charset=UTF-8 22.7546ms
info: Microsoft.AspNetCore.Hosting.Diagnostics[1]
      Request starting HTTP/2 POST https://localhost:44382/Wallet/Filter application/x-www-form-urlencoded;+charset=UTF-8 1701
info: Microsoft.AspNetCore.Routing.EndpointMiddleware[0]
      Executing endpoint 'WePayOffer.Portal.Controllers.WalletController.Filter (WePayOffer.Portal)'
info: Microsoft.AspNetCore.Mvc.Infrastructure.ControllerActionInvoker[3]
      Route matched with {action = "Filter", controller = "Wallet"}. Executing controller action with signature Microsoft.AspNetCore.Mvc.IActionResult Filter(WePayOffer.BL.Models.FilterVM) on controller WePayOffer.Portal.Controllers.WalletController (WePayOffer.Portal).
info: Microsoft.AspNetCore.Mvc.Infrastructure.ControllerActionInvoker[1]
      Executing action method WePayOffer.Portal.Controllers.WalletController.Filter (WePayOffer.Portal) - Validation state: Invalid
info: Microsoft.EntityFrameworkCore.Infrastructure[10403]
      Entity Framework Core 6.0.9 initialized 'ApplicationContext' using provider 'Microsoft.EntityFrameworkCore.SqlServer:6.0.9' with options: None
info: Microsoft.EntityFrameworkCore.Database.Command[20101]
      Executed DbCommand (14ms) [Parameters=[@__searchValue_0='?' (Size = 50), @__p_1='?' (DbType = Int32), @__p_2='?' (DbType = Int32)], CommandType='Text', CommandTimeout='30']
      SELECT [s].[Id] AS [id], [s].[Number] AS [serviceNumber], [s].[OfferId] AS [offer], [s].[CreationDate] AS [uploadedDate], [s].[StatusId] AS [status], [s0].[ResponseMessage] AS [responseMessage], [s0].[CreationDate] AS [transactionDate]
      FROM [ServiceNumber] AS [s]
      LEFT JOIN [ServiceTransaction] AS [s0] ON [s].[Id] = [s0].[ServiceNumberId]
      WHERE (((@__searchValue_0 LIKE N'') OR (CHARINDEX(@__searchValue_0, [s].[Number]) > 0)) OR ((@__searchValue_0 LIKE N'') OR (CHARINDEX(@__searchValue_0, [s].[OfferId]) > 0))) OR ((@__searchValue_0 LIKE N'') OR (CHARINDEX(@__searchValue_0, [s0].[ResponseMessage]) > 0))
      ORDER BY [s].[Id]
      OFFSET @__p_1 ROWS FETCH NEXT @__p_2 ROWS ONLY
info: Microsoft.EntityFrameworkCore.Database.Command[20101]
      Executed DbCommand (7ms) [Parameters=[@__searchValue_0='?' (Size = 50)], CommandType='Text', CommandTimeout='30']
      SELECT COUNT(*)
      FROM [ServiceNumber] AS [s]
      LEFT JOIN [ServiceTransaction] AS [s0] ON [s].[Id] = [s0].[ServiceNumberId]
      WHERE (((@__searchValue_0 LIKE N'') OR (CHARINDEX(@__searchValue_0, [s].[Number]) > 0)) OR ((@__searchValue_0 LIKE N'') OR (CHARINDEX(@__searchValue_0, [s].[OfferId]) > 0))) OR ((@__searchValue_0 LIKE N'') OR (CHARINDEX(@__searchValue_0, [s0].[ResponseMessage]) > 0))
info: Microsoft.AspNetCore.Mvc.Infrastructure.ControllerActionInvoker[2]
      Executed action method WePayOffer.Portal.Controllers.WalletController.Filter (WePayOffer.Portal), returned result Microsoft.AspNetCore.Mvc.OkObjectResult in 3794.0761ms.
info: Microsoft.AspNetCore.Mvc.Infrastructure.ObjectResultExecutor[1]
      Executing OkObjectResult, writing value of type '<>f__AnonymousType0`3[[System.Int32, System.Private.CoreLib, Version=6.0.0.0, Culture=neutral, PublicKeyToken=7cec85d7bea7798e],[System.Int32, System.Private.CoreLib, Version=6.0.0.0, Culture=neutral, PublicKeyToken=7cec85d7bea7798e],[System.Collections.Generic.List`1[[<>f__AnonymousType2`7[[System.Int32, System.Private.CoreLib, Version=6.0.0.0, Culture=neutral, PublicKeyToken=7cec85d7bea7798e],[System.String, System.Private.CoreLib, Version=6.0.0.0, Culture=neutral, PublicKeyToken=7cec85d7bea7798e],[System.String, System.Private.CoreLib, Version=6.0.0.0, Culture=neutral, PublicKeyToken=7cec85d7bea7798e],[System.DateTime, System.Private.CoreLib, Version=6.0.0.0, Culture=neutral, PublicKeyToken=7cec85d7bea7798e],[System.Int32, System.Private.CoreLib, Version=6.0.0.0, Culture=neutral, PublicKeyToken=7cec85d7bea7798e],[System.String, System.Private.CoreLib, Version=6.0.0.0, Culture=neutral, PublicKeyToken=7cec85d7bea7798e],[System.DateTime, System.Private.CoreLib, Version=6.0.0.0, Culture=neutral, PublicKeyToken=7cec85d7bea7798e]], WePayOffer.Portal, Version=1.0.0.0, Culture=neutral, PublicKeyToken=null]], System.Private.CoreLib, Version=6.0.0.0, Culture=neutral, PublicKeyToken=7cec85d7bea7798e]]'.
info: Microsoft.AspNetCore.Mvc.Infrastructure.ControllerActionInvoker[2]
      Executed action WePayOffer.Portal.Controllers.WalletController.Filter (WePayOffer.Portal) in 3808.077ms
info: Microsoft.AspNetCore.Routing.EndpointMiddleware[1]
      Executed endpoint 'WePayOffer.Portal.Controllers.WalletController.Filter (WePayOffer.Portal)'
info: Microsoft.AspNetCore.Hosting.Diagnostics[2]
      Request finished HTTP/2 POST https://localhost:44382/Wallet/Filter application/x-www-form-urlencoded;+charset=UTF-8 1701 - 200 - application/json;+charset=utf-8 3815.8608ms
info: Microsoft.AspNetCore.Hosting.Diagnostics[1]
      Request starting HTTP/2 GET https://localhost:44382/Home/Index - -
info: Microsoft.AspNetCore.Routing.EndpointMiddleware[0]
      Executing endpoint 'WePayOffer.Portal.Controllers.HomeController.Index (WePayOffer.Portal)'
info: Microsoft.AspNetCore.Mvc.Infrastructure.ControllerActionInvoker[3]
      Route matched with {action = "Index", controller = "Home"}. Executing controller action with signature Microsoft.AspNetCore.Mvc.IActionResult Index() on controller WePayOffer.Portal.Controllers.HomeController (WePayOffer.Portal).
info: Microsoft.AspNetCore.Mvc.Infrastructure.ControllerActionInvoker[1]
      Executing action method WePayOffer.Portal.Controllers.HomeController.Index (WePayOffer.Portal) - Validation state: Valid
info: Microsoft.AspNetCore.Mvc.Infrastructure.ControllerActionInvoker[2]
      Executed action method WePayOffer.Portal.Controllers.HomeController.Index (WePayOffer.Portal), returned result Microsoft.AspNetCore.Mvc.ViewResult in 0.0206ms.
info: Microsoft.AspNetCore.Mvc.ViewFeatures.ViewResultExecutor[1]
      Executing ViewResult, running view Index.
info: Microsoft.EntityFrameworkCore.Infrastructure[10403]
      Entity Framework Core 6.0.9 initialized 'ApplicationContext' using provider 'Microsoft.EntityFrameworkCore.SqlServer:6.0.9' with options: None
info: Microsoft.EntityFrameworkCore.Database.Command[20101]
      Executed DbCommand (4ms) [Parameters=[], CommandType='Text', CommandTimeout='30']
      SELECT COUNT(*)
      FROM [ServiceNumber] AS [s]
      WHERE [s].[StatusId] = 1
info: Microsoft.EntityFrameworkCore.Database.Command[20101]
      Executed DbCommand (0ms) [Parameters=[], CommandType='Text', CommandTimeout='30']
      SELECT COUNT(*)
      FROM [ServiceNumber] AS [s]
      WHERE [s].[StatusId] = 4
info: Microsoft.EntityFrameworkCore.Database.Command[20101]
      Executed DbCommand (0ms) [Parameters=[], CommandType='Text', CommandTimeout='30']
      SELECT COUNT(*)
      FROM [ServiceNumber] AS [s]
      WHERE [s].[StatusId] = 3
info: Microsoft.EntityFrameworkCore.Database.Command[20101]
      Executed DbCommand (0ms) [Parameters=[], CommandType='Text', CommandTimeout='30']
      SELECT COUNT(*)
      FROM [ServiceNumber] AS [s]
      WHERE [s].[StatusId] = 2
info: Microsoft.EntityFrameworkCore.Database.Command[20101]
      Executed DbCommand (3ms) [Parameters=[], CommandType='Text', CommandTimeout='30']
      SELECT COUNT(*)
      FROM [ServiceNumber] AS [s]
info: Microsoft.EntityFrameworkCore.Database.Command[20101]
      Executed DbCommand (1ms) [Parameters=[], CommandType='Text', CommandTimeout='30']
      SELECT [s].[Id], [s].[CreationDate], [s].[Number], [s].[OfferId], [s].[StatusId]
      FROM [ServiceNumber] AS [s]
info: Microsoft.EntityFrameworkCore.Database.Command[20101]
      Executed DbCommand (12ms) [Parameters=[], CommandType='Text', CommandTimeout='30']
      SELECT [s].[Id], [s].[CreationDate], [s].[Number], [s].[OfferId], [s].[StatusId]
      FROM [ServiceNumber] AS [s]
      WHERE (DATEPART(year, [s].[CreationDate]) = DATEPART(year, GETDATE())) AND (DATEPART(month, [s].[CreationDate]) = 1)
info: Microsoft.EntityFrameworkCore.Database.Command[20101]
      Executed DbCommand (13ms) [Parameters=[], CommandType='Text', CommandTimeout='30']
      SELECT [s].[Id], [s].[CreationDate], [s].[Number], [s].[OfferId], [s].[StatusId]
      FROM [ServiceNumber] AS [s]
      WHERE (DATEPART(year, [s].[CreationDate]) = DATEPART(year, GETDATE())) AND (DATEPART(month, [s].[CreationDate]) = 2)
info: Microsoft.EntityFrameworkCore.Database.Command[20101]
      Executed DbCommand (13ms) [Parameters=[], CommandType='Text', CommandTimeout='30']
      SELECT [s].[Id], [s].[CreationDate], [s].[Number], [s].[OfferId], [s].[StatusId]
      FROM [ServiceNumber] AS [s]
      WHERE (DATEPART(year, [s].[CreationDate]) = DATEPART(year, GETDATE())) AND (DATEPART(month, [s].[CreationDate]) = 3)
info: Microsoft.EntityFrameworkCore.Database.Command[20101]
      Executed DbCommand (12ms) [Parameters=[], CommandType='Text', CommandTimeout='30']
      SELECT [s].[Id], [s].[CreationDate], [s].[Number], [s].[OfferId], [s].[StatusId]
      FROM [ServiceNumber] AS [s]
      WHERE (DATEPART(year, [s].[CreationDate]) = DATEPART(year, GETDATE())) AND (DATEPART(month, [s].[CreationDate]) = 4)
info: Microsoft.EntityFrameworkCore.Database.Command[20101]
      Executed DbCommand (13ms) [Parameters=[], CommandType='Text', CommandTimeout='30']
      SELECT [s].[Id], [s].[CreationDate], [s].[Number], [s].[OfferId], [s].[StatusId]
      FROM [ServiceNumber] AS [s]
      WHERE (DATEPART(year, [s].[CreationDate]) = DATEPART(year, GETDATE())) AND (DATEPART(month, [s].[CreationDate]) = 5)
info: Microsoft.EntityFrameworkCore.Database.Command[20101]
      Executed DbCommand (12ms) [Parameters=[], CommandType='Text', CommandTimeout='30']
      SELECT [s].[Id], [s].[CreationDate], [s].[Number], [s].[OfferId], [s].[StatusId]
      FROM [ServiceNumber] AS [s]
      WHERE (DATEPART(year, [s].[CreationDate]) = DATEPART(year, GETDATE())) AND (DATEPART(month, [s].[CreationDate]) = 6)
info: Microsoft.EntityFrameworkCore.Database.Command[20101]
      Executed DbCommand (12ms) [Parameters=[], CommandType='Text', CommandTimeout='30']
      SELECT [s].[Id], [s].[CreationDate], [s].[Number], [s].[OfferId], [s].[StatusId]
      FROM [ServiceNumber] AS [s]
      WHERE (DATEPART(year, [s].[CreationDate]) = DATEPART(year, GETDATE())) AND (DATEPART(month, [s].[CreationDate]) = 7)
info: Microsoft.EntityFrameworkCore.Database.Command[20101]
      Executed DbCommand (15ms) [Parameters=[], CommandType='Text', CommandTimeout='30']
      SELECT [s].[Id], [s].[CreationDate], [s].[Number], [s].[OfferId], [s].[StatusId]
      FROM [ServiceNumber] AS [s]
      WHERE (DATEPART(year, [s].[CreationDate]) = DATEPART(year, GETDATE())) AND (DATEPART(month, [s].[CreationDate]) = 8)
info: Microsoft.EntityFrameworkCore.Database.Command[20101]
      Executed DbCommand (13ms) [Parameters=[], CommandType='Text', CommandTimeout='30']
      SELECT [s].[Id], [s].[CreationDate], [s].[Number], [s].[OfferId], [s].[StatusId]
      FROM [ServiceNumber] AS [s]
      WHERE (DATEPART(year, [s].[CreationDate]) = DATEPART(year, GETDATE())) AND (DATEPART(month, [s].[CreationDate]) = 9)
info: Microsoft.EntityFrameworkCore.Database.Command[20101]
      Executed DbCommand (16ms) [Parameters=[], CommandType='Text', CommandTimeout='30']
      SELECT [s].[Id], [s].[CreationDate], [s].[Number], [s].[OfferId], [s].[StatusId]
      FROM [ServiceNumber] AS [s]
      WHERE (DATEPART(year, [s].[CreationDate]) = DATEPART(year, GETDATE())) AND (DATEPART(month, [s].[CreationDate]) = 10)
info: Microsoft.EntityFrameworkCore.Database.Command[20101]
      Executed DbCommand (2ms) [Parameters=[], CommandType='Text', CommandTimeout='30']
      SELECT [s].[Id], [s].[CreationDate], [s].[Number], [s].[OfferId], [s].[StatusId]
      FROM [ServiceNumber] AS [s]
      WHERE (DATEPART(year, [s].[CreationDate]) = DATEPART(year, GETDATE())) AND (DATEPART(month, [s].[CreationDate]) = 11)
info: Microsoft.EntityFrameworkCore.Database.Command[20101]
      Executed DbCommand (12ms) [Parameters=[], CommandType='Text', CommandTimeout='30']
      SELECT [s].[Id], [s].[CreationDate], [s].[Number], [s].[OfferId], [s].[StatusId]
      FROM [ServiceNumber] AS [s]
      WHERE (DATEPART(year, [s].[CreationDate]) = DATEPART(year, GETDATE())) AND (DATEPART(month, [s].[CreationDate]) = 12)
info: Microsoft.AspNetCore.Mvc.ViewFeatures.ViewResultExecutor[4]
      Executed ViewResult - view Index executed in 616.5856ms.
info: Microsoft.AspNetCore.Mvc.Infrastructure.ControllerActionInvoker[2]
      Executed action WePayOffer.Portal.Controllers.HomeController.Index (WePayOffer.Portal) in 628.9533ms
info: Microsoft.AspNetCore.Routing.EndpointMiddleware[1]
      Executed endpoint 'WePayOffer.Portal.Controllers.HomeController.Index (WePayOffer.Portal)'
info: Microsoft.AspNetCore.Hosting.Diagnostics[2]
      Request finished HTTP/2 GET https://localhost:44382/Home/Index - - - 200 - text/html;+charset=utf-8 643.8744ms
info: Microsoft.AspNetCore.Hosting.Diagnostics[1]
      Request starting HTTP/2 GET https://localhost:44382/_framework/aspnetcore-browser-refresh.js - -
info: Microsoft.AspNetCore.Hosting.Diagnostics[1]
      Request starting HTTP/2 GET https://localhost:44382/_vs/browserLink - -
info: Microsoft.AspNetCore.Hosting.Diagnostics[2]
      Request finished HTTP/2 GET https://localhost:44382/_framework/aspnetcore-browser-refresh.js - - - 200 12004 application/javascript;+charset=utf-8 5.0320ms
info: Microsoft.AspNetCore.Hosting.Diagnostics[2]
      Request finished HTTP/2 GET https://localhost:44382/_vs/browserLink - - - 200 - text/javascript;+charset=UTF-8 28.2222ms
info: Microsoft.AspNetCore.Hosting.Diagnostics[1]
      Request starting HTTP/2 GET https://localhost:44382/Wallet/Search - -
info: Microsoft.AspNetCore.Routing.EndpointMiddleware[0]
      Executing endpoint 'WePayOffer.Portal.Controllers.WalletController.Search (WePayOffer.Portal)'
info: Microsoft.AspNetCore.Mvc.Infrastructure.ControllerActionInvoker[3]
      Route matched with {action = "Search", controller = "Wallet"}. Executing controller action with signature Microsoft.AspNetCore.Mvc.IActionResult Search() on controller WePayOffer.Portal.Controllers.WalletController (WePayOffer.Portal).
info: Microsoft.AspNetCore.Mvc.Infrastructure.ControllerActionInvoker[1]
      Executing action method WePayOffer.Portal.Controllers.WalletController.Search (WePayOffer.Portal) - Validation state: Valid
info: Microsoft.AspNetCore.Mvc.Infrastructure.ControllerActionInvoker[2]
      Executed action method WePayOffer.Portal.Controllers.WalletController.Search (WePayOffer.Portal), returned result Microsoft.AspNetCore.Mvc.ViewResult in 0.0145ms.
info: Microsoft.AspNetCore.Mvc.ViewFeatures.ViewResultExecutor[1]
      Executing ViewResult, running view Search.
info: Microsoft.EntityFrameworkCore.Infrastructure[10403]
      Entity Framework Core 6.0.9 initialized 'ApplicationContext' using provider 'Microsoft.EntityFrameworkCore.SqlServer:6.0.9' with options: None
info: Microsoft.EntityFrameworkCore.Database.Command[20101]
      Executed DbCommand (0ms) [Parameters=[], CommandType='Text', CommandTimeout='30']
      SELECT [s].[Id], [s].[Name]
      FROM [Status] AS [s]
      WHERE [s].[Id] > 0
info: Microsoft.AspNetCore.Mvc.ViewFeatures.ViewResultExecutor[4]
      Executed ViewResult - view Search executed in 10.1149ms.
info: Microsoft.AspNetCore.Mvc.Infrastructure.ControllerActionInvoker[2]
      Executed action WePayOffer.Portal.Controllers.WalletController.Search (WePayOffer.Portal) in 22.4567ms
info: Microsoft.AspNetCore.Routing.EndpointMiddleware[1]
      Executed endpoint 'WePayOffer.Portal.Controllers.WalletController.Search (WePayOffer.Portal)'
info: Microsoft.AspNetCore.Hosting.Diagnostics[2]
      Request finished HTTP/2 GET https://localhost:44382/Wallet/Search - - - 200 - text/html;+charset=utf-8 35.5747ms
info: Microsoft.AspNetCore.Hosting.Diagnostics[1]
      Request starting HTTP/2 GET https://localhost:44382/_framework/aspnetcore-browser-refresh.js - -
info: Microsoft.AspNetCore.Hosting.Diagnostics[1]
      Request starting HTTP/2 GET https://localhost:44382/_vs/browserLink - -
info: Microsoft.AspNetCore.Hosting.Diagnostics[2]
      Request finished HTTP/2 GET https://localhost:44382/_framework/aspnetcore-browser-refresh.js - - - 200 12004 application/javascript;+charset=utf-8 3.3476ms
info: Microsoft.AspNetCore.Hosting.Diagnostics[2]
      Request finished HTTP/2 GET https://localhost:44382/_vs/browserLink - - - 200 - text/javascript;+charset=UTF-8 22.1314ms
info: Microsoft.AspNetCore.Hosting.Diagnostics[1]
      Request starting HTTP/2 POST https://localhost:44382/Wallet/Filter application/x-www-form-urlencoded;+charset=UTF-8 1701
info: Microsoft.AspNetCore.Routing.EndpointMiddleware[0]
      Executing endpoint 'WePayOffer.Portal.Controllers.WalletController.Filter (WePayOffer.Portal)'
info: Microsoft.AspNetCore.Mvc.Infrastructure.ControllerActionInvoker[3]
      Route matched with {action = "Filter", controller = "Wallet"}. Executing controller action with signature Microsoft.AspNetCore.Mvc.IActionResult Filter(WePayOffer.BL.Models.FilterVM) on controller WePayOffer.Portal.Controllers.WalletController (WePayOffer.Portal).
info: Microsoft.AspNetCore.Mvc.Infrastructure.ControllerActionInvoker[1]
      Executing action method WePayOffer.Portal.Controllers.WalletController.Filter (WePayOffer.Portal) - Validation state: Invalid
info: Microsoft.EntityFrameworkCore.Infrastructure[10403]
      Entity Framework Core 6.0.9 initialized 'ApplicationContext' using provider 'Microsoft.EntityFrameworkCore.SqlServer:6.0.9' with options: None
info: Microsoft.EntityFrameworkCore.Database.Command[20101]
      Executed DbCommand (0ms) [Parameters=[@__searchValue_0='?' (Size = 50), @__p_1='?' (DbType = Int32), @__p_2='?' (DbType = Int32)], CommandType='Text', CommandTimeout='30']
      SELECT [s].[Id] AS [id], [s].[Number] AS [serviceNumber], [s].[OfferId] AS [offer], [s].[CreationDate] AS [uploadedDate], [s].[StatusId] AS [status], [s0].[ResponseMessage] AS [responseMessage], [s0].[CreationDate] AS [transactionDate]
      FROM [ServiceNumber] AS [s]
      LEFT JOIN [ServiceTransaction] AS [s0] ON [s].[Id] = [s0].[ServiceNumberId]
      WHERE (((@__searchValue_0 LIKE N'') OR (CHARINDEX(@__searchValue_0, [s].[Number]) > 0)) OR ((@__searchValue_0 LIKE N'') OR (CHARINDEX(@__searchValue_0, [s].[OfferId]) > 0))) OR ((@__searchValue_0 LIKE N'') OR (CHARINDEX(@__searchValue_0, [s0].[ResponseMessage]) > 0))
      ORDER BY [s].[Id]
      OFFSET @__p_1 ROWS FETCH NEXT @__p_2 ROWS ONLY
info: Microsoft.EntityFrameworkCore.Database.Command[20101]
      Executed DbCommand (5ms) [Parameters=[@__searchValue_0='?' (Size = 50)], CommandType='Text', CommandTimeout='30']
      SELECT COUNT(*)
      FROM [ServiceNumber] AS [s]
      LEFT JOIN [ServiceTransaction] AS [s0] ON [s].[Id] = [s0].[ServiceNumberId]
      WHERE (((@__searchValue_0 LIKE N'') OR (CHARINDEX(@__searchValue_0, [s].[Number]) > 0)) OR ((@__searchValue_0 LIKE N'') OR (CHARINDEX(@__searchValue_0, [s].[OfferId]) > 0))) OR ((@__searchValue_0 LIKE N'') OR (CHARINDEX(@__searchValue_0, [s0].[ResponseMessage]) > 0))
info: Microsoft.AspNetCore.Mvc.Infrastructure.ControllerActionInvoker[2]
      Executed action method WePayOffer.Portal.Controllers.WalletController.Filter (WePayOffer.Portal), returned result Microsoft.AspNetCore.Mvc.OkObjectResult in 3785.4026ms.
info: Microsoft.AspNetCore.Mvc.Infrastructure.ObjectResultExecutor[1]
      Executing OkObjectResult, writing value of type '<>f__AnonymousType0`3[[System.Int32, System.Private.CoreLib, Version=6.0.0.0, Culture=neutral, PublicKeyToken=7cec85d7bea7798e],[System.Int32, System.Private.CoreLib, Version=6.0.0.0, Culture=neutral, PublicKeyToken=7cec85d7bea7798e],[System.Collections.Generic.List`1[[<>f__AnonymousType2`7[[System.Int32, System.Private.CoreLib, Version=6.0.0.0, Culture=neutral, PublicKeyToken=7cec85d7bea7798e],[System.String, System.Private.CoreLib, Version=6.0.0.0, Culture=neutral, PublicKeyToken=7cec85d7bea7798e],[System.String, System.Private.CoreLib, Version=6.0.0.0, Culture=neutral, PublicKeyToken=7cec85d7bea7798e],[System.DateTime, System.Private.CoreLib, Version=6.0.0.0, Culture=neutral, PublicKeyToken=7cec85d7bea7798e],[System.Int32, System.Private.CoreLib, Version=6.0.0.0, Culture=neutral, PublicKeyToken=7cec85d7bea7798e],[System.String, System.Private.CoreLib, Version=6.0.0.0, Culture=neutral, PublicKeyToken=7cec85d7bea7798e],[System.DateTime, System.Private.CoreLib, Version=6.0.0.0, Culture=neutral, PublicKeyToken=7cec85d7bea7798e]], WePayOffer.Portal, Version=1.0.0.0, Culture=neutral, PublicKeyToken=null]], System.Private.CoreLib, Version=6.0.0.0, Culture=neutral, PublicKeyToken=7cec85d7bea7798e]]'.
info: Microsoft.AspNetCore.Mvc.Infrastructure.ControllerActionInvoker[2]
      Executed action WePayOffer.Portal.Controllers.WalletController.Filter (WePayOffer.Portal) in 3798.5318ms
info: Microsoft.AspNetCore.Routing.EndpointMiddleware[1]
      Executed endpoint 'WePayOffer.Portal.Controllers.WalletController.Filter (WePayOffer.Portal)'
info: Microsoft.AspNetCore.Hosting.Diagnostics[2]
      Request finished HTTP/2 POST https://localhost:44382/Wallet/Filter application/x-www-form-urlencoded;+charset=UTF-8 1701 - 200 - application/json;+charset=utf-8 3806.4944ms
info: Microsoft.AspNetCore.Hosting.Diagnostics[1]
      Request starting HTTP/2 POST https://localhost:44382/Wallet/Filter application/x-www-form-urlencoded;+charset=UTF-8 1689
info: Microsoft.AspNetCore.Routing.EndpointMiddleware[0]
      Executing endpoint 'WePayOffer.Portal.Controllers.WalletController.Filter (WePayOffer.Portal)'
info: Microsoft.AspNetCore.Mvc.Infrastructure.ControllerActionInvoker[3]
      Route matched with {action = "Filter", controller = "Wallet"}. Executing controller action with signature Microsoft.AspNetCore.Mvc.IActionResult Filter(WePayOffer.BL.Models.FilterVM) on controller WePayOffer.Portal.Controllers.WalletController (WePayOffer.Portal).
info: Microsoft.AspNetCore.Mvc.Infrastructure.ControllerActionInvoker[1]
      Executing action method WePayOffer.Portal.Controllers.WalletController.Filter (WePayOffer.Portal) - Validation state: Invalid
info: Microsoft.EntityFrameworkCore.Infrastructure[10403]
      Entity Framework Core 6.0.9 initialized 'ApplicationContext' using provider 'Microsoft.EntityFrameworkCore.SqlServer:6.0.9' with options: None
info: Microsoft.EntityFrameworkCore.Database.Command[20101]
      Executed DbCommand (13ms) [Parameters=[@__filter_statusId_0='?' (DbType = Int32), @__p_1='?' (DbType = Int32), @__p_2='?' (DbType = Int32)], CommandType='Text', CommandTimeout='30']
      SELECT [s].[Id] AS [id], [s].[Number] AS [serviceNumber], [s].[OfferId] AS [offer], [s].[CreationDate] AS [uploadedDate], [s].[StatusId] AS [status], [s0].[ResponseMessage] AS [responseMessage], [s0].[CreationDate] AS [transactionDate]
      FROM [ServiceNumber] AS [s]
      LEFT JOIN [ServiceTransaction] AS [s0] ON [s].[Id] = [s0].[ServiceNumberId]
      WHERE [s].[StatusId] = @__filter_statusId_0
      ORDER BY [s].[Id]
      OFFSET @__p_1 ROWS FETCH NEXT @__p_2 ROWS ONLY
fail: Microsoft.EntityFrameworkCore.Query[10100]
      An exception occurred while iterating over the results of a query for context type 'WePayOffer.DAL.Database.ApplicationContext'.
      System.InvalidOperationException: Nullable object must have a value.
         at lambda_method326(Closure , QueryContext , DbDataReader , ResultContext , SingleQueryResultCoordinator )
         at Microsoft.EntityFrameworkCore.Query.Internal.SingleQueryingEnumerable`1.Enumerator.MoveNext()
      System.InvalidOperationException: Nullable object must have a value.
         at lambda_method326(Closure , QueryContext , DbDataReader , ResultContext , SingleQueryResultCoordinator )
         at Microsoft.EntityFrameworkCore.Query.Internal.SingleQueryingEnumerable`1.Enumerator.MoveNext()
info: Microsoft.AspNetCore.Mvc.Infrastructure.ControllerActionInvoker[2]
      Executed action method WePayOffer.Portal.Controllers.WalletController.Filter (WePayOffer.Portal), returned result Microsoft.AspNetCore.Mvc.OkObjectResult in 1152.1593ms.
info: Microsoft.AspNetCore.Mvc.Infrastructure.ObjectResultExecutor[1]
      Executing OkObjectResult, writing value of type 'System.String'.
info: Microsoft.AspNetCore.Mvc.Infrastructure.ControllerActionInvoker[2]
      Executed action WePayOffer.Portal.Controllers.WalletController.Filter (WePayOffer.Portal) in 1167.4175ms
info: Microsoft.AspNetCore.Routing.EndpointMiddleware[1]
      Executed endpoint 'WePayOffer.Portal.Controllers.WalletController.Filter (WePayOffer.Portal)'
info: Microsoft.AspNetCore.Hosting.Diagnostics[2]
      Request finished HTTP/2 POST https://localhost:44382/Wallet/Filter application/x-www-form-urlencoded;+charset=UTF-8 1689 - 200 - text/plain;+charset=utf-8 1175.3738ms
info: Microsoft.AspNetCore.Hosting.Diagnostics[1]
      Request starting HTTP/2 GET https://localhost:44382/Wallet/Search - -
info: Microsoft.AspNetCore.Routing.EndpointMiddleware[0]
      Executing endpoint 'WePayOffer.Portal.Controllers.WalletController.Search (WePayOffer.Portal)'
info: Microsoft.AspNetCore.Mvc.Infrastructure.ControllerActionInvoker[3]
      Route matched with {action = "Search", controller = "Wallet"}. Executing controller action with signature Microsoft.AspNetCore.Mvc.IActionResult Search() on controller WePayOffer.Portal.Controllers.WalletController (WePayOffer.Portal).
info: Microsoft.AspNetCore.Mvc.Infrastructure.ControllerActionInvoker[1]
      Executing action method WePayOffer.Portal.Controllers.WalletController.Search (WePayOffer.Portal) - Validation state: Valid
info: Microsoft.AspNetCore.Mvc.Infrastructure.ControllerActionInvoker[2]
      Executed action method WePayOffer.Portal.Controllers.WalletController.Search (WePayOffer.Portal), returned result Microsoft.AspNetCore.Mvc.ViewResult in 0.0175ms.
info: Microsoft.AspNetCore.Mvc.ViewFeatures.ViewResultExecutor[1]
      Executing ViewResult, running view Search.
info: Microsoft.EntityFrameworkCore.Infrastructure[10403]
      Entity Framework Core 6.0.9 initialized 'ApplicationContext' using provider 'Microsoft.EntityFrameworkCore.SqlServer:6.0.9' with options: None
info: Microsoft.EntityFrameworkCore.Database.Command[20101]
      Executed DbCommand (2ms) [Parameters=[], CommandType='Text', CommandTimeout='30']
      SELECT [s].[Id], [s].[Name]
      FROM [Status] AS [s]
      WHERE [s].[Id] > 0
info: Microsoft.AspNetCore.Mvc.ViewFeatures.ViewResultExecutor[4]
      Executed ViewResult - view Search executed in 46.1082ms.
info: Microsoft.AspNetCore.Mvc.Infrastructure.ControllerActionInvoker[2]
      Executed action WePayOffer.Portal.Controllers.WalletController.Search (WePayOffer.Portal) in 58.3541ms
info: Microsoft.AspNetCore.Routing.EndpointMiddleware[1]
      Executed endpoint 'WePayOffer.Portal.Controllers.WalletController.Search (WePayOffer.Portal)'
info: Microsoft.AspNetCore.Hosting.Diagnostics[2]
      Request finished HTTP/2 GET https://localhost:44382/Wallet/Search - - - 200 - text/html;+charset=utf-8 70.9869ms
info: Microsoft.AspNetCore.Hosting.Diagnostics[1]
      Request starting HTTP/2 GET https://localhost:44382/_framework/aspnetcore-browser-refresh.js - -
info: Microsoft.AspNetCore.Hosting.Diagnostics[1]
      Request starting HTTP/2 GET https://localhost:44382/_vs/browserLink - -
info: Microsoft.AspNetCore.Hosting.Diagnostics[1]
      Request starting HTTP/2 GET https://localhost:44382/lib/WelletNumberDatatable.js - -
info: Microsoft.AspNetCore.Hosting.Diagnostics[2]
      Request finished HTTP/2 GET https://localhost:44382/_framework/aspnetcore-browser-refresh.js - - - 200 12004 application/javascript;+charset=utf-8 10.7139ms
info: Microsoft.AspNetCore.StaticFiles.StaticFileMiddleware[6]
      The file /lib/WelletNumberDatatable.js was not modified
info: Microsoft.AspNetCore.Hosting.Diagnostics[2]
      Request finished HTTP/2 GET https://localhost:44382/lib/WelletNumberDatatable.js - - - 304 - application/javascript 10.1148ms
info: Microsoft.AspNetCore.Hosting.Diagnostics[2]
      Request finished HTTP/2 GET https://localhost:44382/_vs/browserLink - - - 200 - text/javascript;+charset=UTF-8 45.6109ms
info: Microsoft.AspNetCore.Hosting.Diagnostics[1]
      Request starting HTTP/2 POST https://localhost:44382/Wallet/Filter application/x-www-form-urlencoded;+charset=UTF-8 1701
info: Microsoft.AspNetCore.Routing.EndpointMiddleware[0]
      Executing endpoint 'WePayOffer.Portal.Controllers.WalletController.Filter (WePayOffer.Portal)'
info: Microsoft.AspNetCore.Mvc.Infrastructure.ControllerActionInvoker[3]
      Route matched with {action = "Filter", controller = "Wallet"}. Executing controller action with signature Microsoft.AspNetCore.Mvc.IActionResult Filter(WePayOffer.BL.Models.FilterVM) on controller WePayOffer.Portal.Controllers.WalletController (WePayOffer.Portal).
info: Microsoft.AspNetCore.Mvc.Infrastructure.ControllerActionInvoker[1]
      Executing action method WePayOffer.Portal.Controllers.WalletController.Filter (WePayOffer.Portal) - Validation state: Invalid
info: Microsoft.EntityFrameworkCore.Infrastructure[10403]
      Entity Framework Core 6.0.9 initialized 'ApplicationContext' using provider 'Microsoft.EntityFrameworkCore.SqlServer:6.0.9' with options: None
info: Microsoft.EntityFrameworkCore.Database.Command[20101]
      Executed DbCommand (2ms) [Parameters=[@__searchValue_0='?' (Size = 50), @__p_1='?' (DbType = Int32), @__p_2='?' (DbType = Int32)], CommandType='Text', CommandTimeout='30']
      SELECT [s].[Id] AS [id], [s].[Number] AS [serviceNumber], [s].[OfferId] AS [offer], [s].[CreationDate] AS [uploadedDate], [s].[StatusId] AS [status], [s0].[ResponseMessage] AS [responseMessage], [s0].[CreationDate] AS [transactionDate]
      FROM [ServiceNumber] AS [s]
      LEFT JOIN [ServiceTransaction] AS [s0] ON [s].[Id] = [s0].[ServiceNumberId]
      WHERE (((@__searchValue_0 LIKE N'') OR (CHARINDEX(@__searchValue_0, [s].[Number]) > 0)) OR ((@__searchValue_0 LIKE N'') OR (CHARINDEX(@__searchValue_0, [s].[OfferId]) > 0))) OR ((@__searchValue_0 LIKE N'') OR (CHARINDEX(@__searchValue_0, [s0].[ResponseMessage]) > 0))
      ORDER BY [s].[Id]
      OFFSET @__p_1 ROWS FETCH NEXT @__p_2 ROWS ONLY
info: Microsoft.EntityFrameworkCore.Database.Command[20101]
      Executed DbCommand (6ms) [Parameters=[@__searchValue_0='?' (Size = 50)], CommandType='Text', CommandTimeout='30']
      SELECT COUNT(*)
      FROM [ServiceNumber] AS [s]
      LEFT JOIN [ServiceTransaction] AS [s0] ON [s].[Id] = [s0].[ServiceNumberId]
      WHERE (((@__searchValue_0 LIKE N'') OR (CHARINDEX(@__searchValue_0, [s].[Number]) > 0)) OR ((@__searchValue_0 LIKE N'') OR (CHARINDEX(@__searchValue_0, [s].[OfferId]) > 0))) OR ((@__searchValue_0 LIKE N'') OR (CHARINDEX(@__searchValue_0, [s0].[ResponseMessage]) > 0))
info: Microsoft.AspNetCore.Mvc.Infrastructure.ControllerActionInvoker[2]
      Executed action method WePayOffer.Portal.Controllers.WalletController.Filter (WePayOffer.Portal), returned result Microsoft.AspNetCore.Mvc.OkObjectResult in 1846.9969ms.
info: Microsoft.AspNetCore.Mvc.Infrastructure.ObjectResultExecutor[1]
      Executing OkObjectResult, writing value of type '<>f__AnonymousType0`3[[System.Int32, System.Private.CoreLib, Version=6.0.0.0, Culture=neutral, PublicKeyToken=7cec85d7bea7798e],[System.Int32, System.Private.CoreLib, Version=6.0.0.0, Culture=neutral, PublicKeyToken=7cec85d7bea7798e],[System.Collections.Generic.List`1[[<>f__AnonymousType2`7[[System.Int32, System.Private.CoreLib, Version=6.0.0.0, Culture=neutral, PublicKeyToken=7cec85d7bea7798e],[System.String, System.Private.CoreLib, Version=6.0.0.0, Culture=neutral, PublicKeyToken=7cec85d7bea7798e],[System.String, System.Private.CoreLib, Version=6.0.0.0, Culture=neutral, PublicKeyToken=7cec85d7bea7798e],[System.DateTime, System.Private.CoreLib, Version=6.0.0.0, Culture=neutral, PublicKeyToken=7cec85d7bea7798e],[System.Int32, System.Private.CoreLib, Version=6.0.0.0, Culture=neutral, PublicKeyToken=7cec85d7bea7798e],[System.String, System.Private.CoreLib, Version=6.0.0.0, Culture=neutral, PublicKeyToken=7cec85d7bea7798e],[System.DateTime, System.Private.CoreLib, Version=6.0.0.0, Culture=neutral, PublicKeyToken=7cec85d7bea7798e]], WePayOffer.Portal, Version=1.0.0.0, Culture=neutral, PublicKeyToken=null]], System.Private.CoreLib, Version=6.0.0.0, Culture=neutral, PublicKeyToken=7cec85d7bea7798e]]'.
info: Microsoft.AspNetCore.Mvc.Infrastructure.ControllerActionInvoker[2]
      Executed action WePayOffer.Portal.Controllers.WalletController.Filter (WePayOffer.Portal) in 1861.4373ms
info: Microsoft.AspNetCore.Routing.EndpointMiddleware[1]
      Executed endpoint 'WePayOffer.Portal.Controllers.WalletController.Filter (WePayOffer.Portal)'
info: Microsoft.AspNetCore.Hosting.Diagnostics[2]
      Request finished HTTP/2 POST https://localhost:44382/Wallet/Filter application/x-www-form-urlencoded;+charset=UTF-8 1701 - 200 - application/json;+charset=utf-8 1868.4599ms
info: Microsoft.AspNetCore.Hosting.Diagnostics[1]
      Request starting HTTP/2 POST https://localhost:44382/Wallet/Filter application/x-www-form-urlencoded;+charset=UTF-8 1689
info: Microsoft.AspNetCore.Routing.EndpointMiddleware[0]
      Executing endpoint 'WePayOffer.Portal.Controllers.WalletController.Filter (WePayOffer.Portal)'
info: Microsoft.AspNetCore.Mvc.Infrastructure.ControllerActionInvoker[3]
      Route matched with {action = "Filter", controller = "Wallet"}. Executing controller action with signature Microsoft.AspNetCore.Mvc.IActionResult Filter(WePayOffer.BL.Models.FilterVM) on controller WePayOffer.Portal.Controllers.WalletController (WePayOffer.Portal).
info: Microsoft.AspNetCore.Mvc.Infrastructure.ControllerActionInvoker[1]
      Executing action method WePayOffer.Portal.Controllers.WalletController.Filter (WePayOffer.Portal) - Validation state: Invalid
info: Microsoft.EntityFrameworkCore.Infrastructure[10403]
      Entity Framework Core 6.0.9 initialized 'ApplicationContext' using provider 'Microsoft.EntityFrameworkCore.SqlServer:6.0.9' with options: None
info: Microsoft.EntityFrameworkCore.Database.Command[20101]
      Executed DbCommand (4ms) [Parameters=[@__filter_statusId_0='?' (DbType = Int32)], CommandType='Text', CommandTimeout='30']
      SELECT [s].[Id] AS [id], [s].[Number] AS [serviceNumber], [s].[OfferId] AS [offer], [s].[CreationDate] AS [uploadedDate], [s].[StatusId] AS [status], [s0].[ResponseMessage] AS [responseMessage], [s0].[CreationDate] AS [transactionDate]
      FROM [ServiceNumber] AS [s]
      LEFT JOIN [ServiceTransaction] AS [s0] ON [s].[Id] = [s0].[ServiceNumberId]
      WHERE [s].[StatusId] = @__filter_statusId_0
fail: Microsoft.EntityFrameworkCore.Query[10100]
      An exception occurred while iterating over the results of a query for context type 'WePayOffer.DAL.Database.ApplicationContext'.
      System.InvalidOperationException: Nullable object must have a value.
         at lambda_method328(Closure , QueryContext , DbDataReader , ResultContext , SingleQueryResultCoordinator )
         at Microsoft.EntityFrameworkCore.Query.Internal.SingleQueryingEnumerable`1.Enumerator.MoveNext()
      System.InvalidOperationException: Nullable object must have a value.
         at lambda_method328(Closure , QueryContext , DbDataReader , ResultContext , SingleQueryResultCoordinator )
         at Microsoft.EntityFrameworkCore.Query.Internal.SingleQueryingEnumerable`1.Enumerator.MoveNext()
info: Microsoft.EntityFrameworkCore.Database.Command[20101]
      Executed DbCommand (2ms) [Parameters=[@__filter_statusId_0='?' (DbType = Int32), @__p_1='?' (DbType = Int32), @__p_2='?' (DbType = Int32)], CommandType='Text', CommandTimeout='30']
      SELECT [s].[Id] AS [id], [s].[Number] AS [serviceNumber], [s].[OfferId] AS [offer], [s].[CreationDate] AS [uploadedDate], [s].[StatusId] AS [status], [s0].[ResponseMessage] AS [responseMessage], [s0].[CreationDate] AS [transactionDate]
      FROM [ServiceNumber] AS [s]
      LEFT JOIN [ServiceTransaction] AS [s0] ON [s].[Id] = [s0].[ServiceNumberId]
      WHERE [s].[StatusId] = @__filter_statusId_0
      ORDER BY [s].[Id]
      OFFSET @__p_1 ROWS FETCH NEXT @__p_2 ROWS ONLY
fail: Microsoft.EntityFrameworkCore.Query[10100]
      An exception occurred while iterating over the results of a query for context type 'WePayOffer.DAL.Database.ApplicationContext'.
      System.InvalidOperationException: Nullable object must have a value.
         at lambda_method326(Closure , QueryContext , DbDataReader , ResultContext , SingleQueryResultCoordinator )
         at Microsoft.EntityFrameworkCore.Query.Internal.SingleQueryingEnumerable`1.Enumerator.MoveNext()
      System.InvalidOperationException: Nullable object must have a value.
         at lambda_method326(Closure , QueryContext , DbDataReader , ResultContext , SingleQueryResultCoordinator )
         at Microsoft.EntityFrameworkCore.Query.Internal.SingleQueryingEnumerable`1.Enumerator.MoveNext()
info: Microsoft.AspNetCore.Mvc.Infrastructure.ControllerActionInvoker[2]
      Executed action method WePayOffer.Portal.Controllers.WalletController.Filter (WePayOffer.Portal), returned result Microsoft.AspNetCore.Mvc.OkObjectResult in 61472.4551ms.
info: Microsoft.AspNetCore.Mvc.Infrastructure.ObjectResultExecutor[1]
      Executing OkObjectResult, writing value of type 'System.String'.
info: Microsoft.AspNetCore.Mvc.Infrastructure.ControllerActionInvoker[2]
      Executed action WePayOffer.Portal.Controllers.WalletController.Filter (WePayOffer.Portal) in 61496.8206ms
info: Microsoft.AspNetCore.Routing.EndpointMiddleware[1]
      Executed endpoint 'WePayOffer.Portal.Controllers.WalletController.Filter (WePayOffer.Portal)'
info: Microsoft.AspNetCore.Hosting.Diagnostics[2]
      Request finished HTTP/2 POST https://localhost:44382/Wallet/Filter application/x-www-form-urlencoded;+charset=UTF-8 1689 - 200 - text/plain;+charset=utf-8 61503.7562ms
info: Microsoft.AspNetCore.Hosting.Diagnostics[1]
      Request starting HTTP/2 POST https://localhost:44382/Wallet/Filter application/x-www-form-urlencoded;+charset=UTF-8 1699
info: Microsoft.AspNetCore.Routing.EndpointMiddleware[0]
      Executing endpoint 'WePayOffer.Portal.Controllers.WalletController.Filter (WePayOffer.Portal)'
info: Microsoft.AspNetCore.Mvc.Infrastructure.ControllerActionInvoker[3]
      Route matched with {action = "Filter", controller = "Wallet"}. Executing controller action with signature Microsoft.AspNetCore.Mvc.IActionResult Filter(WePayOffer.BL.Models.FilterVM) on controller WePayOffer.Portal.Controllers.WalletController (WePayOffer.Portal).
info: Microsoft.AspNetCore.Mvc.Infrastructure.ControllerActionInvoker[1]
      Executing action method WePayOffer.Portal.Controllers.WalletController.Filter (WePayOffer.Portal) - Validation state: Invalid
info: Microsoft.EntityFrameworkCore.Infrastructure[10403]
      Entity Framework Core 6.0.9 initialized 'ApplicationContext' using provider 'Microsoft.EntityFrameworkCore.SqlServer:6.0.9' with options: None
info: Microsoft.EntityFrameworkCore.Database.Command[20101]
      Executed DbCommand (13ms) [Parameters=[@__filter_statusId_0='?' (DbType = Int32), @__p_1='?' (DbType = Int32), @__p_2='?' (DbType = Int32)], CommandType='Text', CommandTimeout='30']
      SELECT [s].[Id] AS [id], [s].[Number] AS [serviceNumber], [s].[OfferId] AS [offer], [s].[CreationDate] AS [uploadedDate], [s].[StatusId] AS [status], [s0].[ResponseMessage] AS [responseMessage], [s0].[CreationDate] AS [transactionDate]
      FROM [ServiceNumber] AS [s]
      LEFT JOIN [ServiceTransaction] AS [s0] ON [s].[Id] = [s0].[ServiceNumberId]
      WHERE [s].[StatusId] = @__filter_statusId_0
      ORDER BY [s].[Id]
      OFFSET @__p_1 ROWS FETCH NEXT @__p_2 ROWS ONLY
fail: Microsoft.EntityFrameworkCore.Query[10100]
      An exception occurred while iterating over the results of a query for context type 'WePayOffer.DAL.Database.ApplicationContext'.
      System.InvalidOperationException: Nullable object must have a value.
         at lambda_method326(Closure , QueryContext , DbDataReader , ResultContext , SingleQueryResultCoordinator )
         at Microsoft.EntityFrameworkCore.Query.Internal.SingleQueryingEnumerable`1.Enumerator.MoveNext()
      System.InvalidOperationException: Nullable object must have a value.
         at lambda_method326(Closure , QueryContext , DbDataReader , ResultContext , SingleQueryResultCoordinator )
         at Microsoft.EntityFrameworkCore.Query.Internal.SingleQueryingEnumerable`1.Enumerator.MoveNext()
info: Microsoft.AspNetCore.Mvc.Infrastructure.ControllerActionInvoker[2]
      Executed action method WePayOffer.Portal.Controllers.WalletController.Filter (WePayOffer.Portal), returned result Microsoft.AspNetCore.Mvc.OkObjectResult in 1879.8865ms.
info: Microsoft.AspNetCore.Mvc.Infrastructure.ObjectResultExecutor[1]
      Executing OkObjectResult, writing value of type 'System.String'.
info: Microsoft.AspNetCore.Mvc.Infrastructure.ControllerActionInvoker[2]
      Executed action WePayOffer.Portal.Controllers.WalletController.Filter (WePayOffer.Portal) in 1893.1257ms
info: Microsoft.AspNetCore.Routing.EndpointMiddleware[1]
      Executed endpoint 'WePayOffer.Portal.Controllers.WalletController.Filter (WePayOffer.Portal)'
info: Microsoft.AspNetCore.Hosting.Diagnostics[2]
      Request finished HTTP/2 POST https://localhost:44382/Wallet/Filter application/x-www-form-urlencoded;+charset=UTF-8 1699 - 200 - text/plain;+charset=utf-8 1899.4977ms
info: Microsoft.AspNetCore.Hosting.Diagnostics[1]
      Request starting HTTP/2 POST https://localhost:44382/Wallet/Filter application/x-www-form-urlencoded;+charset=UTF-8 1709
info: Microsoft.AspNetCore.Routing.EndpointMiddleware[0]
      Executing endpoint 'WePayOffer.Portal.Controllers.WalletController.Filter (WePayOffer.Portal)'
info: Microsoft.AspNetCore.Mvc.Infrastructure.ControllerActionInvoker[3]
      Route matched with {action = "Filter", controller = "Wallet"}. Executing controller action with signature Microsoft.AspNetCore.Mvc.IActionResult Filter(WePayOffer.BL.Models.FilterVM) on controller WePayOffer.Portal.Controllers.WalletController (WePayOffer.Portal).
info: Microsoft.AspNetCore.Mvc.Infrastructure.ControllerActionInvoker[1]
      Executing action method WePayOffer.Portal.Controllers.WalletController.Filter (WePayOffer.Portal) - Validation state: Valid
info: Microsoft.EntityFrameworkCore.Infrastructure[10403]
      Entity Framework Core 6.0.9 initialized 'ApplicationContext' using provider 'Microsoft.EntityFrameworkCore.SqlServer:6.0.9' with options: None
info: Microsoft.EntityFrameworkCore.Database.Command[20101]
      Executed DbCommand (17ms) [Parameters=[@__filter_statusId_0='?' (DbType = Int32), @__filter_from_Date_1='?' (DbType = DateTime2), @__filter_to_Date_2='?' (DbType = DateTime2)], CommandType='Text', CommandTimeout='30']
      SELECT [s].[Id] AS [id], [s].[Number] AS [serviceNumber], [s].[OfferId] AS [offer], [s].[CreationDate] AS [uploadedDate], [s].[StatusId] AS [status], [s0].[ResponseMessage] AS [responseMessage], [s0].[CreationDate] AS [transactionDate]
      FROM [ServiceNumber] AS [s]
      LEFT JOIN [ServiceTransaction] AS [s0] ON [s].[Id] = [s0].[ServiceNumberId]
      WHERE (([s].[StatusId] = @__filter_statusId_0) AND (CONVERT(date, [s].[CreationDate]) >= @__filter_from_Date_1)) AND (CONVERT(date, [s].[CreationDate]) <= @__filter_to_Date_2)
fail: Microsoft.EntityFrameworkCore.Query[10100]
      An exception occurred while iterating over the results of a query for context type 'WePayOffer.DAL.Database.ApplicationContext'.
      System.InvalidOperationException: Nullable object must have a value.
         at lambda_method330(Closure , QueryContext , DbDataReader , ResultContext , SingleQueryResultCoordinator )
         at Microsoft.EntityFrameworkCore.Query.Internal.SingleQueryingEnumerable`1.Enumerator.MoveNext()
      System.InvalidOperationException: Nullable object must have a value.
         at lambda_method330(Closure , QueryContext , DbDataReader , ResultContext , SingleQueryResultCoordinator )
         at Microsoft.EntityFrameworkCore.Query.Internal.SingleQueryingEnumerable`1.Enumerator.MoveNext()
info: Microsoft.EntityFrameworkCore.Database.Command[20101]
      Executed DbCommand (2ms) [Parameters=[@__filter_statusId_0='?' (DbType = Int32), @__filter_from_Date_1='?' (DbType = DateTime2), @__filter_to_Date_2='?' (DbType = DateTime2), @__p_3='?' (DbType = Int32), @__p_4='?' (DbType = Int32)], CommandType='Text', CommandTimeout='30']
      SELECT [s].[Id] AS [id], [s].[Number] AS [serviceNumber], [s].[OfferId] AS [offer], [s].[CreationDate] AS [uploadedDate], [s].[StatusId] AS [status], [s0].[ResponseMessage] AS [responseMessage], [s0].[CreationDate] AS [transactionDate]
      FROM [ServiceNumber] AS [s]
      LEFT JOIN [ServiceTransaction] AS [s0] ON [s].[Id] = [s0].[ServiceNumberId]
      WHERE (([s].[StatusId] = @__filter_statusId_0) AND (CONVERT(date, [s].[CreationDate]) >= @__filter_from_Date_1)) AND (CONVERT(date, [s].[CreationDate]) <= @__filter_to_Date_2)
      ORDER BY [s].[Id]
      OFFSET @__p_3 ROWS FETCH NEXT @__p_4 ROWS ONLY
fail: Microsoft.EntityFrameworkCore.Query[10100]
      An exception occurred while iterating over the results of a query for context type 'WePayOffer.DAL.Database.ApplicationContext'.
      System.InvalidOperationException: Nullable object must have a value.
         at lambda_method332(Closure , QueryContext , DbDataReader , ResultContext , SingleQueryResultCoordinator )
         at Microsoft.EntityFrameworkCore.Query.Internal.SingleQueryingEnumerable`1.Enumerator.MoveNext()
      System.InvalidOperationException: Nullable object must have a value.
         at lambda_method332(Closure , QueryContext , DbDataReader , ResultContext , SingleQueryResultCoordinator )
         at Microsoft.EntityFrameworkCore.Query.Internal.SingleQueryingEnumerable`1.Enumerator.MoveNext()
info: Microsoft.AspNetCore.Mvc.Infrastructure.ControllerActionInvoker[2]
      Executed action method WePayOffer.Portal.Controllers.WalletController.Filter (WePayOffer.Portal), returned result Microsoft.AspNetCore.Mvc.OkObjectResult in 23938.0397ms.
info: Microsoft.AspNetCore.Mvc.Infrastructure.ObjectResultExecutor[1]
      Executing OkObjectResult, writing value of type 'System.String'.
info: Microsoft.AspNetCore.Mvc.Infrastructure.ControllerActionInvoker[2]
      Executed action WePayOffer.Portal.Controllers.WalletController.Filter (WePayOffer.Portal) in 23959.4313ms
info: Microsoft.AspNetCore.Routing.EndpointMiddleware[1]
      Executed endpoint 'WePayOffer.Portal.Controllers.WalletController.Filter (WePayOffer.Portal)'
info: Microsoft.AspNetCore.Hosting.Diagnostics[2]
      Request finished HTTP/2 POST https://localhost:44382/Wallet/Filter application/x-www-form-urlencoded;+charset=UTF-8 1709 - 200 - text/plain;+charset=utf-8 23968.4647ms
info: Microsoft.AspNetCore.Hosting.Diagnostics[1]
      Request starting HTTP/2 GET https://localhost:44382/Bulk/UploadBulk - -
info: Microsoft.AspNetCore.Routing.EndpointMiddleware[0]
      Executing endpoint 'WePayOffer.Portal.Controllers.BulkController.UploadBulk (WePayOffer.Portal)'
info: Microsoft.AspNetCore.Mvc.Infrastructure.ControllerActionInvoker[3]
      Route matched with {action = "UploadBulk", controller = "Bulk"}. Executing controller action with signature System.Threading.Tasks.Task`1[Microsoft.AspNetCore.Mvc.IActionResult] UploadBulk() on controller WePayOffer.Portal.Controllers.BulkController (WePayOffer.Portal).
info: Microsoft.AspNetCore.Mvc.Infrastructure.ControllerActionInvoker[1]
      Executing action method WePayOffer.Portal.Controllers.BulkController.UploadBulk (WePayOffer.Portal) - Validation state: Valid
info: Microsoft.AspNetCore.Mvc.Infrastructure.ControllerActionInvoker[2]
      Executed action method WePayOffer.Portal.Controllers.BulkController.UploadBulk (WePayOffer.Portal), returned result Microsoft.AspNetCore.Mvc.ViewResult in 0.3809ms.
info: Microsoft.AspNetCore.Mvc.ViewFeatures.ViewResultExecutor[1]
      Executing ViewResult, running view UploadBulk.
info: Microsoft.EntityFrameworkCore.Infrastructure[10403]
      Entity Framework Core 6.0.9 initialized 'ApplicationContext' using provider 'Microsoft.EntityFrameworkCore.SqlServer:6.0.9' with options: None
info: Microsoft.AspNetCore.Mvc.ViewFeatures.ViewResultExecutor[4]
      Executed ViewResult - view UploadBulk executed in 15.1191ms.
info: Microsoft.AspNetCore.Mvc.Infrastructure.ControllerActionInvoker[2]
      Executed action WePayOffer.Portal.Controllers.BulkController.UploadBulk (WePayOffer.Portal) in 28.5785ms
info: Microsoft.AspNetCore.Routing.EndpointMiddleware[1]
      Executed endpoint 'WePayOffer.Portal.Controllers.BulkController.UploadBulk (WePayOffer.Portal)'
info: Microsoft.AspNetCore.Hosting.Diagnostics[2]
      Request finished HTTP/2 GET https://localhost:44382/Bulk/UploadBulk - - - 200 - text/html;+charset=utf-8 44.0692ms
info: Microsoft.AspNetCore.Hosting.Diagnostics[1]
      Request starting HTTP/2 GET https://localhost:44382/jquery.iframe-transport.js - -
info: Microsoft.AspNetCore.Hosting.Diagnostics[1]
      Request starting HTTP/2 GET https://localhost:44382/fancy_fileupload.css - -
info: Microsoft.AspNetCore.Hosting.Diagnostics[1]
      Request starting HTTP/2 GET https://localhost:44382/jquery.ui.widget.js - -
info: Microsoft.AspNetCore.Hosting.Diagnostics[1]
      Request starting HTTP/2 GET https://localhost:44382/jquery.fileupload.js - -
info: Microsoft.AspNetCore.Hosting.Diagnostics[1]
      Request starting HTTP/2 GET https://localhost:44382/_framework/aspnetcore-browser-refresh.js - -
info: Microsoft.AspNetCore.Hosting.Diagnostics[1]
      Request starting HTTP/2 GET https://localhost:44382/_vs/browserLink - -
info: Microsoft.AspNetCore.Hosting.Diagnostics[1]
      Request starting HTTP/2 GET https://localhost:44382/jquery.fancy-fileupload.js - -
info: Microsoft.AspNetCore.Hosting.Diagnostics[2]
      Request finished HTTP/2 GET https://localhost:44382/_framework/aspnetcore-browser-refresh.js - - - 200 12004 application/javascript;+charset=utf-8 29.8739ms
info: Microsoft.AspNetCore.StaticFiles.StaticFileMiddleware[2]
      Sending file. Request path: '/jquery.fileupload.js'. Physical path: 'D:\My Work\0We\We Pay Offers\We Pay Offer\WePay-Daily\WePayOffer.Portal\wwwroot\jquery.fileupload.js'
info: Microsoft.AspNetCore.StaticFiles.StaticFileMiddleware[2]
      Sending file. Request path: '/fancy_fileupload.css'. Physical path: 'D:\My Work\0We\We Pay Offers\We Pay Offer\WePay-Daily\WePayOffer.Portal\wwwroot\fancy_fileupload.css'
info: Microsoft.AspNetCore.StaticFiles.StaticFileMiddleware[2]
      Sending file. Request path: '/jquery.iframe-transport.js'. Physical path: 'D:\My Work\0We\We Pay Offers\We Pay Offer\WePay-Daily\WePayOffer.Portal\wwwroot\jquery.iframe-transport.js'
info: Microsoft.AspNetCore.StaticFiles.StaticFileMiddleware[2]
      Sending file. Request path: '/jquery.fancy-fileupload.js'. Physical path: 'D:\My Work\0We\We Pay Offers\We Pay Offer\WePay-Daily\WePayOffer.Portal\wwwroot\jquery.fancy-fileupload.js'
info: Microsoft.AspNetCore.StaticFiles.StaticFileMiddleware[2]
      Sending file. Request path: '/jquery.ui.widget.js'. Physical path: 'D:\My Work\0We\We Pay Offers\We Pay Offer\WePay-Daily\WePayOffer.Portal\wwwroot\jquery.ui.widget.js'
info: Microsoft.AspNetCore.Hosting.Diagnostics[2]
      Request finished HTTP/2 GET https://localhost:44382/fancy_fileupload.css - - - 200 14351 text/css 99.9302ms
info: Microsoft.AspNetCore.Hosting.Diagnostics[2]
      Request finished HTTP/2 GET https://localhost:44382/jquery.ui.widget.js - - - 200 23547 application/javascript 98.9235ms
info: Microsoft.AspNetCore.Hosting.Diagnostics[2]
      Request finished HTTP/2 GET https://localhost:44382/jquery.fancy-fileupload.js - - - 200 27666 application/javascript 68.4708ms
info: Microsoft.AspNetCore.Hosting.Diagnostics[2]
      Request finished HTTP/2 GET https://localhost:44382/jquery.fileupload.js - - - 200 56110 application/javascript 73.1906ms
info: Microsoft.AspNetCore.Hosting.Diagnostics[2]
      Request finished HTTP/2 GET https://localhost:44382/jquery.iframe-transport.js - - - 200 8553 application/javascript 107.0509ms
info: Microsoft.AspNetCore.Hosting.Diagnostics[2]
      Request finished HTTP/2 GET https://localhost:44382/_vs/browserLink - - - 200 - text/javascript;+charset=UTF-8 86.2602ms
info: Microsoft.AspNetCore.Hosting.Diagnostics[1]
      Request starting HTTP/2 GET https://localhost:44382/fancy_upload.png - -
info: Microsoft.AspNetCore.StaticFiles.StaticFileMiddleware[2]
      Sending file. Request path: '/fancy_upload.png'. Physical path: 'D:\My Work\0We\We Pay Offers\We Pay Offer\WePay-Daily\WePayOffer.Portal\wwwroot\fancy_upload.png'
info: Microsoft.AspNetCore.Hosting.Diagnostics[2]
      Request finished HTTP/2 GET https://localhost:44382/fancy_upload.png - - - 200 3364 image/png 5.1830ms
info: Microsoft.AspNetCore.Hosting.Diagnostics[1]
      Request starting HTTP/2 GET https://localhost:44382/Wallet/Search - -
info: Microsoft.AspNetCore.Routing.EndpointMiddleware[0]
      Executing endpoint 'WePayOffer.Portal.Controllers.WalletController.Search (WePayOffer.Portal)'
info: Microsoft.AspNetCore.Mvc.Infrastructure.ControllerActionInvoker[3]
      Route matched with {action = "Search", controller = "Wallet"}. Executing controller action with signature Microsoft.AspNetCore.Mvc.IActionResult Search() on controller WePayOffer.Portal.Controllers.WalletController (WePayOffer.Portal).
info: Microsoft.AspNetCore.Mvc.Infrastructure.ControllerActionInvoker[1]
      Executing action method WePayOffer.Portal.Controllers.WalletController.Search (WePayOffer.Portal) - Validation state: Valid
info: Microsoft.AspNetCore.Mvc.Infrastructure.ControllerActionInvoker[2]
      Executed action method WePayOffer.Portal.Controllers.WalletController.Search (WePayOffer.Portal), returned result Microsoft.AspNetCore.Mvc.ViewResult in 0.0213ms.
info: Microsoft.AspNetCore.Mvc.ViewFeatures.ViewResultExecutor[1]
      Executing ViewResult, running view Search.
info: Microsoft.EntityFrameworkCore.Infrastructure[10403]
      Entity Framework Core 6.0.9 initialized 'ApplicationContext' using provider 'Microsoft.EntityFrameworkCore.SqlServer:6.0.9' with options: None
info: Microsoft.EntityFrameworkCore.Database.Command[20101]
      Executed DbCommand (1ms) [Parameters=[], CommandType='Text', CommandTimeout='30']
      SELECT [s].[Id], [s].[Name]
      FROM [Status] AS [s]
      WHERE [s].[Id] > 0
info: Microsoft.AspNetCore.Mvc.ViewFeatures.ViewResultExecutor[4]
      Executed ViewResult - view Search executed in 9.8924ms.
info: Microsoft.AspNetCore.Mvc.Infrastructure.ControllerActionInvoker[2]
      Executed action WePayOffer.Portal.Controllers.WalletController.Search (WePayOffer.Portal) in 24.1345ms
info: Microsoft.AspNetCore.Routing.EndpointMiddleware[1]
      Executed endpoint 'WePayOffer.Portal.Controllers.WalletController.Search (WePayOffer.Portal)'
info: Microsoft.AspNetCore.Hosting.Diagnostics[2]
      Request finished HTTP/2 GET https://localhost:44382/Wallet/Search - - - 200 - text/html;+charset=utf-8 38.5050ms
info: Microsoft.AspNetCore.Hosting.Diagnostics[1]
      Request starting HTTP/2 GET https://localhost:44382/_vs/browserLink - -
info: Microsoft.AspNetCore.Hosting.Diagnostics[1]
      Request starting HTTP/2 GET https://localhost:44382/_framework/aspnetcore-browser-refresh.js - -
info: Microsoft.AspNetCore.Hosting.Diagnostics[2]
      Request finished HTTP/2 GET https://localhost:44382/_framework/aspnetcore-browser-refresh.js - - - 200 12004 application/javascript;+charset=utf-8 4.7972ms
info: Microsoft.AspNetCore.Hosting.Diagnostics[2]
      Request finished HTTP/2 GET https://localhost:44382/_vs/browserLink - - - 200 - text/javascript;+charset=UTF-8 23.0171ms
info: Microsoft.AspNetCore.Hosting.Diagnostics[1]
      Request starting HTTP/2 POST https://localhost:44382/Wallet/Filter application/x-www-form-urlencoded;+charset=UTF-8 1701
info: Microsoft.AspNetCore.Routing.EndpointMiddleware[0]
      Executing endpoint 'WePayOffer.Portal.Contr