info: Microsoft.AspNetCore.DataProtection.KeyManagement.XmlKeyManager[63]
      User profile is available. Using 'C:\Users\Ahmed El Gendy\AppData\Local\ASP.NET\DataProtection-Keys' as key repository and Windows DPAPI to encrypt keys at rest.
info: Microsoft.Hosting.Lifetime[0]
      Application started. Press Ctrl+C to shut down.
info: Microsoft.Hosting.Lifetime[0]
      Hosting environment: Development
info: Microsoft.Hosting.Lifetime[0]
      Content root path: D:\My Work\0We\We Pay Offers\We Pay Offer\WePay-Daily\WePayOffer.Portal\
info: Microsoft.AspNetCore.Hosting.Diagnostics[1]
      Request starting HTTP/2 GET https://localhost:44382/Account/Registration - -
info: Microsoft.AspNetCore.Routing.EndpointMiddleware[0]
      Executing endpoint 'WePayOffer.Portal.Controllers.AccountController.Registration (WePayOffer.Portal)'
info: Microsoft.AspNetCore.Mvc.Infrastructure.ControllerActionInvoker[3]
      Route matched with {action = "Registration", controller = "Account"}. Executing controller action with signature Microsoft.AspNetCore.Mvc.IActionResult Registration() on controller WePayOffer.Portal.Controllers.AccountController (WePayOffer.Portal).
info: Microsoft.AspNetCore.Mvc.ViewFeatures.ViewResultExecutor[1]
      Executing ViewResult, running view Registration.
info: Microsoft.EntityFrameworkCore.Infrastructure[10403]
      Entity Framework Core 6.0.9 initialized 'ApplicationContext' using provider 'Microsoft.EntityFrameworkCore.SqlServer:6.0.9' with options: None
info: Microsoft.AspNetCore.Mvc.ViewFeatures.ViewResultExecutor[4]
      Executed ViewResult - view Registration executed in 600.7032ms.
info: Microsoft.AspNetCore.Mvc.Infrastructure.ControllerActionInvoker[2]
      Executed action WePayOffer.Portal.Controllers.AccountController.Registration (WePayOffer.Portal) in 686.87ms
info: Microsoft.AspNetCore.Routing.EndpointMiddleware[1]
      Executed endpoint 'WePayOffer.Portal.Controllers.AccountController.Registration (WePayOffer.Portal)'
info: Microsoft.AspNetCore.Hosting.Diagnostics[2]
      Request finished HTTP/2 GET https://localhost:44382/Account/Registration - - - 200 - text/html;+charset=utf-8 749.9353ms
info: Microsoft.AspNetCore.Hosting.Diagnostics[1]
      Request starting HTTP/2 GET https://localhost:44382/_framework/aspnetcore-browser-refresh.js - -
info: Microsoft.AspNetCore.Hosting.Diagnostics[1]
      Request starting HTTP/2 GET https://localhost:44382/_vs/browserLink - -
info: Microsoft.AspNetCore.Hosting.Diagnostics[2]
      Request finished HTTP/2 GET https://localhost:44382/_framework/aspnetcore-browser-refresh.js - - - 200 12004 application/javascript;+charset=utf-8 3.3951ms
info: Microsoft.AspNetCore.Hosting.Diagnostics[2]
      Request finished HTTP/2 GET https://localhost:44382/_vs/browserLink - - - 200 - text/javascript;+charset=UTF-8 24.0302ms
info: Microsoft.AspNetCore.Hosting.Diagnostics[1]
      Request starting HTTP/2 GET https://localhost:44382/Account/Registration - -
info: Microsoft.AspNetCore.Routing.EndpointMiddleware[0]
      Executing endpoint 'WePayOffer.Portal.Controllers.AccountController.Registration (WePayOffer.Portal)'
info: Microsoft.AspNetCore.Mvc.Infrastructure.ControllerActionInvoker[3]
      Route matched with {action = "Registration", controller = "Account"}. Executing controller action with signature Microsoft.AspNetCore.Mvc.IActionResult Registration() on controller WePayOffer.Portal.Controllers.AccountController (WePayOffer.Portal).
info: Microsoft.AspNetCore.Mvc.ViewFeatures.ViewResultExecutor[1]
      Executing ViewResult, running view Registration.
info: Microsoft.EntityFrameworkCore.Infrastructure[10403]
      Entity Framework Core 6.0.9 initialized 'ApplicationContext' using provider 'Microsoft.EntityFrameworkCore.SqlServer:6.0.9' with options: None
info: Microsoft.AspNetCore.Mvc.ViewFeatures.ViewResultExecutor[4]
      Executed ViewResult - view Registration executed in 29.8872ms.
info: Microsoft.AspNetCore.Mvc.Infrastructure.ControllerActionInvoker[2]
      Executed action WePayOffer.Portal.Controllers.AccountController.Registration (WePayOffer.Portal)