info: Microsoft.AspNetCore.DataProtection.KeyManagement.XmlKeyManager[63]
      User profile is available. Using 'C:\Users\Ahmed El Gendy\AppData\Local\ASP.NET\DataProtection-Keys' as key repository and Windows DPAPI to encrypt keys at rest.
info: Microsoft.Hosting.Lifetime[0]
      Application started. Press Ctrl+C to shut down.
info: Microsoft.Hosting.Lifetime[0]
      Hosting environment: Development
info: Microsoft.Hosting.Lifetime[0]
      Content root path: D:\My Work\0We\We Pay Offers\We Pay Offer\WePay-Daily\WePayOffer.Portal\
info: Microsoft.AspNetCore.Hosting.Diagnostics[1]
      Request starting HTTP/2 GET https://localhost:44382/ - -
info: Microsoft.AspNetCore.Routing.EndpointMiddleware[0]
      Executing endpoint 'WePayOffer.Portal.Controllers.AccountController.Login (WePayOffer.Portal)'
info: Microsoft.AspNetCore.Mvc.Infrastructure.ControllerActionInvoker[3]
      Route matched with {action = "Login", controller = "Account"}. Executing controller action with signature Microsoft.AspNetCore.Mvc.IActionResult Login() on controller WePayOffer.Portal.Controllers.AccountController (WePayOffer.Portal).
info: Microsoft.AspNetCore.Mvc.Infrastructure.ControllerActionInvoker[1]
      Executing action method WePayOffer.Portal.Controllers.AccountController.Login (WePayOffer.Portal) - Validation state: Valid
info: Microsoft.AspNetCore.Mvc.Infrastructure.ControllerActionInvoker[2]
      Executed action method WePayOffer.Portal.Controllers.AccountController.Login (WePayOffer.Portal), returned result Microsoft.AspNetCore.Mvc.ViewResult in 0.4935ms.
info: Microsoft.AspNetCore.Mvc.ViewFeatures.ViewResultExecutor[1]
      Executing ViewResult, running view Login.
info: Microsoft.EntityFrameworkCore.Infrastructure[10403]
      Entity Framework Core 6.0.9 initialized 'ApplicationContext' using provider 'Microsoft.EntityFrameworkCore.SqlServer:6.0.9' with options: None
info: Microsoft.AspNetCore.Mvc.ViewFeatures.ViewResultExecutor[4]
      Executed ViewResult - view Login executed in 890.4631ms.
info: Microsoft.AspNetCore.Mvc.Infrastructure.ControllerActionInvoker[2]
      Executed action WePayOffer.Portal.Controllers.AccountController.Login (WePayOffer.Portal) in 951.7274ms
info: Microsoft.AspNetCore.Routing.EndpointMiddleware[1]
      Executed endpoint 'WePayOffer.Portal.Controllers.AccountController.Login (WePayOffer.Portal)'
info: Microsoft.AspNetCore.Hosting.Diagnostics[2]
      Request finished HTTP/2 GET https://localhost:44382/ - - - 200 - text/html;+charset=utf-8 1225.8319ms
info: Microsoft.AspNetCore.Hosting.Diagnostics[1]
      Request starting HTTP/2 GET https://localhost:44382/images/bg-login.svg - -
info: Microsoft.AspNetCore.Hosting.Diagnostics[1]
      Request starting HTTP/2 GET https://localhost:44382/fonts/Poppins.woff - -
info: Microsoft.AspNetCore.Hosting.Diagnostics[2]
      Request finished HTTP/2 GET https://localhost:44382/images/bg-login.svg - - - 404 - - 24.1695ms
info: Microsoft.AspNetCore.Hosting.Diagnostics[2]
      Request finished HTTP/2 GET https://localhost:44382/fonts/Poppins.woff - - - 404 - - 13.3634ms
info: Microsoft.AspNetCore.Hosting.Diagnostics[1]
      Request starting HTTP/2 GET https://localhost:44382/fonts/Poppins.ttf - -
info: Microsoft.AspNetCore.Hosting.Diagnostics[2]
      Request finished HTTP/2 GET https://localhost:44382/fonts/Poppins.ttf - - - 404 - - 3.3030ms
info: Microsoft.AspNetCore.Hosting.Diagnostics[1]
      Request starting HTTP/2 GET https://localhost:44382/account/registration - -
info: Microsoft.AspNetCore.Routing.EndpointMiddleware[0]
      Executing endpoint 'WePayOffer.Portal.Controllers.AccountController.Registration (WePayOffer.Portal)'
info: Microsoft.AspNetCore.Mvc.Infrastructure.ControllerActionInvoker[3]
      Route matched with {action = "Registration", controller = "Account"}. Executing controller action with signature Microsoft.AspNetCore.Mvc.IActionResult Registration() on controller WePayOffer.Portal.Controllers.AccountController (WePayOffer.Portal).
info: Microsoft.AspNetCore.Mvc.Infrastructure.ControllerActionInvoker[1]
      Executing action method WePayOffer.Portal.Controllers.AccountController.Registration (WePayOffer.Portal) - Validation state: Valid
info: Microsoft.AspNetCore.Mvc.Infrastructure.ControllerActionInvoker[2]
      Executed action method WePayOffer.Portal.Controllers.AccountController.Registration (WePayOffer.Portal), returned result Microsoft.AspNetCore.Mvc.ViewResult in 0.4812ms.
info: Microsoft.AspNetCore.Mvc.ViewFeatures.ViewResultExecutor[1]
      Executing ViewResult, running view Registration.
info: Microsoft.EntityFrameworkCore.Infrastructure[10403]
      Entity Framework Core 6.0.9 initialized 'ApplicationContext' using provider 'Microsoft.EntityFrameworkCore.SqlServer:6.0.9' with options: None
info: Microsoft.AspNetCore.Mvc.ViewFeatures.ViewResultExecutor[4]
      Executed ViewResult - view Registration executed in 121.2726ms.
info: Microsoft.AspNetCore.Mvc.Infrastructure.ControllerActionInvoker[2]
      Executed action WePayOffer.Portal.Controllers.AccountController.Registration (WePayOffer.Portal) in 135.6366ms
info: Microsoft.AspNetCore.Routing.EndpointMiddleware[1]
      Executed endpoint 'WePayOffer.Portal.Controllers.AccountController.Registration (WePayOffer.Portal)'
info: Microsoft.AspNetCore.Hosting.Diagnostics[2]
      Request finished HTTP/2 GET https://localhost:44382/account/registration - - - 200 - text/html;+charset=utf-8 153.3958ms
info: Microsoft.AspNetCore.Hosting.Diagnostics[1]
      Request starting HTTP/2 GET https://localhost:44382/_framework/aspnetcore-browser-refresh.js - -
info: Microsoft.AspNetCore.Hosting.Diagnostics[1]
      Request starting HTTP/2 GET https://localhost:44382/_vs/browserLink - -
info: Microsoft.AspNetCore.Hosting.Diagnostics[2]
      Request finished HTTP/2 GET https://localhost:44382/_framework/aspnetcore-browser-refresh.js - - - 200 12004 application/javascript;+charset=utf-8 7.9962ms
info: Microsoft.AspNetCore.Hosting.Diagnostics[2]
      Request finished HTTP/2 GET https://localhost:44382/_vs/browserLink - - - 200 - text/javascript;+charset=UTF-8 32.7096ms
info: Microsoft.AspNetCore.Hosting.Diagnostics[1]
      Request starting HTTP/2 POST https://localhost:44382/Account/Registration application/x-www-form-urlencoded 300
info: Microsoft.AspNetCore.Routing.EndpointMiddleware[0]
      Executing endpoint 'WePayOffer.Portal.Controllers.AccountController.Registration (WePayOffer.Portal)'
info: Microsoft.AspNetCore.Mvc.Infrastructure.ControllerActionInvoker[3]
      Route matched with {action = "Registration", controller = "Account"}. Executing controller action with signature System.Threading.Tasks.Task`1[Microsoft.AspNetCore.Mvc.IActionResult] Registration(WePayOffer.BL.Models.UserVM) on controller WePayOffer.Portal.Controllers.AccountController (WePayOffer.Portal).
info: Microsoft.AspNetCore.Mvc.Infrastructure.ControllerActionInvoker[1]
      Executing action method WePayOffer.Portal.Controllers.AccountController.Registration (WePayOffer.Portal) - Validation state: Invalid
info: Microsoft.EntityFrameworkCore.Infrastructure[10403]
      Entity Framework Core 6.0.9 initialized 'ApplicationContext' using provider 'Microsoft.EntityFrameworkCore.SqlServer:6.0.9' with options: None
Security Warning: The negotiated TLS 1.0 is an insecure protocol and is supported for backward compatibility only. The recommended protocol version is TLS 1.2 and later.
info: Microsoft.EntityFrameworkCore.Database.Command[20101]
      Executed DbCommand (58ms) [Parameters=[@__normalizedUserName_0='?' (Size = 256)], CommandType='Text', CommandTimeout='30']
      SELECT TOP(1) [a].[Id], [a].[AccessFailedCount], [a].[ConcurrencyStamp], [a].[CreatedBy], [a].[CreatedOn], [a].[Email], [a].[EmailConfirmed], [a].[FullName], [a].[IsDeleted], [a].[LockoutEnabled], [a].[LockoutEnd], [a].[NormalizedEmail], [a].[NormalizedUserName], [a].[PasswordHash], [a].[PhoneNumber], [a].[PhoneNumberConfirmed], [a].[SecurityStamp], [a].[TwoFactorEnabled], [a].[UserName]
      FROM [AspNetUsers] AS [a]
      WHERE [a].[NormalizedUserName] = @__normalizedUserName_0
info: Microsoft.EntityFrameworkCore.Database.Command[20101]
      Executed DbCommand (4ms) [Parameters=[@__normalizedEmail_0='?' (Size = 256)], CommandType='Text', CommandTimeout='30']
      SELECT TOP(2) [a].[Id], [a].[AccessFailedCount], [a].[ConcurrencyStamp], [a].[CreatedBy], [a].[CreatedOn], [a].[Email], [a].[EmailConfirmed], [a].[FullName], [a].[IsDeleted], [a].[LockoutEnabled], [a].[LockoutEnd], [a].[NormalizedEmail], [a].[NormalizedUserName], [a].[PasswordHash], [a].[PhoneNumber], [a].[PhoneNumberConfirmed], [a].[SecurityStamp], [a].[TwoFactorEnabled], [a].[UserName]
      FROM [AspNetUsers] AS [a]
      WHERE [a].[NormalizedEmail] = @__normalizedEmail_0
info: Microsoft.EntityFrameworkCore.Database.Command[20101]
      Executed DbCommand (5ms) [Parameters=[@p0='?' (Size = 450), @p1='?' (DbType = Int32), @p2='?' (Size = 4000), @p3='?' (Size = 450), @p4='?' (DbType = DateTime2), @p5='?' (Size = 256), @p6='?' (DbType = Boolean), @p7='?' (Size = 150), @p8='?' (DbType = Boolean), @p9='?' (DbType = Boolean), @p10='?' (DbType = DateTimeOffset), @p11='?' (Size = 256), @p12='?' (Size = 256), @p13='?' (Size = 4000), @p14='?' (Size = 4000), @p15='?' (DbType = Boolean), @p16='?' (Size = 4000), @p17='?' (DbType = Boolean), @p18='?' (Size = 256)], CommandType='Text', CommandTimeout='30']
      SET NOCOUNT ON;
      INSERT INTO [AspNetUsers] ([Id], [AccessFailedCount], [ConcurrencyStamp], [CreatedBy], [CreatedOn], [Email], [EmailConfirmed], [FullName], [IsDeleted], [LockoutEnabled], [LockoutEnd], [NormalizedEmail], [NormalizedUserName], [PasswordHash], [PhoneNumber], [PhoneNumberConfirmed], [SecurityStamp], [TwoFactorEnabled], [UserName])
      VALUES (@p0, @p1, @p2, @p3, @p4, @p5, @p6, @p7, @p8, @p9, @p10, @p11, @p12, @p13, @p14, @p15, @p16, @p17, @p18);
info: Microsoft.AspNetCore.Mvc.Infrastructure.ControllerActionInvoker[2]
      Executed action method WePayOffer.Portal.Controllers.AccountController.Registration (WePayOffer.Portal), returned result Microsoft.AspNetCore.Mvc.RedirectToActionResult in 8871.5513ms.
info: Microsoft.AspNetCore.Mvc.RedirectToActionResult[1]
      Executing RedirectResult, redirecting to /Users/Index.
info: Microsoft.AspNetCore.Mvc.Infrastructure.ControllerActionInvoker[2]
      Executed action WePayOffer.Portal.Controllers.AccountController.Registration (WePayOffer.Portal) in 8910.5458ms
info: Microsoft.AspNetCore.Routing.EndpointMiddleware[1]
      Executed endpoint 'WePayOffer.Portal.Controllers.AccountController.Registration (WePayOffer.Portal)'
info: Microsoft.AspNetCore.Hosting.Diagnostics[2]
      Request finished HTTP/2 POST https://localhost:44382/Account/Registration application/x-www-form-urlencoded 300 - 302 - - 8933.0030ms
info: Microsoft.AspNetCore.Hosting.Diagnostics[1]
      Request starting HTTP/2 GET https://localhost:44382/Users/Index - -
info: Microsoft.AspNetCore.Routing.EndpointMiddleware[0]
      Executing endpoint 'WePayOffer.Portal.Controllers.UsersController.Index (WePayOffer.Portal)'
info: Microsoft.AspNetCore.Mvc.Infrastructure.ControllerActionInvoker[3]
      Route matched with {action = "Index", controller = "Users"}. Executing controller action with signature Microsoft.AspNetCore.Mvc.IActionResult Index() on controller WePayOffer.Portal.Controllers.UsersController (WePayOffer.Portal).
info: Microsoft.AspNetCore.Mvc.Infrastructure.ControllerActionInvoker[1]
      Executing action method WePayOffer.Portal.Controllers.UsersController.Index (WePayOffer.Portal) - Validation state: Valid
info: Microsoft.AspNetCore.Mvc.Infrastructure.ControllerActionInvoker[2]
      Executed action method WePayOffer.Portal.Controllers.UsersController.Index (WePayOffer.Portal), returned result Microsoft.AspNetCore.Mvc.ViewResult in 0.1257ms.
info: Microsoft.AspNetCore.Mvc.ViewFeatures.ViewResultExecutor[1]
      Executing ViewResult, running view Index.
info: Microsoft.EntityFrameworkCore.Infrastructure[10403]
      Entity Framework Core 6.0.9 initialized 'ApplicationContext' using provider 'Microsoft.EntityFrameworkCore.SqlServer:6.0.9' with options: None
info: Microsoft.AspNetCore.Mvc.ViewFeatures.ViewResultExecutor[4]
      Executed ViewResult - view Index executed in 19.6393ms.
info: Microsoft.AspNetCore.Mvc.Infrastructure.ControllerActionInvoker[2]
      Executed action WePayOffer.Portal.Controllers.UsersController.Index (WePayOffer.Portal) in 116.4419ms
info: Microsoft.AspNetCore.Routing.EndpointMiddleware[1]
      Executed endpoint 'WePayOffer.Portal.Controllers.UsersController.Index (WePayOffer.Portal)'
info: Microsoft.AspNetCore.Hosting.Diagnostics[2]
      Request finished HTTP/2 GET https://localhost:44382/Users/Index - - - 200 - text/html;+charset=utf-8 133.8152ms
info: Microsoft.AspNetCore.Hosting.Diagnostics[1]
      Request starting HTTP/2 GET https://localhost:44382/lib/datatables/css/dataTables.bootstrap4.css - -
info: Microsoft.AspNetCore.Hosting.Diagnostics[1]
      Request starting HTTP/2 GET https://localhost:44382/lib/datatables/js/jquery.dataTables.js - -
info: Microsoft.AspNetCore.StaticFiles.StaticFileMiddleware[2]
      Sending file. Request path: '/lib/datatables/css/dataTables.bootstrap4.css'. Physical path: 'D:\My Work\0We\We Pay Offers\We Pay Offer\WePay-Daily\WePayOffer.Portal\wwwroot\lib\datatables\css\dataTables.bootstrap4.css'
info: Microsoft.AspNetCore.Hosting.Diagnostics[2]
      Request finished HTTP/2 GET https://localhost:44382/lib/datatables/css/dataTables.bootstrap4.css - - - 200 5994 text/css 19.1160ms
info: Microsoft.AspNetCore.StaticFiles.StaticFileMiddleware[2]
      Sending file. Request path: '/lib/datatables/js/jquery.dataTables.js'. Physical path: 'D:\My Work\0We\We Pay Offers\We Pay Offer\WePay-Daily\WePayOffer.Portal\wwwroot\lib\datatables\js\jquery.dataTables.js'
info: Microsoft.AspNetCore.Hosting.Diagnostics[1]
      Request starting HTTP/2 GET https://localhost:44382/lib/datatables/js/dataTables.bootstrap4.js - -
info: Microsoft.AspNetCore.StaticFiles.StaticFileMiddleware[2]
      Sending file. Request path: '/lib/datatables/js/dataTables.bootstrap4.js'. Physical path: 'D:\My Work\0We\We Pay Offers\We Pay Offer\WePay-Daily\WePayOffer.Portal\wwwroot\lib\datatables\js\dataTables.bootstrap4.js'
info: Microsoft.AspNetCore.Hosting.Diagnostics[2]
      Request finished HTTP/2 GET https://localhost:44382/lib/datatables/js/dataTables.bootstrap4.js - - - 200 4702 application/javascript 3.7320ms
info: Microsoft.AspNetCore.Hosting.Diagnostics[2]
      Request finished HTTP/2 GET https://localhost:44382/lib/datatables/js/jquery.dataTables.js - - - 200 449246 application/javascript 31.0829ms
info: Microsoft.AspNetCore.Hosting.Diagnostics[1]
      Request starting HTTP/2 GET https://localhost:44382/lib/UsersDatatable.js - -
info: Microsoft.AspNetCore.Hosting.Diagnostics[1]
      Request starting HTTP/2 GET https://localhost:44382/_framework/aspnetcore-browser-refresh.js - -
info: Microsoft.AspNetCore.StaticFiles.StaticFileMiddleware[2]
      Sending file. Request path: '/lib/UsersDatatable.js'. Physical path: 'D:\My Work\0We\We Pay Offers\We Pay Offer\WePay-Daily\WePayOffer.Portal\wwwroot\lib\UsersDatatable.js'
info: Microsoft.AspNetCore.Hosting.Diagnostics[2]
      Request finished HTTP/2 GET https://localhost:44382/_framework/aspnetcore-browser-refresh.js - - - 200 12004 application/javascript;+charset=utf-8 3.5424ms
info: Microsoft.AspNetCore.Hosting.Diagnostics[2]
      Request finished HTTP/2 GET https://localhost:44382/lib/UsersDatatable.js - - - 200 2502 application/javascript 6.5454ms
info: Microsoft.AspNetCore.Hosting.Diagnostics[1]
      Request starting HTTP/2 GET https://localhost:44382/_vs/browserLink - -
info: Microsoft.AspNetCore.Hosting.Diagnostics[2]
      Request finished HTTP/2 GET https://localhost:44382/_vs/browserLink - - - 200 - text/javascript;+charset=UTF-8 20.1517ms
info: Microsoft.AspNetCore.Hosting.Diagnostics[1]
      Request starting HTTP/2 POST https://localhost:44382/Users/Filter application/x-www-form-urlencoded;+charset=UTF-8 1433
info: Microsoft.AspNetCore.Routing.EndpointMiddleware[0]
      Executing endpoint 'WePayOffer.Portal.Controllers.UsersController.Filter (WePayOffer.Portal)'
info: Microsoft.AspNetCore.Mvc.Infrastructure.ControllerActionInvoker[3]
      Route matched with {action = "Filter", controller = "Users"