info: Microsoft.AspNetCore.DataProtection.KeyManagement.XmlKeyManager[63]
      User profile is available. Using 'C:\Users\Ahmed El Gendy\AppData\Local\ASP.NET\DataProtection-Keys' as key repository and Windows DPAPI to encrypt keys at rest.
info: Microsoft.Hosting.Lifetime[0]
      Application started. Press Ctrl+C to shut down.
info: Microsoft.Hosting.Lifetime[0]
      Hosting environment: Development
info: Microsoft.Hosting.Lifetime[0]
      Content root path: D:\My Work\0We\We Pay Offers\We Pay Offer\WePay-Daily\WePayOffer.Portal\
info: Microsoft.AspNetCore.Hosting.Diagnostics[1]
      Request starting HTTP/2 GET https://localhost:44382/ - -
info: Microsoft.AspNetCore.Routing.EndpointMiddleware[0]
      Executing endpoint 'WePayOffer.Portal.Controllers.AccountController.Login (WePayOffer.Portal)'
info: Microsoft.AspNetCore.Mvc.Infrastructure.ControllerActionInvoker[3]
      Route matched with {action = "Login", controller = "Account"}. Executing controller action with signature Microsoft.AspNetCore.Mvc.IActionResult Login() on controller WePayOffer.Portal.Controllers.AccountController (WePayOffer.Portal).
info: Microsoft.AspNetCore.Mvc.ViewFeatures.ViewResultExecutor[1]
      Executing ViewResult, running view Login.
info: Microsoft.EntityFrameworkCore.Infrastructure[10403]
      Entity Framework Core 6.0.9 initialized 'ApplicationContext' using provider 'Microsoft.EntityFrameworkCore.SqlServer:6.0.9' with options: None
info: Microsoft.AspNetCore.Mvc.ViewFeatures.ViewResultExecutor[4]
      Executed ViewResult - view Login executed in 577.0253ms.
info: Microsoft.AspNetCore.Mvc.Infrastructure.ControllerActionInvoker[2]
      Executed action WePayOffer.Portal.Controllers.AccountController.Login (WePayOffer.Portal) in 678.2779ms
info: Microsoft.AspNetCore.Routing.EndpointMiddleware[1]
      Executed endpoint 'WePayOffer.Portal.Controllers.AccountController.Login (WePayOffer.Portal)'
info: Microsoft.AspNetCore.Hosting.Diagnostics[2]
      Request finished HTTP/2 GET https://localhost:44382/ - - - 200 - text/html;+charset=utf-8 781.9760ms
info: Microsoft.AspNetCore.Hosting.Diagnostics[1]
      Request starting HTTP/2 GET https://localhost:44382/jquery-validate/jquery.validate.min.js - -
info: Microsoft.AspNetCore.Hosting.Diagnostics[1]
      Request starting HTTP/2 GET https://localhost:44382/jquery-validation-unobtrusive/jquery.validate.unobtrusive.min.js - -
info: Microsoft.AspNetCore.StaticFiles.StaticFileMiddleware[6]
      The file /jquery-validate/jquery.validate.min.js was not modified
info: Microsoft.AspNetCore.StaticFiles.StaticFileMiddleware[6]
      The file /jquery-validation-unobtrusive/jquery.validate.unobtrusive.min.js was not modified
info: Microsoft.AspNetCore.Hosting.Diagnostics[2]
      Request finished HTTP/2 GET https://localhost:44382/jquery-validate/jquery.validate.min.js - - - 304 - application/javascript 11.7758ms
info: Microsoft.AspNetCore.Hosting.Diagnostics[2]
      Request finished HTTP/2 GET https://localhost:44382/jquery-validation-unobtrusive/jquery.validate.unobtrusive.min.js - - - 304 - application/javascript 11.9943ms
info: Microsoft.AspNetCore.Hosting.Diagnostics[1]
      Request starting HTTP/2 GET https://localhost:44382/images/bg-login.svg - -
info: Microsoft.AspNetCore.Hosting.Diagnostics[2]
      Request finished HTTP/2 GET https://localhost:44382/images/bg-login.svg - - - 404 - - 2.2007ms
info: Microsoft.AspNetCore.Hosting.Diagnostics[1]
      Request starting HTTP/2 GET https://localhost:44382/fonts/Poppins.woff - -
info: Microsoft.AspNetCore.Hosting.Diagnostics[2]
      Request finished HTTP/2 GET https://localhost:44382/fonts/Poppins.woff - - - 404 - - 2.9808ms
info: Microsoft.AspNetCore.Hosting.Diagnostics[1]
      Request starting HTTP/2 GET https://localhost:44382/fonts/Poppins.ttf - -
info: Microsoft.AspNetCore.Hosting.Diagnostics[2]
      Request finished HTTP/2 GET https://localhost:44382/fonts/Poppins.ttf - - - 404 - - 0.6672ms
info: Microsoft.AspNetCore.Hosting.Diagnostics[1]
      Request starting HTTP/2 POST https://localhost:44382/ application/x-www-form-urlencoded 230
info: Microsoft.AspNetCore.Routing.EndpointMiddleware[0]
      Executing endpoint 'WePayOffer.Portal.Controllers.AccountController.Login (WePayOffer.Portal)'
info: Microsoft.AspNetCore.Mvc.Infrastructure.ControllerActionInvoker[3]
      Route matched with {action = "Login", controller = "Account"}. Executing controller action with signature System.Threading.Tasks.Task`1[Microsoft.AspNetCore.Mvc.IActionResult] Login(WePayOffer.BL.Models.LoginVM) on controller WePayOffer.Portal.Controllers.AccountController (WePayOffer.Portal).
info: Microsoft.EntityFrameworkCore.Infrastructure[10403]
      Entity Framework Core 6.0.9 initialized 'ApplicationContext' using provider 'Microsoft.EntityFrameworkCore.SqlServer:6.0.9' with options: None
Security Warning: The negotiated TLS 1.0 is an insecure protocol and is supported for backward compatibility only. The recommended protocol version is TLS 1.2 and later.
info: Microsoft.EntityFrameworkCore.Database.Command[20101]
      Executed DbCommand (37ms) [Parameters=[@__normalizedUserName_0='?' (Size = 256)], CommandType='Text', CommandTimeout='30']
      SELECT TOP(1) [a].[Id], [a].[AccessFailedCount], [a].[ConcurrencyStamp], [a].[CreatedBy], [a].[CreatedOn], [a].[Email], [a].[EmailConfirmed], [a].[FullName], [a].[IsDeleted], [a].[LockoutEnabled], [a].[LockoutEnd], [a].[NormalizedEmail], [a].[NormalizedUserName], [a].[PasswordHash], [a].[PhoneNumber], [a].[PhoneNumberConfirmed], [a].[SecurityStamp], [a].[TwoFactorEnabled], [a].[UserName]
      FROM [AspNetUsers] AS [a]
      WHERE [a].[NormalizedUserName] = @__normalizedUserName_0
info: Microsoft.EntityFrameworkCore.Database.Command[20101]
      Executed DbCommand (3ms) [Parameters=[@__user_Id_0='?' (Size = 450)], CommandType='Text', CommandTimeout='30']
      SELECT [a].[Id], [a].[ClaimType], [a].[ClaimValue], [a].[UserId]
      FROM [AspNetUserClaims] AS [a]
      WHERE [a].[UserId] = @__user_Id_0
info: Microsoft.AspNetCore.Authentication.Cookies.CookieAuthenticationHandler[10]
      AuthenticationScheme: Identity.Application signed in.
info: Microsoft.AspNetCore.Mvc.RedirectToActionResult[1]
      Executing RedirectResult, redirecting to /Home/Index.
info: Microsoft.AspNetCore.Mvc.Infrastructure.ControllerActionInvoker[2]
      Executed action WePayOffer.Portal.Controllers.AccountController.Login (WePayOffer.Portal) in 514.8779ms
info: Microsoft.AspNetCore.Routing.EndpointMiddleware[1]
      Executed endpoint 'WePayOffer.Portal.Controllers.AccountController.Login (WePayOffer.Portal)'
info: Microsoft.AspNetCore.Hosting.Diagnostics[2]
      Request finished HTTP/2 POST https://localhost:44382/ application/x-www-form-urlencoded 230 - 302 - - 529.0287ms
info: Microsoft.AspNetCore.Hosting.Diagnostics[1]
      Request starting HTTP/2 GET https://localhost:44382/Home/Index - -
info: Microsoft.AspNetCore.Routing.EndpointMiddleware[0]
      Executing endpoint 'WePayOffer.Portal.Controllers.HomeController.Index (WePayOffer.Portal)'
info: Microsoft.AspNetCore.Mvc.Infrastructure.ControllerActionInvoker[3]
      Route matched with {action = "Index", controller = "Home"}. Executing controller action with signature Microsoft.AspNetCore.Mvc.IActionResult Index() on controller WePayOffer.Portal.Controllers.HomeController (WePayOffer.Portal).
info: Microsoft.AspNetCore.Mvc.ViewFeatures.ViewResultExecutor[1]
      Executing ViewResult, running view Index.
info: Microsoft.EntityFrameworkCore.Infrastructure[10403]
      Entity Framework Core 6.0.9 initialized 'ApplicationContext' using provider 'Microsoft.EntityFrameworkCore.SqlServer:6.0.9' with options: None
info: Microsoft.EntityFrameworkCore.Database.Command[20101]
      Executed DbCommand (10ms) [Parameters=[], CommandType='Text', CommandTimeout='30']
      SELECT COUNT(*)
      FROM [ServiceNumber] AS [s]
      WHERE [s].[StatusId] = 1
info: Microsoft.EntityFrameworkCore.Database.Command[20101]
      Executed DbCommand (1ms) [Parameters=[], CommandType='Text', CommandTimeout='30']
      SELECT COUNT(*)
      FROM [ServiceNumber] AS [s]
      WHERE [s].[StatusId] = 4
info: Microsoft.EntityFrameworkCore.Database.Command[20101]
      Executed DbCommand (0ms) [Parameters=[], CommandType='Text', CommandTimeout='30']
      SELECT COUNT(*)
      FROM [ServiceNumber] AS [s]
      WHERE [s].[StatusId] = 3
info: Microsoft.EntityFrameworkCore.Database.Command[20101]
      Executed DbCommand (0ms) [Parameters=[], CommandType='Text', CommandTimeout='30']
      SELECT COUNT(*)
      FROM [ServiceNumber] AS [s]
      WHERE [s].[StatusId] = 2
info: Microsoft.EntityFrameworkCore.Database.Command[20101]
      Executed DbCommand (5ms) [Parameters=[], CommandType='Text', CommandTimeout='30']
      SELECT COUNT(*)
      FROM [ServiceNumber] AS [s]
info: Microsoft.EntityFrameworkCore.Database.Command[20101]
      Executed DbCommand (3ms) [Parameters=[], CommandType='Text', CommandTimeout='30']
      SELECT [s].[Id], [s].[CreationDate], [s].[Number], [s].[OfferId], [s].[StatusId]
      FROM [ServiceNumber] AS [s]
info: Microsoft.EntityFrameworkCore.Database.Command[20101]
      Executed DbCommand (13ms) [Parameters=[], CommandType='Text', CommandTimeout='30']
      SELECT [s].[Id], [s].[CreationDate], [s].[Number], [s].[OfferId], [s].[StatusId]
      FROM [ServiceNumber] AS [s]
      WHERE (DATEPART(year, [s].[CreationDate]) = DATEPART(year, GETDATE())) AND (DATEPART(month, [s].[CreationDate]) = 1)
info: Microsoft.EntityFrameworkCore.Database.Command[20101]
      Executed DbCommand (23ms) [Parameters=[], CommandType='Text', CommandTimeout='30']
      SELECT [s].[Id], [s].[CreationDate], [s].[Number], [s].[OfferId], [s].[StatusId]
      FROM [ServiceNumber] AS [s]
      WHERE (DATEPART(year, [s].[CreationDate]) = DATEPART(year, GETDATE())) AND (DATEPART(month, [s].[CreationDate]) = 2)
info: Microsoft.EntityFrameworkCore.Database.Command[20101]
      Executed DbCommand (17ms) [Parameters=[], CommandType='Text', CommandTimeout='30']
      SELECT [s].[Id], [s].[CreationDate], [s].[Number], [s].[OfferId], [s].[StatusId]
      FROM [ServiceNumber] AS [s]
      WHERE (DATEPART(year, [s].[CreationDate]) = DATEPART(year, GETDATE())) AND (DATEPART(month, [s].[CreationDate]) = 3)
info: Microsoft.EntityFrameworkCore.Database.Command[20101]
      Executed DbCommand (16ms) [Parameters=[], CommandType='Text', CommandTimeout='30']
      SELECT [s].[Id], [s].[CreationDate], [s].[Number], [s].[OfferId], [s].[StatusId]
      FROM [ServiceNumber] AS [s]
      WHERE (DATEPART(year, [s].[CreationDate]) = DATEPART(year, GETDATE())) AND (DATEPART(month, [s].[CreationDate]) = 4)
info: Microsoft.EntityFrameworkCore.Database.Command[20101]
      Executed DbCommand (20ms) [Parameters=[], CommandType='Text', CommandTimeout='30']
      SELECT [s].[Id], [s].[CreationDate], [s].[Number], [s].[OfferId], [s].[StatusId]
      FROM [ServiceNumber] AS [s]
      WHERE (DATEPART(year, [s].[CreationDate]) = DATEPART(year, GETDATE())) AND (DATEPART(month, [s].[CreationDate]) = 5)
info: Microsoft.EntityFrameworkCore.Database.Command[20101]
      Executed DbCommand (19ms) [Parameters=[], CommandType='Text', CommandTimeout='30']
      SELECT [s].[Id], [s].[CreationDate], [s].[Number], [s].[OfferId], [s].[StatusId]
      FROM [ServiceNumber] AS [s]
      WHERE (DATEPART(year, [s].[CreationDate]) = DATEPART(year, GETDATE())) AND (DATEPART(month, [s].[CreationDate]) = 6)
info: Microsoft.EntityFrameworkCore.Database.Command[20101]
      Executed DbCommand (15ms) [Parameters=[], CommandType='Text', CommandTimeout='30']
      SELECT [s].[Id], [s].[CreationDate], [s].[Number], [s].[OfferId], [s].[StatusId]
      FROM [ServiceNumber] AS [s]
      WHERE (DATEPART(year, [s].[CreationDate]) = DATEPART(year, GETDATE())) AND (DATEPART(month, [s].[CreationDate]) = 7)
info: Microsoft.EntityFrameworkCore.Database.Command[20101]
      Executed DbCommand (15ms) [Parameters=[], CommandType='Text', CommandTimeout='30']
      SELECT [s].[Id], [s].[CreationDate], [s].[Number], [s].[OfferId], [s].[StatusId]
      FROM [ServiceNumber] AS [s]
      WHERE (DATEPART(year, [s].[CreationDate]) = DATEPART(year, GETDATE())) AND (DATEPART(month, [s].[CreationDate]) = 8)
info: Microsoft.EntityFrameworkCore.Database.Command[20101]
      Executed DbCommand (21ms) [Parameters=[], CommandType='Text', CommandTimeout='30']
      SELECT [s].[Id], [s].[CreationDate], [s].[Number], [s].[OfferId], [s].[StatusId]
      FROM [ServiceNumber] AS [s]
      WHERE (DATEPART(year, [s].[CreationDate]) = DATEPART(year, GETDATE())) AND (DATEPART(month, [s].[CreationDate]) = 9)
info: Microsoft.EntityFrameworkCore.Database.Command[20101]
      Executed DbCommand (24ms) [Parameters=[], CommandType='Text', CommandTimeout='30']
      SELECT [s].[Id], [s].[CreationDate], [s].[Number], [s].[OfferId], [s].[StatusId]
      FROM [ServiceNumber] AS [s]
      WHERE (DATEPART(year, [s].[CreationDate]) = DATEPART(year, GETDATE())) AND (DATEPART(month, [s].[CreationDate]) = 10)
info: Microsoft.EntityFrameworkCore.Database.Command[20101]
      Executed DbCommand (2ms) [Parameters=[], CommandType='Text', CommandTimeout='30']
      SELECT [s].[Id], [s].[CreationDate], [s].[Number], [s].[OfferId], [s].[StatusId]
      FROM [ServiceNumber] AS [s]
      WHERE (DATEPART(year, [s].[CreationDate]) = DATEPART(year, GETDATE())) AND (DATEPART(month, [s].[CreationDate]) = 11)
info: Microsoft.EntityFrameworkCore.Database.Command[20101]
      Executed DbCommand (16ms) [Parameters=[], CommandType='Text', CommandTimeout='30']
      SELECT [s].[Id], [s].[CreationDate], [s].[Number], [s].[OfferId], [s].[StatusId]
      FROM [ServiceNumber] AS [s]
      WHERE (DATEPART(year, [s].[CreationDate]) = DATEPART(year, GETDATE())) AND (DATEPART(month, [s].[CreationDate]) = 12)
info: Microsoft.AspNetCore.Mvc.ViewFeatures.ViewResultExecutor[4]
      Executed ViewResult - view Index executed in 1041.9553ms.
info: Microsoft.AspNetCore.Mvc.Infrastructure.ControllerActionInvoker[2]
      Executed action WePayOffer.Portal.Controllers.HomeController.Index (WePayOffer.Portal) in 1042.216ms
info: Microsoft.AspNetCore.Routing.EndpointMiddleware[1]
      Executed endpoint 'WePayOffer.Portal.Controllers.HomeController.Index (WePayOffer.Portal)'
info: Microsoft.AspNetCore.Hosting.Diagnostics[2]
      Request finished HTTP/2 GET https://localhost:44382/Home/Index - - - 200 - text/html;+charset=utf-8 1049.4734ms
info: Microsoft.AspNetCore.Hosting.Diagnostics[1]
      Request starting HTTP/2 GET https://localhost:44382/assets/css/style.css - -
info: Microsoft.AspNetCore.StaticFiles.StaticFileMiddleware[6]
      The file /assets/css/style.css was not modified
info: Microsoft.AspNetCore.Hosting.Diagnostics[2]
      Request finished HTTP/2 GET https://localhost:44382/assets/css/style.css - - - 304 - text/css 0.6550ms
info: Microsoft.AspNetCore.Hosting.Diagnostics[1]
      Request starting HTTP/2 GET https://localhost:44382/_framework/aspnetcore-browser-refresh.js - -
info: Microsoft.AspNetCore.Hosting.Diagnostics[1]
      Request starting HTTP/2 GET https://localhost:44382/_vs/browserLink - -
info: Microsoft.AspNetCore.Hosting.Diagnostics[2]
      Request finished HTTP/2 GET https://localhost:44382/_framework/aspnetcore-browser-refresh.js - - - 200 12004 application/javascript;+charset=utf-8 2.8732ms
info: Microsoft.AspNetCore.Hosting.Diagnostics[2]
      Request finished HTTP/2 GET https://localhost:44382/_vs/browserLink - - - 200 - text/javascript;+charset=UTF-8 39.1569ms
info: Microsoft.AspNetCore.Hosting.Diagnostics[1]
      Request starting HTTP/2 GET https://localhost:44382/Users/Index - -
info: Microsoft.AspNetCore.Routing.EndpointMiddleware[0]
      Executing endpoint 'WePayOffer.Portal.Controllers.UsersController.Index (WePayOffer.Portal)'
info: Microsoft.AspNetCore.Mvc.Infrastructure.ControllerActionInvoker[3]
      Route matched with {action = "Index", controller = "Users"}. Executing controller action with signature Microsoft.AspNetCore.Mvc.IActionResult Index() on controller WePayOffer.Portal.Controllers.UsersController (WePayOffer.Portal).
info: Microsoft.AspNetCore.Mvc.ViewFeatures.ViewResultExecutor[1]
      Executing ViewResult, running view Index.
info: Microsoft.EntityFrameworkCore.Infrastructure[10403]
      Entity Framework Core 6.0.9 initialized 'ApplicationContext' using provider 'Microsoft.EntityFrameworkCore.SqlServer:6.0.9' with options: None
info: Microsoft.AspNetCore.Mvc.ViewFeatures.ViewResultExecutor[4]
      Executed ViewResult - view Index executed in 11.3349ms.
info: Microsoft.AspNetCore.Mvc.Infrastructure.ControllerActionInvoker[2]
      Executed action WePayOffer.Portal.Controllers.UsersController.Index (WePayOffer.Portal) in 86.4701ms
info: Microsoft.AspNetCore.Routing.EndpointMiddleware[1]
      Executed endpoint 'WePayOffer.Portal.Controllers.UsersController.Index (WePayOffer.Portal)'
info: Microsoft.AspNetCore.Hosting.Diagnostics[2]
      Request finished HTTP/2 GET https://localhost:44382/Users/Index - - - 200 - text/html;+charset=utf-8 91.0604ms
info: Microsoft.AspNetCore.Hosting.Diagnostics[1]
      Request starting HTTP/2 GET https://localhost:44382/_framework/aspnetcore-browser-refresh.js - -
info: Microsoft.AspNetCore.Hosting.Diagnostics[2]
      Request finished HTTP/2 GET https://localhost:44382/_framework/aspnetcore-browser-refresh.js - - - 200 12004 application/javascript;+charset=utf-8 0.7974ms
info: Microsoft.AspNetCore.Hosting.Diagnostics[1]
      Request starting HTTP/2 GET https://localhost:44382/lib/UsersDatatable.js - -
info: Microsoft.AspNetCore.Hosting.Diagnostics[1]
      Request starting HTTP/2 GET https://localhost:44382/_vs/browserLink - -
info: Microsoft.AspNetCore.StaticFiles.StaticFileMiddleware[6]
      The file /lib/UsersDatatable.js was not modified
info: Microsoft.AspNetCore.Hosting.Diagnostics[2]
      Request finished HTTP/2 GET https://localhost:44382/lib/UsersDatatable.js - - - 304 - application/javascript 0.4829ms
info: Microsoft.AspNetCore.Hosting.Diagnostics[2]
      Request finished HTTP/2 GET https://localhost:44382/_vs/browserLink - - - 200 - text/javascript;+charset=UTF-8 22.6129ms
info: Microsoft.AspNetCore.Hosting.Diagnostics[1]
      Request starting HTTP/2 POST https://localhost:44382/Users/Filter application/x-www-form-urlencoded;+charset=UTF-8 1433
info: Microsoft.AspNetCore.Routing.EndpointMiddleware[0]
      Executing endpoint 'WePayOffer.Portal.Controllers.UsersController.Filter (WePayOffer.Portal)'
info: Microsoft.AspNetCore.Mvc.Infrastructure.ControllerActionInvoker[3]
      Route matched with {action = "Filter", controller = "Users"}. Executing controller action with signature Microsoft.AspNetCore.Mvc.IActionResult Filter(WePayOffer.BL.Models.FilterVM) on controller WePayOffer.Portal.Controllers.UsersController (WePayOffer.Portal).
info: Microsoft.EntityFrameworkCore.Infrastructure[10403]
      Entity Framework Core 6.0.9 initialized 'ApplicationContext' using provider 'Microsoft.EntityFrameworkCore.SqlServer:6.0.9' with options: None
info: Microsoft.EntityFrameworkCore.Database.Command[20101]
      Executed DbCommand (5ms) [Parameters=[@__searchValue_0='?' (Size = 256)], CommandType='Text', CommandTimeout='30']
      SELECT [a].[Id], [a].[AccessFailedCount], [a].[ConcurrencyStamp], [a].[CreatedBy], [a].[CreatedOn], [a].[Email], [a].[EmailConfirmed], [a].[FullName], [a].[IsDeleted], [a].[LockoutEnabled], [a].[LockoutEnd], [a].[NormalizedEmail], [a].[NormalizedUserName], [a].[PasswordHash], [a].[PhoneNumber], [a].[PhoneNumberConfirmed], [a].[SecurityStamp], [a].[TwoFactorEnabled], [a].[UserName], [a0].[Id], [a0].[AccessFailedCount], [a0].[ConcurrencyStamp], [a0].[CreatedBy], [a0].[CreatedOn], [a0].[Email], [a0].[EmailConfirmed], [a0].[FullName], [a0].[IsDeleted], [a0].[LockoutEnabled], [a0].[LockoutEnd], [a0].[NormalizedEmail], [a0].[NormalizedUserName], [a0].[PasswordHash], [a0].[PhoneNumber], [a0].[PhoneNumberConfirmed], [a0].[SecurityStamp], [a0].[TwoFactorEnabled], [a0].[UserName]
      FROM [AspNetUsers] AS [a]
      LEFT JOIN [AspNetUsers] AS [a0] ON [a].[CreatedBy] = [a0].[Id]
      WHERE (((@__searchValue_0 LIKE N'') OR (CHARINDEX(@__searchValue_0, [a].[UserName]) > 0)) OR ((@__searchValue_0 LIKE N'') OR (CHARINDEX(@__searchValue_0, [a].[FullName]) > 0))) AND ([a].[IsDeleted] = CAST(0 AS bit))
      ORDER BY [a].[Id]
info: Microsoft.AspNetCore.Mvc.Infrastructure.ObjectResultExecutor[1]
      Executing OkObjectResult, writing value of type '<>f__AnonymousType0`3[[System.Int32, System.Private.CoreLib, Version=6.0.0.0, Culture=neutral, PublicKeyToken=7cec85d7bea7798e],[System.Int32, System.Private.CoreLib, Version=6.0.0.0, Culture=neutral, PublicKeyToken=7cec85d7bea7798e],[System.Linq.IOrderedEnumerable`1[[WePayOffer.BL.Models.ApplicationUserVM, WePayOffer.BL, Version=1.0.0.0, Culture=neutral, PublicKeyToken=null]], System.Linq, Version=6.0.0.0, Culture=neutral, PublicKeyToken=b03f5f7f11d50a3a]]'.
info: Microsoft.AspNetCore.Mvc.Infrastructure.ControllerActionInvoker[2]
      Executed action WePayOffer.Portal.Controllers.UsersController.Filter (WePayOffer.Portal) in 548.5779ms
info: Microsoft.AspNetCore.Routing.EndpointMiddleware[1]
      Executed endpoint 'WePayOffer.Portal.Controllers.UsersController.Filter (WePayOffer.Portal)'
info: Microsoft.AspNetCore.Hosting.Diagnostics[2]
      Request finished HTTP/2 POST https://localhost:44382/Users/Filter application/x-www-form-urlencoded;+charset=UTF-8 1433 - 200 - application/json;+charset=utf-8 557.6736ms
info: Microsoft.AspNetCore.Hosting.Diagnostics[1]
      Request starting HTTP/2 GET https://localhost:44382/Home/Index - -
info: Microsoft.AspNetCore.Routing.EndpointMiddleware[0]
      Executing endpoint 'WePayOffer.Portal.Controllers.HomeController.Index (WePayOffer.Portal)'
info: Microsoft.AspNetCore.Mvc.Infrastructure.ControllerActionInvoker[3]
      Route matched with {action = "Index", controller = "Home"}. Executing controller action with signature Microsoft.AspNetCore.Mvc.IActionResult Index() on controller WePayOffer.Portal.Controllers.HomeController (WePayOffer.Portal).
info: Microsoft.AspNetCore.Mvc.ViewFeatures.ViewResultExecutor[1]
      Executing ViewResult, running view Index.
info: Microsoft.EntityFrameworkCore.Infrastructure[10403]
      Entity Framework Core 6.0.9 initialized 'ApplicationContext' using provider 'Microsoft.EntityFrameworkCore.SqlServer:6.0.9' with options: None
info: Microsoft.EntityFrameworkCore.Database.Command[20101]
      Executed DbCommand (4ms) [Parameters=[], CommandType='Text', CommandTimeout='30']
      SELECT COUNT(*)
      FROM [ServiceNumber] AS [s]
      WHERE [s].[StatusId] = 1
info: Microsoft.EntityFrameworkCore.Database.Command[20101]
      Executed DbCommand (0ms) [Parameters=[], CommandType='Text', CommandTimeout='30']
      SELECT COUNT(*)
      FROM [ServiceNumber] AS [s]
      WHERE [s].[StatusId] = 4
info: Microsoft.EntityFrameworkCore.Database.Command[20101]
      Executed DbCommand (0ms) [Parameters=[], CommandType='Text', CommandTimeout='30']
      SELECT COUNT(*)
      FROM [ServiceNumber] AS [s]
      WHERE [s].[StatusId] = 3
info: Microsoft.EntityFrameworkCore.Database.Command[20101]
      Executed DbCommand (0ms) [Parameters=[], CommandType='Text', CommandTimeout='30']
      SELECT COUNT(*)
      FROM [ServiceNumber] AS [s]
      WHERE [s].[StatusId] = 2
info: Microsoft.EntityFrameworkCore.Database.Command[20101]
      Executed DbCommand (3ms) [Parameters=[], CommandType='Text', CommandTimeout='30']
      SELECT COUNT(*)
      FROM [ServiceNumber] AS [s]
info: Microsoft.EntityFrameworkCore.Database.Command[20101]
      Executed DbCommand (0ms) [Parameters=[], CommandType='Text', CommandTimeout='30']
      SELECT [s].[Id], [s].[CreationDate], [s].[Number], [s].[OfferId], [s].[StatusId]
      FROM [ServiceNumber] AS [s]
info: Microsoft.EntityFrameworkCore.Database.Command[20101]
      Executed DbCommand (20ms) [Parameters=[], CommandType='Text', CommandTimeout='30']
      SELECT [s].[Id], [s].[CreationDate], [s].[Number], [s].[OfferId], [s].[StatusId]
      FROM [ServiceNumber] AS [s]
      WHERE (DATEPART(year, [s].[CreationDate]) = DATEPART(year, GETDATE())) AND (DATEPART(month, [s].[CreationDate]) = 1)
info: Microsoft.EntityFrameworkCore.Database.Command[20101]
      Executed DbCommand (17ms) [Parameters=[], CommandType='Text', CommandTimeout='30']
      SELECT [s].[Id], [s].[CreationDate], [s].[Number], [s].[OfferId], [s].[StatusId]
      FROM [ServiceNumber] AS [s]
      WHERE (DATEPART(year, [s].[CreationDate]) = DATEPART(year, GETDATE())) AND (DATEPART(month, [s].[CreationDate]) = 2)
info: Microsoft.EntityFrameworkCore.Database.Command[20101]
      Executed DbCommand (18ms) [Parameters=[], CommandType='Text', CommandTimeout='30']
      SELECT [s].[Id], [s].[CreationDate], [s].[Number], [s].[OfferId], [s].[StatusId]
      FROM [ServiceNumber] AS [s]
      WHERE (DATEPART(year, [s].[CreationDate]) = DATEPART(year, GETDATE())) AND (DATEPART(month, [s].[CreationDate]) = 3)
info: Microsoft.EntityFrameworkCore.Database.Command[20101]
      Executed DbCommand (17ms) [Parameters=[], CommandType='Text', CommandTimeout='30']
      SELECT [s].[Id], [s].[CreationDate], [s].[Number], [s].[OfferId], [s].[StatusId]
      FROM [ServiceNumber] AS [s]
      WHERE (DATEPART(year, [s].[CreationDate]) = DATEPART(year, GETDATE())) AND (DATEPART(month, [s].[CreationDate]) = 4)
info: Microsoft.EntityFrameworkCore.Database.Command[20101]
      Executed DbCommand (19ms) [Parameters=[], CommandType='Text', CommandTimeout='30']
      SELECT [s].[Id], [s].[CreationDate], [s].[Number], [s].[OfferId], [s].[StatusId]
      FROM [ServiceNumber] AS [s]
      WHERE (DATEPART(year, [s].[CreationDate]) = DATEPART(year, GETDATE())) AND (DATEPART(month, [s].[CreationDate]) = 5)
info: Microsoft.EntityFrameworkCore.Database.Command[20101]
      Executed DbCommand (13ms) [Parameters=[], CommandType='Text', CommandTimeout='30']
      SELECT [s].[Id], [s].[CreationDate], [s].[Number], [s].[OfferId], [s].[StatusId]
      FROM [ServiceNumber] AS [s]
      WHERE (DATEPART(year, [s].[CreationDate]) = DATEPART(year, GETDATE())) AND (DATEPART(month, [s].[CreationDate]) = 6)
info: Microsoft.EntityFrameworkCore.Database.Command[20101]
      Executed DbCommand (22ms) [Parameters=[], CommandType='Text', CommandTimeout='30']
      SELECT [s].[Id], [s].[CreationDate], [s].[Number], [s].[OfferId], [s].[StatusId]
      FROM [ServiceNumber] AS [s]
      WHERE (DATEPART(year, [s].[CreationDate]) = DATEPART(year, GETDATE())) AND (DATEPART(month, [s].[CreationDate]) = 7)
info: Microsoft.EntityFrameworkCore.Database.Command[20101]
      Executed DbCommand (13ms) [Parameters=[], CommandType='Text', CommandTimeout='30']
      SELECT [s].[Id], [s].[CreationDate], [s].[Number], [s].[OfferId], [s].[StatusId]
      FROM [ServiceNumber] AS [s]
      WHERE (DATEPART(year, [s].[CreationDate]) = DATEPART(year, GETDATE())) AND (DATEPART(month, [s].[CreationDate]) = 8)
info: Microsoft.EntityFrameworkCore.Database.Command[20101]
      Executed DbCommand (21ms) [Parameters=[], CommandType='Text', CommandTimeout='30']
      SELECT [s].[Id], [s].[CreationDate], [s].[Number], [s].[OfferId], [s].[StatusId]
      FROM [ServiceNumber] AS [s]
      WHERE (DATEPART(year, [s].[CreationDate]) = DATEPART(year, GETDATE())) AND (DATEPART(month, [s].[CreationDate]) = 9)
info: Microsoft.EntityFrameworkCore.Database.Command[20101]
      Executed DbCommand (17ms) [Parameters=[], CommandType='Text', CommandTimeout='30']
      SELECT [s].[Id], [s].[CreationDate], [s].[Number], [s].[OfferId], [s].[StatusId]
      FROM [ServiceNumber] AS [s]
      WHERE (DATEPART(year, [s].[CreationDate]) = DATEPART(year, GETDATE())) AND (DATEPART(month, [s].[CreationDate]) = 10)
info: Microsoft.EntityFrameworkCore.Database.Command[20101]
      Executed DbCommand (1ms) [Parameters=[], CommandType='Text', CommandTimeout='30']
      SELECT [s].[Id], [s].[CreationDate], [s].[Number], [s].[OfferId], [s].[StatusId]
      FROM [ServiceNumber] AS [s]
      WHERE (DATEPART(year, [s].[CreationDate]) = DATEPART(year, GETDATE())) AND (DATEPART(month, [s].[CreationDate]) = 11)
info: Microsoft.EntityFrameworkCore.Database.Command[20101]
      Executed DbCommand (18ms) [Parameters=[], CommandType='Text', CommandTimeout='30']
      SELECT [s].[Id], [s].[CreationDate], [s].[Number], [s].[OfferId], [s].[StatusId]
      FROM [ServiceNumber] AS [s]
      WHERE (DATEPART(year, [s].[CreationDate]) = DATEPART(year, GETDATE())) AND (DATEPART(month, [s].[CreationDate]) = 12)
info: Microsoft.AspNetCore.Mvc.ViewFeatures.ViewResultExecutor[4]
      Executed ViewResult - view Index executed in 567.7661ms.
info: Microsoft.AspNetCore.Mvc.Infrastructure.ControllerActionInvoker[2]
      Executed action WePayOffer.Portal.Controllers.HomeController.Index (WePayOffer.Portal) in 567.9336ms
info: Microsoft.AspNetCore.Routing.EndpointMiddleware[1]
      Executed endpoint 'WePayOffer.Portal.Controllers.HomeController.Index (WePayOffer.Portal)'
info: Microsoft.AspNetCore.Hosting.Diagnostics[2]
      Request finished HTTP/2 GET https://localhost:44382/Home/Index - - - 200 - text/html;+charset=utf-8 572.3933ms
info: Microsoft.AspNetCore.Hosting.Diagnostics[1]
      Request starting HTTP/2 GET https://localhost:44382/_vs/browserLink - -
info: Microsoft.AspNetCore.Hosting.Diagnostics[1]
      Request starting HTTP/2 GET https://localhost:44382/_framework/aspnetcore-browser-refresh.js - -
info: Microsoft.AspNetCore.Hosting.Diagnostics[2]
      Request finished HTTP/2 GET https://localhost:44382/_framework/aspnetcore-browser-refresh.js - - - 200 12004 application/javascript;+charset=utf-8 0.7901ms
info: Microsoft.AspNetCore.Hosting.Diagnostics[2]
      Request finished HTTP/2 GET https://localhost:44382/_vs/browserLink - - - 200 - text/javascript;+charset=UTF-8 21.1000ms
info: Microsoft.AspNetCore.Hosting.Diagnostics[1]
      Request starting HTTP/2 POST https://localhost:44382/Account/LogOff application/x-www-form-urlencoded 225
info: Microsoft.AspNetCore.Routing.EndpointMiddleware[0]
      Executing endpoint 'WePayOffer.Portal.Controllers.AccountController.LogOff (WePayOffer.Portal)'
info: Microsoft.AspNetCore.Mvc.Infrastructure.ControllerActionInvoker[3]
      Route matched with {action = "LogOff", controller = "Account"}. Executing controller action with signature System.Threading.Tasks.Task`1[Microsoft.AspNetCore.Mvc.IActionResult] LogOff() on controller WePayOffer.Portal.Controllers.AccountController (WePayOffer.Portal).
info: Microsoft.AspNetCore.Authentication.Cookies.CookieAuthenticationHandler[11]
      AuthenticationScheme: Identity.Application signed out.
info: Microsoft.AspNetCore.Authentication.Cookies.CookieAuthenticationHandler[11]
      AuthenticationScheme: Identity.External signed out.
info: Microsoft.AspNetCore.Authentication.Cookies.CookieAuthenticationHandler[11]
      AuthenticationScheme: Identity.TwoFactorUserId signed out.
info: Microsoft.AspNetCore.Mvc.RedirectToActionResult[1]
      Executing RedirectResult, redirecting to /.
info: Microsoft.AspNetCore.Mvc.Infrastructure.ControllerActionInvoker[2]
      Executed action WePayOffer.Portal.Controllers.AccountController.LogOff (WePayOffer.Portal) in 2.6234ms
info: Microsoft.AspNetCore.Routing.EndpointMiddleware[1]
      Executed endpoint 'WePayOffer.Portal.Controllers.AccountController.LogOff (WePayOffer.Portal)'
info: Microsoft.AspNetCore.Hosting.Diagnostics[2]
      Request finished HTTP/2 POST https://localhost:44382/Account/LogOff application/x-www-form-urlencoded 225 - 302 - - 7.4601ms
info: Microsoft.AspNetCore.Hosting.Diagnostics[1]
      Request starting HTTP/2 GET https://localhost:44382/ - -
info: Microsoft.AspNetCore.Routing.EndpointMiddleware[0]
      Executing endpoint 'WePayOffer.Portal.Controllers.AccountController.Login (WePayOffer.Portal)'
info: Microsoft.AspNetCore.Mvc.Infrastructure.ControllerActionInvoker[3]
      Route matched with {action = "Login", controller = "Account"}. Executing controller action with signature Microsoft.AspNetCore.Mvc.IActionResult Login() on controller WePayOffer.Portal.Controllers.AccountController (WePayOffer.Portal).
info: Microsoft.AspNetCore.Mvc.ViewFeatures.ViewResultExecutor[1]
      Executing ViewResult, running view Login.
info: Microsoft.EntityFrameworkCore.Infrastructure[10403]
      Entity Framework Core 6.0.9 initialized 'ApplicationContext' using provider 'Microsoft.EntityFrameworkCore.SqlServer:6.0.9' with options: None
info: Microsoft.AspNetCore.Mvc.ViewFeatures.ViewResultExecutor[4]
      Executed ViewResult - view Login executed in 3.7559ms.
info: Microsoft.AspNetCore.Mvc.Infrastructure.ControllerActionInvoker[2]
      Executed action WePayOffer.Portal.Controllers.AccountController.Log